fixIter: 1**************************
init:
	-0.204064  0.695092
dst: 
	1.21857  0.0702246
jac:
-0.0213836    0.30403 -0.0547601
 -0.825788   -1.56876   0.933248
         0          0          0
jacP:
   -1.232  0.793005    1.1732
  1.69003 -0.870792  -1.28989
        0         0         0
df:
 -1.02138   0.30403
-0.825788  -2.56876
f:
  1.42263
-0.624867
h:
-1.20512
0.630671

fixIter: 2**************************
init:
	1.00106  0.0644207
dst: 
	0.802572  0.0890378
jac:
  -1.79159 -0.0027381   0.114139
 -0.846996  -0.160153 -0.0200755
        -0          0          0
jacP:
-0.0695913    1.96112    2.00413
  0.102482    1.48728    1.51503
         0          0          0
df:
  -2.79159 -0.0027381
 -0.846996   -1.16015
f:
-0.198484
0.0246171
h:
 0.0711725
-0.0731799

fixIter: 3**************************
init:
	0.929883  0.137601
dst: 
	1.09898  -0.100257
jac:
  0.181726   0.780372 0.00424358
 -0.377599 -0.0553476  0.0498834
         0          0          0
jacP:
-0.529371   1.45354   1.41658
  1.05948  0.997211 0.0565971
        0         0         0
df:
-0.818274  0.780372
-0.377599  -1.05535
f:
 0.169092
-0.237857
h:
0.00618727
  0.223169

fixIter: 4**************************
init:
	0.923696  -0.0855684
dst: 
	0.934581  0.131332
jac:
  -1.50398  0.0733632  -0.113729
  0.358705  -0.206735 -0.0114748
         0          0          0
jacP:
-0.292452   1.63524   1.67403
  0.27145  0.140711 -0.127247
        0         0         0
df:
 -2.50398 0.0733632
 0.358705  -1.20674
f:
0.0108854
 0.216901
h:
-0.00969788
  -0.182624

fixIter: 5**************************
init:
	0.933394  0.097056
dst: 
	0.906883  0.101246
jac:
  -1.18231  -0.125035   0.081042
  0.499869   -0.18786 -0.0991608
         0          0          0
jacP:
 -0.332189    1.37011     1.4509
  0.375825 0.00833352  -0.132686
         0          0          0
df:
 -2.18231 -0.125035
 0.499869  -1.18786
f:
-0.0265102
0.00418989
h:
0.0120591
0.0015474

fixIter: 6**************************
init:
	0.921335  0.0955086
dst: 
	0.920599  0.0952375
jac:
 -1.06195 -0.140503 0.0686737
 0.535655 -0.197135 -0.097113
        0         0         0
jacP:
 -0.339972    1.25343    1.34277
  0.440453 -0.0382891  -0.228705
         0          0          0
df:
 -2.06195 -0.140503
 0.535655  -1.19714
f:
-0.000735826
-0.000271146
h:
0.000331323
0.000374746

fixIter: 7**************************
init:
	0.921003  0.0951339
dst: 
	0.921003  0.0951339
jac:
  -1.05935  -0.140987  0.0680655
  0.535522  -0.197394 -0.0967488
         0          0          0
jacP:
 -0.340121    1.25072    1.34032
  0.441711 -0.0383939  -0.230432
         0          0          0
df:
 -2.05935 -0.140987
 0.535522  -1.19739
f:
-3.41616e-07
 6.92429e-08
h:
1.64799e-07
1.58766e-08

fixIter: 1**************************
init:
	0.921003  0.0951339
dst: 
	0.921672  0.0950177
jac:
  -1.05534  -0.141282  0.0676871
  0.538314  -0.197619 -0.0969678
         0          0          0
jacP:
 -0.339766    1.24689     1.3363
  0.444139 -0.0413536  -0.234373
         0          0          0
df:
 -2.05534 -0.141282
 0.538314  -1.19762
f:
 0.000668811
-0.000116135
h:
-0.000322114
-4.78144e-05

fixIter: 2**************************
init:
	0.921325  0.0951817
dst: 
	0.921325  0.0951817
jac:
  -1.05823  -0.140886  0.0679667
  0.538172  -0.197299 -0.0970986
         0          0          0
jacP:
 -0.339568    1.24967    1.33885
  0.442614 -0.0409395  -0.232605
         0          0          0
df:
 -2.05823 -0.140886
 0.538172   -1.1973
f:
-4.55559e-07
-1.44125e-08
h:
2.13929e-07
1.08196e-07

fixIter: 1**************************
init:
	0.921325  0.0951817
dst: 
	0.921993  0.0950644
jac:
  -1.05424  -0.141182  0.0675887
  0.540935  -0.197524 -0.0973152
         0          0          0
jacP:
 -0.339214    1.24586    1.33485
  0.445033 -0.0438684   -0.23651
         0          0          0
df:
 -2.05424 -0.141182
 0.540935  -1.19752
f:
 0.000667966
-0.000117297
h:
-0.000321902
-4.74575e-05

fixIter: 2**************************
init:
	0.921647  0.0952291
dst: 
	0.921647  0.0952291
jac:
  -1.05712  -0.140787  0.0678674
  0.540808  -0.197206 -0.0974472
         0          0          0
jacP:
 -0.339015    1.24862    1.33738
  0.443511 -0.0434696  -0.234763
         0          0          0
df:
 -2.05712 -0.140787
 0.540808  -1.19721
f:
-4.53551e-07
-1.20455e-08
h:
2.13199e-07
1.06369e-07

fixIter: 1**************************
init:
	0.921647  0.0952291
dst: 
	0.922314  0.0951108
jac:
  -1.05315  -0.141084  0.0674899
   0.54354  -0.197432 -0.0976613
         0          0          0
jacP:
 -0.338663    1.24482    1.33339
  0.445921 -0.0463679  -0.238631
         0          0          0
df:
 -2.05315 -0.141084
  0.54354  -1.19743
f:
 0.000667239
-0.000118364
h:
-0.000321741
-4.71968e-05

fixIter: 2**************************
init:
	0.921969  0.0952763
dst: 
	0.921969  0.0952763
jac:
  -1.05601  -0.140688  0.0677678
  0.543428  -0.197114 -0.0977946
         0          0          0
jacP:
 -0.338464    1.24758    1.33592
  0.444403 -0.0459845  -0.236904
         0          0          0
df:
 -2.05601 -0.140688
 0.543428  -1.19711
f:
-4.51659e-07
-9.68364e-09
h:
2.12522e-07
1.04563e-07

fixIter: 1**************************
init:
	0.921969  0.0952763
dst: 
	0.922636  0.0951569
jac:
  -1.05205  -0.140987  0.0673907
  0.546131  -0.197341 -0.0980062
         0          0          0
jacP:
 -0.338113    1.24379    1.33195
  0.446804 -0.0488525  -0.240737
         0          0          0
df:
 -2.05205 -0.140987
 0.546131  -1.19734
f:
 0.000666514
-0.000119423
h:
-0.000321579
-4.69381e-05

fixIter: 2**************************
init:
	0.922291  0.0953233
dst: 
	0.92229  0.0953233
jac:
  -1.05491  -0.140591  0.0676678
  0.546034  -0.197024 -0.0981408
         0          0          0
jacP:
 -0.337914    1.24653    1.33447
   0.44529 -0.0484841   -0.23903
         0          0          0
df:
 -2.05491 -0.140591
 0.546034  -1.19702
f:
-4.49776e-07
-7.35094e-09
h:
2.11847e-07
1.02777e-07

fixIter: 1**************************
init:
	0.922291  0.0953233
dst: 
	0.922956  0.0952028
jac:
 -1.05095 -0.140891 0.0672912
 0.548706 -0.197251  -0.09835
        0         0         0
jacP:
 -0.337565    1.24275     1.3305
  0.447681 -0.0513221  -0.242827
         0          0          0
df:
 -2.05095 -0.140891
 0.548706  -1.19725
f:
 0.000665791
-0.000120475
h:
-0.000321418
-4.66815e-05

fixIter: 2**************************
init:
	0.922612  0.0953699
dst: 
	0.922612  0.0953699
jac:
   -1.0538  -0.140495  0.0675676
  0.548624  -0.196936 -0.0984859
         0          0          0
jacP:
 -0.337366    1.24549    1.33301
  0.446171 -0.0509686  -0.241139
         0          0          0
df:
  -2.0538 -0.140495
 0.548624  -1.19694
f:
-4.47901e-07
 -5.0464e-09
h:
2.11174e-07
1.01009e-07

fixIter: 1**************************
init:
	0.922612  0.0953699
dst: 
	0.923277  0.0952484
jac:
  -1.04986  -0.140796  0.0671915
  0.551268  -0.197163 -0.0986927
         0          0          0
jacP:
 -0.337017    1.24172    1.32907
  0.448553 -0.0537768  -0.244901
         0          0          0
df:
 -2.04986 -0.140796
 0.551268  -1.19716
f:
 0.000665071
-0.000121519
h:
-0.000321258
-4.64269e-05

fixIter: 2**************************
init:
	0.922933  0.0954164
dst: 
	0.922933  0.0954164
jac:
   -1.0527  -0.140399  0.0674671
    0.5512  -0.196848 -0.0988298
         0          0          0
jacP:
 -0.336818    1.24445    1.33157
  0.447048 -0.0534381  -0.243233
         0          0          0
df:
  -2.0527 -0.140399
   0.5512  -1.19685
f:
-4.46036e-07
-2.76977e-09
h:
2.10504e-07
9.92602e-08

fixIter: 1**************************
init:
	0.922933  0.0954164
dst: 
	0.923598  0.0952938
jac:
  -1.04877  -0.140702  0.0670914
  0.553815  -0.197076 -0.0990342
         0          0          0
jacP:
 -0.336471    1.24069    1.32763
   0.44942 -0.0562169  -0.246961
         0          0          0
df:
 -2.04877 -0.140702
 0.553815  -1.19708
f:
 0.000664352
-0.000122555
h:
-0.000321098
-4.61742e-05

fixIter: 2**************************
init:
	0.923254  0.0954625
dst: 
	0.923254  0.0954625
jac:
  -1.05159  -0.140305  0.0673662
  0.553761  -0.196762 -0.0991726
         0          0          0
jacP:
 -0.336272    1.24341    1.33012
  0.447918 -0.0558928  -0.245312
         0          0          0
df:
 -2.05159 -0.140305
 0.553761  -1.19676
f:
 -4.4418e-07
-5.20687e-10
h:
2.09835e-07
9.75292e-08

fixIter: 1**************************
init:
	0.923254  0.0954625
dst: 
	0.923918  0.095339
jac:
  -1.04768  -0.140609   0.066991
  0.556347   -0.19699 -0.0993745
         0          0          0
jacP:
 -0.335926    1.23967     1.3262
  0.450282 -0.0586425  -0.249005
         0          0          0
df:
 -2.04768 -0.140609
 0.556347  -1.19699
f:
 0.000663635
-0.000123583
h:
-0.000320938
-4.59236e-05

fixIter: 2**************************
init:
	0.923575  0.0955085
dst: 
	0.923575  0.0955085
jac:
  -1.05049  -0.140212  0.0672651
  0.556308  -0.196678 -0.0995142
         0          0          0
jacP:
 -0.335726    1.24237    1.32868
  0.448784 -0.0583327  -0.247375
         0          0          0
df:
 -2.05049 -0.140212
 0.556308  -1.19668
f:
-4.42333e-07
 1.70108e-09
h:
2.09168e-07
9.58161e-08

fixIter: 1**************************
init:
	0.923575  0.0955085
dst: 
	0.924238  0.0953839
jac:
  -1.04659  -0.140517  0.0668903
  0.558865  -0.196906 -0.0997138
         0          0          0
jacP:
 -0.335382    1.23864    1.32478
  0.451139 -0.0610535  -0.251034
         0          0          0
df:
 -2.04659 -0.140517
 0.558865  -1.19691
f:
 0.000662921
-0.000124604
h:
-0.000320779
-4.56748e-05

fixIter: 2**************************
init:
	0.923896  0.0955541
dst: 
	0.923896  0.0955541
jac:
  -1.04939   -0.14012  0.0671636
   0.55884  -0.196595 -0.0998546
         0          0          0
jacP:
-0.335182   1.24133   1.32725
 0.449645 -0.060758 -0.249423
        0         0         0
df:
-2.04939 -0.14012
 0.55884 -1.19659
f:
-4.40494e-07
  3.8958e-09
h:
2.08504e-07
9.41209e-08

fixIter: 1**************************
init:
	0.923896  0.0955541
dst: 
	0.924558  0.0954285
jac:
  -1.0455 -0.140426 0.0667894
 0.561369 -0.196823 -0.100052
        0         0         0
jacP:
 -0.334839    1.23761    1.32335
  0.451991 -0.0634502  -0.253048
         0          0          0
df:
  -2.0455 -0.140426
 0.561369  -1.19682
f:
 0.000662209
-0.000125617
h:
-0.000320621
-4.54281e-05

fixIter: 2**************************
init:
	0.924217  0.0955996
dst: 
	0.924216  0.0955996
jac:
 -1.04829 -0.140029 0.0670619
 0.561358 -0.196513 -0.100194
        0         0         0
jacP:
 -0.334639     1.2403    1.32582
    0.4505 -0.0631688  -0.251456
         0          0          0
df:
 -2.04829 -0.140029
 0.561358  -1.19651
f:
-4.38665e-07
 6.06553e-09
h:
2.07842e-07
 9.2442e-08

fixIter: 1**************************
init:
	0.924217  0.0955996
dst: 
	0.924878  0.0954729
jac:
 -1.04441 -0.140337 0.0666881
 0.563859 -0.196742 -0.100389
        0         0         0
jacP:
 -0.334298    1.23659    1.32194
  0.452837 -0.0658326  -0.255047
         0          0          0
df:
 -2.04441 -0.140337
 0.563859  -1.19674
f:
 0.000661498
-0.000126623
h:
-0.000320462
-4.51832e-05

fixIter: 2**************************
init:
	0.924537  0.0956448
dst: 
	0.924537  0.0956448
jac:
  -1.0472 -0.139939 0.0669599
 0.563862 -0.196432 -0.100532
        0         0         0
jacP:
 -0.334098    1.23926    1.32439
  0.451351 -0.0655652  -0.253474
         0          0          0
df:
  -2.0472 -0.139939
 0.563862  -1.19643
f:
-4.36844e-07
 8.20839e-09
h:
2.07181e-07
9.07809e-08

fixIter: 1**************************
init:
	0.924537  0.0956448
dst: 
	0.925198  0.0955171
jac:
 -1.04333 -0.140248 0.0665865
 0.566335 -0.196661 -0.100725
        0         0         0
jacP:
 -0.333757    1.23557    1.32052
  0.453679 -0.0682009  -0.257032
         0          0          0
df:
 -2.04333 -0.140248
 0.566335  -1.19666
f:
  0.00066079
-0.000127622
h:
-0.000320305
-4.49402e-05

fixIter: 2**************************
init:
	0.924857  0.0956897
dst: 
	0.924857  0.0956897
jac:
  -1.0461 -0.139849 0.0668576
 0.566352 -0.196353 -0.100869
        0         0         0
jacP:
 -0.333557    1.23823    1.32297
  0.452196 -0.0679472  -0.255477
         0          0          0
df:
  -2.0461 -0.139849
 0.566352  -1.19635
f:
-4.35033e-07
 1.03251e-08
h:
2.06523e-07
8.91371e-08

fixIter: 1**************************
init:
	0.924857  0.0956897
dst: 
	0.925518  0.0955611
jac:
 -1.04224  -0.14016 0.0664847
 0.568797 -0.196582 -0.101059
        0         0         0
jacP:
 -0.333218    1.23455    1.31911
  0.454516 -0.0705551  -0.259002
         0          0          0
df:
-2.04224 -0.14016
0.568797 -1.19658
f:
 0.000660084
-0.000128613
h:
-0.000320147
-4.46991e-05

fixIter: 2**************************
init:
	0.925178  0.0957344
dst: 
	0.925177  0.0957344
jac:
 -1.04501 -0.139761  0.066755
 0.568828 -0.196275 -0.101205
        0         0         0
jacP:
 -0.333018     1.2372    1.32155
  0.453036 -0.0703151  -0.257466
         0          0          0
df:
 -2.04501 -0.139761
 0.568828  -1.19628
f:
-4.33229e-07
 1.24163e-08
h:
2.05867e-07
8.75102e-08

fixIter: 1**************************
init:
	0.925178  0.0957344
dst: 
	0.925837  0.0956048
jac:
 -1.04116 -0.140073 0.0663826
 0.571246 -0.196505 -0.101393
        0         0         0
jacP:
  -0.33268    1.23353    1.31771
  0.455348 -0.0728954  -0.260958
         0          0          0
df:
 -2.04116 -0.140073
 0.571246   -1.1965
f:
  0.00065938
-0.000129597
h:
 -0.00031999
-4.44599e-05

fixIter: 2**************************
init:
	0.925498  0.0957789
dst: 
	0.925497  0.0957789
jac:
 -1.04392 -0.139674 0.0666521
 0.571289 -0.196199  -0.10154
        0         0         0
jacP:
 -0.332479    1.23617    1.32014
  0.453872 -0.0726689   -0.25944
         0          0          0
df:
 -2.04392 -0.139674
 0.571289   -1.1962
f:
-4.31435e-07
 1.44822e-08
h:
2.05212e-07
   8.59e-08

fixIter: 1**************************
init:
	0.925498  0.0957789
dst: 
	0.926156  0.0956483
jac:
 -1.04008 -0.139987 0.0662802
 0.573681 -0.196428 -0.101726
        0         0         0
jacP:
 -0.332143    1.23251    1.31631
  0.456175 -0.0752219    -0.2629
         0          0          0
df:
 -2.04008 -0.139987
 0.573681  -1.19643
f:
 0.000658678
-0.000130574
h:
-0.000319834
-4.42225e-05

fixIter: 2**************************
init:
	0.925817  0.0958231
dst: 
	0.925817  0.0958231
jac:
 -1.04283 -0.139588 0.0665489
 0.573737 -0.196123 -0.101874
        0         0         0
jacP:
 -0.331942    1.23515    1.31873
  0.454702 -0.0750087  -0.261399
         0          0          0
df:
 -2.04283 -0.139588
 0.573737  -1.19612
f:
-4.29649e-07
  1.6523e-08
h:
 2.0456e-07
8.43063e-08

fixIter: 1**************************
init:
	0.925817  0.0958231
dst: 
	0.926475  0.0956915
jac:
   -1.039 -0.139902 0.0661775
 0.576102 -0.196353 -0.102057
        0         0         0
jacP:
 -0.331607     1.2315    1.31491
  0.456997 -0.0775347  -0.264827
         0          0          0
df:
   -2.039 -0.139902
 0.576102  -1.19635
f:
 0.000657978
-0.000131543
h:
-0.000319678
 -4.3987e-05

fixIter: 2**************************
init:
	0.926137  0.0958671
dst: 
	0.926137  0.0958671
jac:
 -1.04174 -0.139503 0.0664455
 0.576172 -0.196049 -0.102206
        0         0         0
jacP:
 -0.331406    1.23412    1.31732
  0.455528 -0.0773347  -0.263344
         0          0          0
df:
 -2.04174 -0.139503
 0.576172  -1.19605
f:
-4.27872e-07
 1.85391e-08
h:
 2.0391e-07
8.27291e-08

fixIter: 1**************************
init:
	0.926137  0.0958671
dst: 
	0.926794  0.0957346
jac:
 -1.03793 -0.139818 0.0660746
  0.57851 -0.196279 -0.102387
        0         0         0
jacP:
 -0.331072    1.23048    1.31352
  0.457814 -0.0798338  -0.266741
         0          0          0
df:
 -2.03793 -0.139818
  0.57851  -1.19628
f:
 0.000657281
-0.000132506
h:
-0.000319522
-4.37532e-05

fixIter: 2**************************
init:
	0.926457  0.0959108
dst: 
	0.926456  0.0959108
jac:
 -1.04065 -0.139419 0.0663418
 0.578592 -0.195976 -0.102538
        0         0         0
jacP:
 -0.330871     1.2331    1.31592
  0.456349 -0.0796468  -0.265275
         0          0          0
df:
 -2.04065 -0.139419
 0.578592  -1.19598
f:
-4.26103e-07
 2.05308e-08
h:
2.03262e-07
 8.1168e-08

fixIter: 1**************************
init:
	0.926457  0.0959108
dst: 
	0.927113  0.0957774
jac:
 -1.03685 -0.139735 0.0659713
 0.580904 -0.196206 -0.102717
        0         0         0
jacP:
 -0.330539    1.22947    1.31213
  0.458626 -0.0821194   -0.26864
         0          0          0
df:
 -2.03685 -0.139735
 0.580904  -1.19621
f:
 0.000656585
-0.000133461
h:
-0.000319367
-4.35213e-05

fixIter: 2**************************
init:
	0.926776  0.0959543
dst: 
	0.926776  0.0959544
jac:
 -1.03956 -0.139336 0.0662378
 0.580999 -0.195905 -0.102868
        0         0         0
jacP:
 -0.330338    1.23208    1.31452
  0.457165 -0.0819453  -0.267192
         0          0          0
df:
 -2.03956 -0.139336
 0.580999   -1.1959
f:
-4.24343e-07
 2.24999e-08
h:
2.02616e-07
7.96217e-08

fixIter: 1**************************
init:
	0.926776  0.0959543
dst: 
	0.927432  0.0958199
jac:
 -1.03578 -0.139653 0.0658678
 0.583285 -0.196135 -0.103045
        0         0         0
jacP:
 -0.330007    1.22846    1.31074
  0.459434 -0.0843916  -0.270526
         0          0          0
df:
 -2.03578 -0.139653
 0.583285  -1.19613
f:
0.000655891
-0.00013441
h:
-0.000319213
-4.32911e-05

fixIter: 2**************************
init:
	0.927095  0.0959976
dst: 
	0.927095  0.0959977
jac:
 -1.03848 -0.139254 0.0661336
 0.583393 -0.195834 -0.103197
        0         0         0
jacP:
 -0.329805    1.23106    1.31313
  0.457976 -0.0842302  -0.269095
         0          0          0
df:
 -2.03848 -0.139254
 0.583393  -1.19583
f:
-4.22592e-07
 2.44447e-08
h:
2.01973e-07
7.80917e-08

fixIter: 1**************************
init:
	0.927095  0.0959976
dst: 
	0.92775  0.0958623
jac:
  -1.0347 -0.139572 0.0657641
 0.585653 -0.196065 -0.103372
        0         0         0
jacP:
 -0.329475    1.22745    1.30936
  0.460237 -0.0866505  -0.272398
         0          0          0
df:
  -2.0347 -0.139572
 0.585653  -1.19606
f:
   0.0006552
-0.000135352
h:
-0.000319058
-4.30627e-05

fixIter: 2**************************
init:
	0.927414  0.0960407
dst: 
	0.927414  0.0960407
jac:
  -1.0374 -0.139172 0.0660291
 0.585774 -0.195765 -0.103526
        0         0         0
jacP:
 -0.329274    1.23004    1.31174
  0.458783 -0.0865017  -0.270984
         0          0          0
df:
  -2.0374 -0.139172
 0.585774  -1.19576
f:
-4.20849e-07
 2.63657e-08
h:
2.01331e-07
7.65774e-08

fixIter: 1**************************
init:
	0.927414  0.0960407
dst: 
	0.928069  0.0959044
jac:
 -1.03363 -0.139492 0.0656601
 0.588008 -0.195995 -0.103698
        0         0         0
jacP:
 -0.328945    1.22644    1.30799
  0.461036 -0.0888961  -0.274256
         0          0          0
df:
 -2.03363 -0.139492
 0.588008    -1.196
f:
  0.00065451
-0.000136287
h:
-0.000318905
-4.28361e-05

fixIter: 2**************************
init:
	0.927733  0.0960835
dst: 
	0.927733  0.0960836
jac:
 -1.03632 -0.139092 0.0659244
 0.588141 -0.195697 -0.103853
        0         0         0
jacP:
 -0.328744    1.22902    1.31036
  0.459585 -0.0887598  -0.272859
         0          0          0
df:
 -2.03632 -0.139092
 0.588141   -1.1957
f:
-4.19114e-07
 2.82635e-08
h:
2.00691e-07
7.50786e-08

fixIter: 1**************************
init:
	0.927733  0.0960835
dst: 
	0.928387  0.0959463
jac:
 -1.03256 -0.139413 0.0655558
  0.59035 -0.195927 -0.104023
        0         0         0
jacP:
 -0.328416    1.22544    1.30661
   0.46183 -0.0911286  -0.276101
         0          0          0
df:
 -2.03256 -0.139413
  0.59035  -1.19593
f:
 0.000653822
-0.000137215
h:
-0.000318751
-4.26112e-05

fixIter: 2**************************
init:
	0.928052  0.0961261
dst: 
	0.928051  0.0961262
jac:
 -1.03524 -0.139013 0.0658194
 0.590495  -0.19563 -0.104179
        0         0         0
jacP:
 -0.328215      1.228    1.30898
  0.460382 -0.0910047  -0.274721
         0          0          0
df:
 -2.03524 -0.139013
 0.590495  -1.19563
f:
-4.17388e-07
 3.01384e-08
h:
2.00054e-07
7.35949e-08

fixIter: 1**************************
init:
	0.928052  0.0961261
dst: 
	0.928705  0.095988
jac:
  -1.0315 -0.139335 0.0654513
 0.592679  -0.19586 -0.104347
        0         0         0
jacP:
 -0.327889    1.22443    1.30525
  0.462619 -0.0933481  -0.277933
         0          0          0
df:
  -2.0315 -0.139335
 0.592679  -1.19586
f:
 0.000653137
-0.000138136
h:
-0.000318598
 -4.2388e-05

fixIter: 2**************************
init:
	0.928371  0.0961685
dst: 
	0.92837  0.0961686
jac:
 -1.03416 -0.138934 0.0657141
 0.592836 -0.195564 -0.104504
        0         0         0
jacP:
 -0.327687    1.22699     1.3076
  0.461174 -0.0932363  -0.276569
         0          0          0
df:
 -2.03416 -0.138934
 0.592836  -1.19556
f:
-4.1567e-07
3.19906e-08
h:
1.99418e-07
7.21264e-08

fixIter: 1**************************
init:
	0.928371  0.0961685
dst: 
	0.929023  0.0960295
jac:
 -1.03043 -0.139257 0.0653465
 0.594995 -0.195794  -0.10467
        0         0         0
jacP:
 -0.327362    1.22343    1.30388
  0.463404 -0.0955546  -0.279751
         0          0          0
df:
 -2.03043 -0.139257
 0.594995  -1.19579
f:
 0.000652453
-0.000139051
h:
-0.000318446
-4.21665e-05

fixIter: 2**************************
init:
	0.928689  0.0962107
dst: 
	0.928689  0.0962107
jac:
 -1.03308 -0.138857 0.0656086
 0.595164 -0.195499 -0.104828
        0         0         0
jacP:
  -0.32716    1.22598    1.30623
  0.461962 -0.0954549  -0.278404
         0          0          0
df:
 -2.03308 -0.138857
 0.595164   -1.1955
f:
-4.1396e-07
3.38204e-08
h:
1.98785e-07
7.06728e-08

fixIter: 1**************************
init:
	0.928689  0.0962107
dst: 
	0.929341  0.0960707
jac:
 -1.02936 -0.139181 0.0652415
 0.597298 -0.195729 -0.104991
        0         0         0
jacP:
 -0.326837    1.22243    1.30252
  0.464184 -0.0977483  -0.281557
         0          0          0
df:
 -2.02936 -0.139181
 0.597298  -1.19573
f:
 0.000651772
-0.000139959
h:
-0.000318294
-4.19467e-05

fixIter: 2**************************
init:
	0.929007  0.0962526
dst: 
	0.929007  0.0962527
jac:
 -1.03201 -0.138781 0.0655028
 0.597479 -0.195435 -0.105151
        0         0         0
jacP:
 -0.326634    1.22497    1.30486
  0.462746 -0.0976606  -0.280225
         0          0          0
df:
 -2.03201 -0.138781
 0.597479  -1.19544
f:
-4.12258e-07
 3.56279e-08
h:
1.98154e-07
 6.9234e-08

fixIter: 1**************************
init:
	0.929007  0.0962526
dst: 
	0.929658  0.0961118
jac:
  -1.0283 -0.139106 0.0651362
 0.599589 -0.195666 -0.105312
        0         0         0
jacP:
 -0.326313    1.22143    1.30117
  0.464959 -0.0999293  -0.283349
         0          0          0
df:
  -2.0283 -0.139106
 0.599589  -1.19567
f:
 0.000651092
-0.000140861
h:
-0.000318142
-4.17286e-05

fixIter: 2**************************
init:
	0.929325  0.0962944
dst: 
	0.929325  0.0962944
jac:
 -1.03094 -0.138705 0.0653968
 0.599782 -0.195373 -0.105472
        0         0         0
jacP:
  -0.32611    1.22396    1.30349
  0.463525 -0.0998533  -0.282034
         0          0          0
df:
 -2.03094 -0.138705
 0.599782  -1.19537
f:
-4.10565e-07
 3.74146e-08
h:
1.97525e-07
6.78089e-08

fixIter: 1**************************
init:
	0.929325  0.0962944
dst: 
	0.929976  0.0961526
jac:
 -1.02724 -0.139031 0.0650306
 0.601867 -0.195603 -0.105632
        0         0         0
jacP:
-0.325789   1.22043   1.29981
 0.465731 -0.102098 -0.285129
        0         0         0
df:
 -2.02724 -0.139031
 0.601867   -1.1956
f:
 0.000650415
-0.000141756
h:
-0.000317991
-4.15122e-05

fixIter: 2**************************
init:
	0.929643  0.0963359
dst: 
	0.929643  0.0963359
jac:
 -1.02987  -0.13863 0.0652906
 0.602071 -0.195311 -0.105793
        0         0         0
jacP:
-0.325587   1.22295   1.30213
 0.464299 -0.102033 -0.283829
        0         0         0
df:
-2.02987 -0.13863
0.602071 -1.19531
f:
-4.0888e-07
3.91799e-08
h:
1.96898e-07
6.63982e-08

fixIter: 1**************************
init:
	0.929643  0.0963359
dst: 
	0.930293  0.0961932
jac:
 -1.02618 -0.138958 0.0649249
 0.604133 -0.195542  -0.10595
        0         0         0
jacP:
-0.325267   1.21944   1.29846
 0.466497 -0.104253 -0.286895
        0         0         0
df:
 -2.02618 -0.138958
 0.604133  -1.19554
f:
 0.000649739
-0.000142645
h:
 -0.00031784
-4.12974e-05

fixIter: 2**************************
init:
	0.929961  0.0963772
dst: 
	0.929961  0.0963772
jac:
  -1.0288 -0.138557 0.0651841
 0.604348 -0.195251 -0.106113
        0         0         0
jacP:
-0.325065   1.22195   1.30078
 0.465069 -0.104201 -0.285612
        0         0         0
df:
  -2.0288 -0.138557
 0.604348  -1.19525
f:
-4.07203e-07
 4.09234e-08
h:
1.96273e-07
 6.5002e-08

fixIter: 1**************************
init:
	0.929961  0.0963772
dst: 
	0.93061  0.0962336
jac:
 -1.02512 -0.138885 0.0648189
 0.606386 -0.195481 -0.106268
        0         0         0
jacP:
-0.324747   1.21844   1.29712
  0.46726 -0.106397  -0.28865
        0         0         0
df:
 -2.02512 -0.138885
 0.606386  -1.19548
f:
 0.000649066
-0.000143527
h:
-0.000317689
-4.10842e-05

fixIter: 2**************************
init:
	0.930279  0.0964183
dst: 
	0.930279  0.0964183
jac:
 -1.02773 -0.138484 0.0650773
 0.606613 -0.195191 -0.106431
        0         0         0
jacP:
-0.324544   1.22094   1.29942
 0.465835 -0.106355 -0.287381
        0         0         0
df:
 -2.02773 -0.138484
 0.606613  -1.19519
f:
-4.05535e-07
 4.26457e-08
h:
 1.9565e-07
6.36199e-08

fixIter: 1**************************
init:
	0.930279  0.0964183
dst: 
	0.930927  0.0962739
jac:
 -1.02406 -0.138813 0.0647126
 0.608627 -0.195421 -0.106585
        0         0         0
jacP:
-0.324227   1.21745   1.29578
 0.468018 -0.108527 -0.290391
        0         0         0
df:
 -2.02406 -0.138813
 0.608627  -1.19542
f:
 0.000648394
-0.000144403
h:
 -0.00031754
-4.08726e-05

fixIter: 2**************************
init:
	0.930596  0.0964591
dst: 
	0.930596  0.0964592
jac:
 -1.02666 -0.138412 0.0649704
 0.608865 -0.195133 -0.106749
        0         0         0
jacP:
-0.324024   1.21994   1.29808
 0.466596 -0.108497 -0.289138
        0         0         0
df:
 -2.02666 -0.138412
 0.608865  -1.19513
f:
-4.03874e-07
 4.43473e-08
h:
1.95029e-07
6.22517e-08

fixIter: 1**************************
init:
	0.930596  0.0964591
dst: 
	0.931244  0.0963139
jac:
 -1.02301 -0.138742 0.0646062
 0.610856 -0.195363   -0.1069
        0         0         0
jacP:
-0.323708   1.21646   1.29444
 0.468772 -0.110646  -0.29212
        0         0         0
df:
 -2.02301 -0.138742
 0.610856  -1.19536
f:
 0.000647725
-0.000145273
h:
 -0.00031739
-4.06627e-05

fixIter: 2**************************
init:
	0.930914  0.0964998
dst: 
	0.930913  0.0964998
jac:
  -1.0256 -0.138341 0.0648632
 0.611105 -0.195075 -0.107066
        0         0         0
jacP:
-0.323505   1.21894   1.29673
 0.467353 -0.110627 -0.290883
        0         0         0
df:
  -2.0256 -0.138341
 0.611105  -1.19508
f:
-4.02221e-07
 4.60282e-08
h:
 1.9441e-07
6.08973e-08

fixIter: 1**************************
init:
	0.930914  0.0964998
dst: 
	0.931561  0.0963537
jac:
 -1.02196 -0.138672 0.0644994
 0.613073 -0.195305 -0.107215
        0         0         0
jacP:
-0.323191   1.21547   1.29311
 0.469521 -0.112752 -0.293837
        0         0         0
df:
 -2.02196 -0.138672
 0.613073  -1.19531
f:
 0.000647057
-0.000146137
h:
-0.000317241
-4.04543e-05

fixIter: 2**************************
init:
	0.931231  0.0965402
dst: 
	0.931231  0.0965403
jac:
 -1.02453 -0.138271 0.0647557
 0.613333 -0.195019 -0.107381
        0         0         0
jacP:
-0.322988   1.21794   1.29539
 0.468106 -0.112745 -0.292615
        0         0         0
df:
 -2.02453 -0.138271
 0.613333  -1.19502
f:
-4.00577e-07
 4.76888e-08
h:
1.93794e-07
5.95566e-08

fixIter: 1**************************
init:
	0.931231  0.0965402
dst: 
	0.931877  0.0963933
jac:
  -1.0209 -0.138603 0.0643925
 0.615277 -0.195249 -0.107528
        0         0         0
jacP:
-0.322675   1.21448   1.29178
 0.470267 -0.114847 -0.295541
        0         0         0
df:
  -2.0209 -0.138603
 0.615277  -1.19525
f:
 0.000646392
-0.000146994
h:
-0.000317092
-4.02475e-05

fixIter: 2**************************
init:
	0.931548  0.0965805
dst: 
	0.931548  0.0965805
jac:
 -1.02347 -0.138202 0.0646481
 0.615549 -0.194963 -0.107696
        0         0         0
jacP:
-0.322471   1.21694   1.29405
 0.468854  -0.11485 -0.294334
        0         0         0
df:
 -2.02347 -0.138202
 0.615549  -1.19496
f:
-3.9894e-07
4.93293e-08
h:
1.93179e-07
5.82293e-08

fixIter: 1**************************
init:
	0.931548  0.0965805
dst: 
	0.932194  0.0964327
jac:
 -1.01985 -0.138535 0.0642853
  0.61747 -0.195193 -0.107841
        0         0         0
jacP:
 -0.32216    1.2135   1.29046
 0.471008 -0.116929 -0.297234
        0         0         0
df:
 -2.01985 -0.138535
  0.61747  -1.19519
f:
 0.000645728
-0.000147845
h:
-0.000316944
-4.00423e-05

fixIter: 2**************************
init:
	0.931865  0.0966205
dst: 
	0.931865  0.0966206
jac:
 -1.02241 -0.138133 0.0645402
 0.617752 -0.194909 -0.108009
        0         0         0
jacP:
-0.321956   1.21595   1.29272
 0.469598 -0.116943 -0.296041
        0         0         0
df:
 -2.02241 -0.138133
 0.617752  -1.19491
f:
-3.97312e-07
 5.09501e-08
h:
1.92567e-07
5.69151e-08

fixIter: 1**************************
init:
	0.931865  0.0966205
dst: 
	0.93251  0.0964718
jac:
  -1.0188 -0.138467  0.064178
 0.619651 -0.195139 -0.108152
        0         0         0
jacP:
-0.321646   1.21251   1.28914
 0.471744 -0.118999 -0.298914
        0         0         0
df:
  -2.0188 -0.138467
 0.619651  -1.19514
f:
0.000645066
-0.00014869
h:
-0.000316796
-3.98386e-05

fixIter: 2**************************
init:
	0.932182  0.0966604
dst: 
	0.932182  0.0966604
jac:
 -1.02136 -0.138066 0.0644321
 0.619943 -0.194855 -0.108322
        0         0         0
jacP:
-0.321442   1.21496   1.29139
 0.470338 -0.119024 -0.297736
        0         0         0
df:
 -2.02136 -0.138066
 0.619943  -1.19486
f:
-3.95691e-07
 5.25525e-08
h:
1.91957e-07
5.56132e-08

fixIter: 1**************************
init:
	0.932182  0.0966604
dst: 
	0.932826  0.0965108
jac:
 -1.01776 -0.138401 0.0640704
  0.62182 -0.195085 -0.108463
        0         0         0
jacP:
-0.321133   1.21153   1.28782
 0.472477 -0.121058 -0.300582
        0         0         0
df:
 -2.01776 -0.138401
  0.62182  -1.19508
f:
0.000644406
-0.00014953
h:
-0.000316649
-3.96365e-05

fixIter: 2**************************
init:
	0.932499  0.0967
dst: 
	0.932498  0.0967001
jac:
  -1.0203 -0.137999 0.0643238
 0.622123 -0.194803 -0.108633
        0         0         0
jacP:
-0.320929   1.21396   1.29007
 0.471074 -0.121093 -0.299419
        0         0         0
df:
  -2.0203 -0.137999
 0.622123   -1.1948
f:
-3.94078e-07
 5.41346e-08
h:
1.91348e-07
 5.4325e-08

fixIter: 1**************************
init:
	0.932499  0.0967
dst: 
	0.933142  0.0965497
jac:
 -1.01671 -0.138335 0.0639625
 0.623977 -0.195032 -0.108772
        0         0         0
jacP:
-0.320621   1.21055   1.28651
 0.473206 -0.123105 -0.302239
        0         0         0
df:
 -2.01671 -0.138335
 0.623977  -1.19503
f:
 0.000643749
-0.000150363
h:
-0.000316502
-3.94359e-05

fixIter: 2**************************
init:
	0.932815  0.0967395
dst: 
	0.932815  0.0967395
jac:
 -1.01924 -0.137934 0.0642153
 0.624291 -0.194751 -0.108944
        0         0         0
jacP:
-0.320417   1.21297   1.28875
 0.471805  -0.12315  -0.30109
        0         0         0
df:
 -2.01924 -0.137934
 0.624291  -1.19475
f:
-3.92473e-07
 5.56976e-08
h:
1.90742e-07
5.30496e-08

fixIter: 1**************************
init:
	0.932815  0.0967395
dst: 
	0.933458  0.0965883
jac:
 -1.01567  -0.13827 0.0638545
 0.626123  -0.19498 -0.109081
        0         0         0
jacP:
-0.320111   1.20957    1.2852
  0.47393  -0.12514 -0.303884
        0         0         0
df:
-2.01567 -0.13827
0.626123 -1.19498
f:
0.000643093
-0.00015119
h:
-0.000316355
-3.92367e-05

fixIter: 2**************************
init:
	0.933131  0.0967787
dst: 
	0.933131  0.0967787
jac:
 -1.01819 -0.137869 0.0641065
 0.626447   -0.1947 -0.109253
        0         0         0
jacP:
-0.319906   1.21199   1.28743
 0.472533 -0.125195 -0.302749
        0         0         0
df:
 -2.01819 -0.137869
 0.626447   -1.1947
f:
-3.90875e-07
 5.72416e-08
h:
1.90138e-07
5.17869e-08

fixIter: 1**************************
init:
	0.933131  0.0967787
dst: 
	0.933774  0.0966267
jac:
 -1.01463 -0.138206 0.0637462
 0.628257 -0.194929 -0.109388
        0         0         0
jacP:
-0.319601   1.20859   1.28389
 0.474651 -0.127163 -0.305517
        0         0         0
df:
 -2.01463 -0.138206
 0.628257  -1.19493
f:
 0.000642439
-0.000152012
h:
-0.000316209
-3.90391e-05

fixIter: 2**************************
init:
	0.933448  0.0968177
dst: 
	0.933447  0.0968178
jac:
 -1.01714 -0.137805 0.0639976
 0.628591  -0.19465 -0.109562
        0         0         0
jacP:
-0.319397     1.211   1.28612
 0.473256 -0.127229 -0.304396
        0         0         0
df:
 -2.01714 -0.137805
 0.628591  -1.19465
f:
-3.89286e-07
  5.8767e-08
h:
1.89536e-07
5.05368e-08

fixIter: 1**************************
init:
	0.933448  0.0968177
dst: 
	0.934089  0.0966649
jac:
 -1.01359 -0.138143 0.0636378
  0.63038 -0.194879 -0.109695
        0         0         0
jacP:
-0.319093   1.20761   1.28259
 0.475367 -0.129175 -0.307138
        0         0         0
df:
 -2.01359 -0.138143
  0.63038  -1.19488
f:
 0.000641787
-0.000152827
h:
-0.000316064
 -3.8843e-05

fixIter: 2**************************
init:
	0.933764  0.0968566
dst: 
	0.933763  0.0968566
jac:
 -1.01609 -0.137742 0.0638884
 0.630724 -0.194602 -0.109869
        0         0         0
jacP:
-0.318889   1.21001   1.28481
 0.473975 -0.129251 -0.306032
        0         0         0
df:
 -2.01609 -0.137742
 0.630724   -1.1946
f:
-3.87704e-07
 6.02739e-08
h:
1.88937e-07
4.92991e-08

fixIter: 1**************************
init:
	0.933764  0.0968566
dst: 
	0.934405  0.0967029
jac:
 -1.01255 -0.138081 0.0635291
 0.632491  -0.19483     -0.11
        0         0         0
jacP:
-0.318586   1.20664   1.28129
 0.476079 -0.131175 -0.308748
        0         0         0
df:
 -2.01255 -0.138081
 0.632491  -1.19483
f:
 0.000641137
-0.000153637
h:
-0.000315918
-3.86483e-05

fixIter: 2**************************
init:
	0.93408  0.0968952
dst: 
	0.934079  0.0968953
jac:
 -1.01504 -0.137679  0.063779
 0.632845 -0.194553 -0.110175
        0         0         0
jacP:
-0.318381   1.20903    1.2835
 0.474691 -0.131262 -0.307656
        0         0         0
df:
 -2.01504 -0.137679
 0.632845  -1.19455
f:
-3.86129e-07
 6.17624e-08
h:
1.88339e-07
4.80738e-08

fixIter: 1**************************
init:
	0.93408  0.0968952
dst: 
	0.93472  0.0967408
jac:
 -1.01151  -0.13802 0.0634202
 0.634591 -0.194782 -0.110305
        0         0         0
jacP:
 -0.31808   1.20567      1.28
 0.476788 -0.133164 -0.310347
        0         0         0
df:
-2.01151 -0.13802
0.634591 -1.19478
f:
 0.000640489
-0.000154441
h:
-0.000315773
-3.84551e-05

fixIter: 2**************************
init:
	0.934395  0.0969337
dst: 
	0.934395  0.0969337
jac:
   -1.014 -0.137618 0.0636694
 0.634954 -0.194506 -0.110481
        0         0         0
jacP:
-0.317875   1.20805    1.2822
 0.475402  -0.13326 -0.309269
        0         0         0
df:
   -2.014 -0.137618
 0.634954  -1.19451
f:
-3.84562e-07
 6.32327e-08
h:
1.87743e-07
4.68608e-08

fixIter: 1**************************
init:
	0.934395  0.0969337
dst: 
	0.935035  0.0967784
jac:
 -1.01047 -0.137959 0.0633111
  0.63668 -0.194734 -0.110608
        0         0         0
jacP:
-0.317575   1.20469   1.27871
 0.477492 -0.135142 -0.311935
        0         0         0
df:
 -2.01047 -0.137959
  0.63668  -1.19473
f:
0.000639842
-0.00015524
h:
-0.000315629
-3.82634e-05

fixIter: 2**************************
init:
	0.934711  0.0969719
dst: 
	0.934711  0.096972
jac:
 -1.01295 -0.137557 0.0635597
 0.637053  -0.19446 -0.110785
        0         0         0
jacP:
 -0.31737   1.20707    1.2809
 0.476109 -0.135248  -0.31087
        0         0         0
df:
 -2.01295 -0.137557
 0.637053  -1.19446
f:
-3.83003e-07
  6.4686e-08
h:
1.87149e-07
4.56592e-08

fixIter: 1**************************
init:
	0.934711  0.0969719
dst: 
	0.93535  0.0968159
jac:
 -1.00944 -0.137899 0.0632018
 0.638757 -0.194688 -0.110911
        0         0         0
jacP:
-0.317072   1.20372   1.27742
 0.478193 -0.137109 -0.313511
        0         0         0
df:
 -2.00944 -0.137899
 0.638757  -1.19469
f:
 0.000639198
-0.000156033
h:
-0.000315485
 -3.8073e-05

fixIter: 2**************************
init:
	0.935027  0.09701
dst: 
	0.935026  0.0970101
jac:
 -1.01191 -0.137497 0.0634497
  0.63914 -0.194414 -0.111089
        0         0         0
jacP:
-0.316866   1.20609   1.27961
 0.476813 -0.137224  -0.31246
        0         0         0
df:
 -2.01191 -0.137497
  0.63914  -1.19441
f:
-3.81452e-07
  6.6122e-08
h:
1.86558e-07
4.44692e-08

fixIter: 1**************************
init:
	0.935027  0.09701
dst: 
	0.935665  0.0968532
jac:
 -1.00841  -0.13784 0.0630923
 0.640824 -0.194642 -0.111212
        0         0         0
jacP:
-0.316569   1.20276   1.27614
  0.47889 -0.139064 -0.315076
        0         0         0
df:
-2.00841 -0.13784
0.640824 -1.19464
f:
0.000638556
-0.00015682
h:
-0.000315341
-3.78841e-05

fixIter: 2**************************
init:
	0.935342  0.0970479
dst: 
	0.935341  0.097048
jac:
 -1.01087 -0.137438 0.0633395
 0.641216  -0.19437 -0.111392
        0         0         0
jacP:
-0.316364   1.20511   1.27832
 0.477512 -0.139189 -0.314038
        0         0         0
df:
 -2.01087 -0.137438
 0.641216  -1.19437
f:
-3.79908e-07
   6.754e-08
h:
1.85968e-07
4.32914e-08

fixIter: 1**************************
init:
	0.935342  0.0970479
dst: 
	0.93598  0.0968903
jac:
 -1.00738 -0.137782 0.0629826
 0.642879 -0.194597 -0.111513
        0         0         0
jacP:
-0.316068   1.20179   1.27486
 0.479582 -0.141009  -0.31663
        0         0         0
df:
 -2.00738 -0.137782
 0.642879   -1.1946
f:
 0.000637915
-0.000157602
h:
-0.000315198
-3.76966e-05

fixIter: 2**************************
init:
	0.935657  0.0970856
dst: 
	0.935657  0.0970857
jac:
 -1.00983  -0.13738 0.0632291
 0.643281 -0.194326 -0.111693
        0         0         0
jacP:
-0.315862   1.20414   1.27704
 0.478208 -0.141143 -0.315606
        0         0         0
df:
-2.00983 -0.13738
0.643281 -1.19433
f:
-3.78371e-07
 6.89407e-08
h:
1.85381e-07
4.21253e-08

fixIter: 1**************************
init:
	0.935657  0.0970856
dst: 
	0.936294  0.0969272
jac:
 -1.00635 -0.137725 0.0628728
 0.644923 -0.194553 -0.111813
        0         0         0
jacP:
-0.315567   1.20083   1.27359
 0.480271 -0.142942 -0.318174
        0         0         0
df:
 -2.00635 -0.137725
 0.644923  -1.19455
f:
 0.000637276
-0.000158378
h:
-0.000315055
-3.75106e-05

fixIter: 2**************************
init:
	0.935972  0.0971231
dst: 
	0.935972  0.0971232
jac:
 -1.00879 -0.137323 0.0631185
 0.645334 -0.194283 -0.111994
        0         0         0
jacP:
-0.315361   1.20316   1.27575
 0.478899 -0.143086 -0.317162
        0         0         0
df:
 -2.00879 -0.137323
 0.645334  -1.19428
f:
-3.76842e-07
 7.03245e-08
h:
1.84796e-07
4.09706e-08

fixIter: 1**************************
init:
	0.935972  0.0971231
dst: 
	0.936609  0.096964
jac:
 -1.00532 -0.137668 0.0627627
 0.646957 -0.194509 -0.112112
        0         0         0
jacP:
-0.315068   1.19986   1.27232
 0.480957 -0.144865 -0.319706
        0         0         0
df:
 -2.00532 -0.137668
 0.646957  -1.19451
f:
  0.00063664
-0.000159149
h:
-0.000314913
-3.73258e-05

fixIter: 2**************************
init:
	0.936287  0.0971604
dst: 
	0.936287  0.0971605
jac:
 -1.00775 -0.137266 0.0630078
 0.647377 -0.194241 -0.112293
        0         0         0
jacP:
-0.314862   1.20219   1.27447
 0.479587 -0.145018 -0.318708
        0         0         0
df:
 -2.00775 -0.137266
 0.647377  -1.19424
f:
-3.7532e-07
7.16913e-08
h:
1.84212e-07
3.98274e-08

fixIter: 1**************************
init:
	0.936287  0.0971604
dst: 
	0.936923  0.0970005
jac:
 -1.00429 -0.137613 0.0626524
  0.64898 -0.194467 -0.112409
        0         0         0
jacP:
 -0.31457    1.1989   1.27105
 0.481638 -0.146777 -0.321228
        0         0         0
df:
 -2.00429 -0.137613
  0.64898  -1.19447
f:
 0.000636005
-0.000159914
h:
-0.000314771
-3.71425e-05

fixIter: 2**************************
init:
	0.936602  0.0971976
dst: 
	0.936601  0.0971976
jac:
 -1.00672 -0.137211 0.0628968
 0.649409 -0.194199 -0.112592
        0         0         0
jacP:
-0.314364   1.20122    1.2732
 0.480272 -0.146939 -0.320242
        0         0         0
df:
 -2.00672 -0.137211
 0.649409   -1.1942
f:
-3.73805e-07
 7.30415e-08
h:
1.83631e-07
3.86955e-08

fixIter: 1**************************
init:
	0.936602  0.0971976
dst: 
	0.937237  0.0970369
jac:
 -1.00327 -0.137558  0.062542
 0.650992 -0.194425 -0.112706
        0         0         0
jacP:
-0.314073   1.19794   1.26979
 0.482316 -0.148678 -0.322739
        0         0         0
df:
 -2.00327 -0.137558
 0.650992  -1.19442
f:
 0.000635372
-0.000160675
h:
-0.000314629
-3.69605e-05

fixIter: 2**************************
init:
	0.936916  0.0972345
dst: 
	0.936916  0.0972346
jac:
 -1.00568 -0.137156 0.0627857
  0.65143 -0.194158  -0.11289
        0         0         0
jacP:
-0.313867   1.20026   1.27193
 0.480952 -0.148849 -0.321766
        0         0         0
df:
 -2.00568 -0.137156
  0.65143  -1.19416
f:
-3.72298e-07
 7.43753e-08
h:
1.83052e-07
3.75747e-08

fixIter: 1**************************
init:
	0.936916  0.0972345
dst: 
	0.937551  0.0970731
jac:
 -1.00225 -0.137504 0.0624313
 0.652993 -0.194384 -0.113002
        0         0         0
jacP:
-0.313577   1.19698   1.26853
  0.48299 -0.150568  -0.32424
        0         0         0
df:
 -2.00225 -0.137504
 0.652993  -1.19438
f:
 0.000634741
-0.000161429
h:
-0.000314488
-3.67799e-05

fixIter: 2**************************
init:
	0.937231  0.0972713
dst: 
	0.937231  0.0972714
jac:
 -1.00465 -0.137102 0.0626744
  0.65344 -0.194119 -0.113187
        0         0         0
jacP:
-0.313371   1.19929   1.27066
 0.481629 -0.150748 -0.323279
        0         0         0
df:
 -2.00465 -0.137102
  0.65344  -1.19412
f:
-3.70798e-07
 7.56926e-08
h:
1.82475e-07
3.64651e-08

fixIter: 1**************************
init:
	0.937231  0.0972713
dst: 
	0.937865  0.0971091
jac:
 -1.00123  -0.13745 0.0623205
 0.654984 -0.194344 -0.113297
        0         0         0
jacP:
-0.313082   1.19603   1.26727
  0.48366 -0.152448  -0.32573
        0         0         0
df:
-2.00123 -0.13745
0.654984 -1.19434
f:
 0.000634111
-0.000162179
h:
-0.000314348
-3.66006e-05

fixIter: 2**************************
init:
	0.937545  0.0973079
dst: 
	0.937545  0.097308
jac:
 -1.00362 -0.137048 0.0625629
  0.65544 -0.194079 -0.113483
        0         0         0
jacP:
-0.312876   1.19832    1.2694
 0.482301 -0.152637 -0.324782
        0         0         0
df:
 -2.00362 -0.137048
  0.65544  -1.19408
f:
-3.69305e-07
 7.69948e-08
h:
  1.819e-07
3.53657e-08

fixIter: 1**************************
init:
	0.937545  0.0973079
dst: 
	0.938179  0.097145
jac:
 -1.00021 -0.137398 0.0622095
 0.656964 -0.194304 -0.113591
        0         0         0
jacP:
-0.312589   1.19507   1.26602
 0.484327 -0.154317  -0.32721
        0         0         0
df:
 -2.00021 -0.137398
 0.656964   -1.1943
f:
 0.000633484
-0.000162923
h:
-0.000314207
-3.64227e-05

fixIter: 2**************************
init:
	0.937859  0.0973443
dst: 
	0.937859  0.0973444
jac:
  -1.0026 -0.136996 0.0624512
 0.657428 -0.194041 -0.113778
        0         0         0
jacP:
-0.312382   1.19736   1.26814
 0.482971 -0.154515 -0.326274
        0         0         0
df:
  -2.0026 -0.136996
 0.657428  -1.19404
f:
-3.6782e-07
7.82814e-08
h:
1.81327e-07
3.42768e-08

fixIter: 1**************************
init:
	0.937859  0.0973443
dst: 
	0.938492  0.0971807
jac:
-0.999189 -0.137346 0.0620983
 0.658934 -0.194265 -0.113885
        0         0         0
jacP:
-0.312096   1.19412   1.26477
  0.48499 -0.156176 -0.328679
        0         0         0
df:
 -1.99919 -0.137346
 0.658934  -1.19427
f:
 0.000632858
-0.000163662
h:
-0.000314067
 -3.6246e-05

fixIter: 2**************************
init:
	0.938174  0.0973806
dst: 
	0.938173  0.0973807
jac:
 -1.00157 -0.136944 0.0623393
 0.659407 -0.194003 -0.114072
        0         0         0
jacP:
-0.311889    1.1964   1.26688
 0.483636 -0.156383 -0.327756
        0         0         0
df:
 -2.00157 -0.136944
 0.659407    -1.194
f:
-3.66341e-07
 7.95515e-08
h:
1.80756e-07
3.31991e-08

fixIter: 1**************************
init:
	0.938174  0.0973806
dst: 
	0.938806  0.0972162
jac:
-0.998173 -0.137295 0.0619869
 0.660893 -0.194227 -0.114177
        0         0         0
jacP:
-0.311605   1.19317   1.26353
 0.485649 -0.158024 -0.330138
        0         0         0
df:
 -1.99817 -0.137295
 0.660893  -1.19423
f:
 0.000632234
-0.000164396
h:
-0.000313928
-3.60707e-05

fixIter: 2**************************
init:
	0.938487  0.0974166
dst: 
	0.938487  0.0974167
jac:
 -1.00055 -0.136893 0.0622273
 0.661375 -0.193966 -0.114365
        0         0         0
jacP:
-0.311398   1.19544   1.26563
 0.484298  -0.15824 -0.329227
        0         0         0
df:
 -2.00055 -0.136893
 0.661375  -1.19397
f:
-3.6487e-07
8.08062e-08
h:
1.80186e-07
 3.2132e-08

fixIter: 1**************************
init:
	0.938487  0.0974166
dst: 
	0.939119  0.0972515
jac:
-0.997158 -0.137245 0.0618754
 0.662842  -0.19419 -0.114468
        0         0         0
jacP:
-0.311115   1.19222   1.26228
 0.486305 -0.159863 -0.331587
        0         0         0
df:
 -1.99716 -0.137245
 0.662842  -1.19419
f:
 0.000631612
-0.000165125
h:
-0.000313789
-3.58967e-05

fixIter: 2**************************
init:
	0.938801  0.0974525
dst: 
	0.938801  0.0974526
jac:
-0.999522 -0.136843 0.0621151
 0.663332  -0.19393 -0.114657
        0         0         0
jacP:
-0.310907   1.19448   1.26438
 0.484957 -0.160086 -0.330688
        0         0         0
df:
 -1.99952 -0.136843
 0.663332  -1.19393
f:
-3.63406e-07
 8.20455e-08
h:
1.79619e-07
3.10754e-08

fixIter: 1**************************
init:
	0.938801  0.0974525
dst: 
	0.939432  0.0972867
jac:
-0.996146 -0.137195 0.0617637
 0.664781 -0.194153 -0.114758
        0         0         0
jacP:
-0.310625   1.19127   1.26105
 0.486957 -0.161691 -0.333026
        0         0         0
df:
 -1.99615 -0.137195
 0.664781  -1.19415
f:
 0.000630992
-0.000165849
h:
 -0.00031365
-3.57239e-05

fixIter: 2**************************
init:
	0.939115  0.0974883
dst: 
	0.939115  0.0974884
jac:
-0.998501 -0.136793 0.0620027
 0.665279 -0.193895 -0.114948
        0         0         0
jacP:
-0.310418   1.19353   1.26314
 0.485611 -0.161923 -0.332139
        0         0         0
df:
  -1.9985 -0.136793
 0.665279  -1.19389
f:
-3.61949e-07
 8.32697e-08
h:
1.79055e-07
3.00291e-08

fixIter: 1**************************
init:
	0.939115  0.0974883
dst: 
	0.939745  0.0973217
jac:
-0.995135 -0.137146 0.0616518
 0.666709 -0.194117 -0.115048
        0         0         0
jacP:
-0.310137   1.19032   1.25981
 0.487606 -0.163508 -0.334455
        0         0         0
df:
 -1.99513 -0.137146
 0.666709  -1.19412
f:
 0.000630374
-0.000166567
h:
-0.000313512
-3.55524e-05

fixIter: 2**************************
init:
	0.939428  0.0975238
dst: 
	0.939428  0.0975239
jac:
-0.997482 -0.136744 0.0618901
 0.667216  -0.19386 -0.115238
        0         0         0
jacP:
 -0.30993   1.19257   1.26189
 0.486263 -0.163749  -0.33358
        0         0         0
df:
 -1.99748 -0.136744
 0.667216  -1.19386
f:
-3.60498e-07
 8.44788e-08
h:
1.78492e-07
2.89931e-08

fixIter: 1**************************
init:
	0.939428  0.0975238
dst: 
	0.940058  0.0973565
jac:
-0.994125 -0.137098 0.0615397
 0.668628 -0.194082 -0.115337
        0         0         0
jacP:
 -0.30965   1.18938   1.25858
 0.488251 -0.165316 -0.335874
        0         0         0
df:
 -1.99413 -0.137098
 0.668628  -1.19408
f:
 0.000629757
-0.000167281
h:
-0.000313374
-3.53822e-05

fixIter: 2**************************
init:
	0.939742  0.0975592
dst: 
	0.939741  0.0975593
jac:
-0.996464 -0.136696 0.0617774
 0.669143 -0.193826 -0.115528
        0         0         0
jacP:
-0.309443   1.19162   1.26066
  0.48691 -0.165564 -0.335011
        0         0         0
df:
 -1.99646 -0.136696
 0.669143  -1.19383
f:
-3.59055e-07
 8.56731e-08
h:
1.77931e-07
2.79672e-08

fixIter: 1**************************
init:
	0.939742  0.0975592
dst: 
	0.940371  0.0973912
jac:
-0.993117 -0.137051 0.0614275
 0.670536 -0.194047 -0.115624
        0         0         0
jacP:
-0.309165   1.18844   1.25735
 0.488893 -0.167114 -0.337284
        0         0         0
df:
 -1.99312 -0.137051
 0.670536  -1.19405
f:
0.000629143
-0.00016799
h:
-0.000313236
-3.52133e-05

fixIter: 2**************************
init:
	0.940055  0.0975944
dst: 
	0.940055  0.0975945
jac:
-0.995448 -0.136649 0.0616645
 0.671059 -0.193792 -0.115816
        0         0         0
jacP:
-0.308957   1.19067   1.25942
 0.487555  -0.16737 -0.336432
        0         0         0
df:
 -1.99545 -0.136649
 0.671059  -1.19379
f:
-3.57619e-07
 8.68526e-08
h:
1.77372e-07
2.69514e-08

fixIter: 1**************************
init:
	0.940055  0.0975944
dst: 
	0.940684  0.0974257
jac:
-0.992111 -0.137005 0.0613151
 0.672435 -0.194013 -0.115911
        0         0         0
jacP:
 -0.30868    1.1875   1.25613
 0.489531 -0.168901 -0.338683
        0         0         0
df:
 -1.99211 -0.137005
 0.672435  -1.19401
f:
  0.00062853
-0.000168694
h:
-0.000313099
-3.50456e-05

fixIter: 2**************************
init:
	0.940368  0.0976295
dst: 
	0.940368  0.0976296
jac:
-0.994433 -0.136603 0.0615515
 0.672965 -0.193759 -0.116104
        0         0         0
jacP:
-0.308472   1.18972   1.25819
 0.488195 -0.169166 -0.337843
        0         0         0
df:
 -1.99443 -0.136603
 0.672965  -1.19376
f:
-3.5619e-07
8.80182e-08
h:
1.76815e-07
2.59451e-08

fixIter: 1**************************
init:
	0.940368  0.0976295
dst: 
	0.940996  0.0974601
jac:
-0.991107 -0.136959 0.0612026
 0.674323  -0.19398 -0.116197
        0         0         0
jacP:
-0.308196   1.18656   1.25491
 0.490166 -0.170679 -0.340073
        0         0         0
df:
 -1.99111 -0.136959
 0.674323  -1.19398
f:
 0.000627919
-0.000169393
h:
-0.000312962
-3.48791e-05

fixIter: 2**************************
init:
	0.940681  0.0976643
dst: 
	0.940681  0.0976644
jac:
-0.993421 -0.136557 0.0614383
 0.674862 -0.193727 -0.116391
        0         0         0
jacP:
-0.307988   1.18877   1.25697
 0.488833 -0.170952 -0.339244
        0         0         0
df:
 -1.99342 -0.136557
 0.674862  -1.19373
f:
-3.54768e-07
 8.91702e-08
h:
1.7626e-07
2.4948e-08

fixIter: 1**************************
init:
	0.940681  0.0976643
dst: 
	0.941308  0.0974943
jac:
-0.990104 -0.136914 0.0610899
 0.676202 -0.193947 -0.116482
        0         0         0
jacP:
-0.307714   1.18562    1.2537
 0.490797 -0.172447 -0.341453
        0         0         0
df:
  -1.9901 -0.136914
 0.676202  -1.19395
f:
 0.000627309
-0.000170087
h:
-0.000312826
-3.47138e-05

fixIter: 2**************************
init:
	0.940994  0.0976991
dst: 
	0.940994  0.0976991
jac:
 -0.99241 -0.136512 0.0613249
 0.676748 -0.193695 -0.116676
        0         0         0
jacP:
-0.307506   1.18782   1.25574
 0.489466 -0.172728 -0.340636
        0         0         0
df:
 -1.99241 -0.136512
 0.676748   -1.1937
f:
-3.53352e-07
 9.03072e-08
h:
1.75707e-07
2.39613e-08

fixIter: 1**************************
init:
	0.940994  0.0976991
dst: 
	0.941621  0.0975283
jac:
-0.989103 -0.136869  0.060977
 0.678071 -0.193915 -0.116766
        0         0         0
jacP:
-0.307232   1.18468   1.25248
 0.491426 -0.174206 -0.342824
        0         0         0
df:
  -1.9891 -0.136869
 0.678071  -1.19392
f:
 0.000626702
-0.000170777
h:
 -0.00031269
-3.45498e-05

fixIter: 2**************************
init:
	0.941307  0.0977336
dst: 
	0.941306  0.0977337
jac:
  -0.9914 -0.136468 0.0612114
 0.678625 -0.193665 -0.116961
        0         0         0
jacP:
-0.307024   1.18688   1.25452
 0.490097 -0.174494 -0.342018
        0         0         0
df:
  -1.9914 -0.136468
 0.678625  -1.19366
f:
-3.51943e-07
 9.14303e-08
h:
1.75157e-07
2.29841e-08

fixIter: 1**************************
init:
	0.941307  0.0977336
dst: 
	0.941933  0.0975621
jac:
-0.988104 -0.136826  0.060864
  0.67993 -0.193884 -0.117049
        0         0         0
jacP:
-0.306752   1.18375   1.25127
  0.49205 -0.175954 -0.344185
        0         0         0
df:
  -1.9881 -0.136826
  0.67993  -1.19388
f:
 0.000626096
-0.000171461
h:
-0.000312555
-3.43869e-05

fixIter: 2**************************
init:
	0.941619  0.097768
dst: 
	0.941619  0.0977681
jac:
-0.990393 -0.136424 0.0610977
 0.680492 -0.193634 -0.117245
        0         0         0
jacP:
-0.306543   1.18594   1.25331
 0.490724  -0.17625  -0.34339
        0         0         0
df:
 -1.99039 -0.136424
 0.680492  -1.19363
f:
-3.50541e-07
 9.25395e-08
h:
1.74608e-07
2.20164e-08

fixIter: 1**************************
init:
	0.941619  0.097768
dst: 
	0.942245  0.0975959
jac:
-0.987106 -0.136783 0.0607508
 0.681779 -0.193853 -0.117332
        0         0         0
jacP:
-0.306273   1.18281   1.25007
 0.492672 -0.177693 -0.345537
        0         0         0
df:
 -1.98711 -0.136783
 0.681779  -1.19385
f:
 0.000625492
-0.000172141
h:
 -0.00031242
-3.42253e-05

fixIter: 2**************************
init:
	0.941932  0.0978022
dst: 
	0.941931  0.0978023
jac:
-0.989387 -0.136381 0.0609838
 0.682349 -0.193605 -0.117528
        0         0         0
jacP:
-0.306064     1.185   1.25209
 0.491348 -0.177996 -0.344753
        0         0         0
df:
 -1.98939 -0.136381
 0.682349   -1.1936
f:
-3.49146e-07
  9.3635e-08
h:
1.74061e-07
2.10582e-08

fixIter: 1**************************
init:
	0.941932  0.0978022
dst: 
	0.942556  0.0976294
jac:
 -0.98611 -0.136741 0.0606374
 0.683619 -0.193823 -0.117613
        0         0         0
jacP:
-0.305794   1.18188   1.24887
  0.49329 -0.179422  -0.34688
        0         0         0
df:
 -1.98611 -0.136741
 0.683619  -1.19382
f:
  0.00062489
-0.000172817
h:
-0.000312285
-3.40648e-05

fixIter: 2**************************
init:
	0.942244  0.0978363
dst: 
	0.942243  0.0978364
jac:
-0.988382 -0.136339 0.0608698
 0.684196 -0.193576 -0.117811
        0         0         0
jacP:
-0.305586   1.18406   1.25089
 0.491968 -0.179733 -0.346107
        0         0         0
df:
 -1.98838 -0.136339
 0.684196  -1.19358
f:
-3.47757e-07
 9.47169e-08
h:
1.73516e-07
2.01092e-08

fixIter: 1**************************
init:
	0.942244  0.0978363
dst: 
	0.942868  0.0976628
jac:
-0.985115 -0.136699 0.0605239
 0.685449 -0.193794 -0.117894
        0         0         0
jacP:
-0.305317   1.18095   1.24767
 0.493905 -0.181142 -0.348213
        0         0         0
df:
 -1.98512 -0.136699
 0.685449  -1.19379
f:
  0.00062429
-0.000173487
h:
-0.000312151
-3.39055e-05

fixIter: 2**************************
init:
	0.942556  0.0978702
dst: 
	0.942556  0.0978703
jac:
 -0.98738 -0.136298 0.0607557
 0.686033 -0.193547 -0.118092
        0         0         0
jacP:
-0.305108   1.18312   1.24968
 0.492585 -0.181461 -0.347451
        0         0         0
df:
 -1.98738 -0.136298
 0.686033  -1.19355
f:
-3.46375e-07
 9.57854e-08
h:
1.72973e-07
1.91695e-08

fixIter: 1**************************
init:
	0.942556  0.0978702
dst: 
	0.94318  0.097696
jac:
-0.984122 -0.136659 0.0604103
  0.68727 -0.193765 -0.118173
        0         0         0
jacP:
-0.304841   1.18003   1.24647
 0.494516 -0.182853 -0.349538
        0         0         0
df:
 -1.98412 -0.136659
  0.68727  -1.19376
f:
 0.000623691
-0.000174153
h:
-0.000312017
-3.37474e-05

fixIter: 2**************************
init:
	0.942868  0.0979039
dst: 
	0.942868  0.097904
jac:
-0.986379 -0.136257 0.0606414
 0.687862 -0.193519 -0.118372
        0         0         0
jacP:
-0.304632   1.18218   1.24848
 0.493199 -0.183178 -0.348786
        0         0         0
df:
 -1.98638 -0.136257
 0.687862  -1.19352
f:
  -3.45e-07
9.68406e-08
h:
1.72432e-07
 1.8239e-08

fixIter: 1**************************
init:
	0.942868  0.0979039
dst: 
	0.943491  0.0977291
jac:
-0.983131 -0.136619 0.0602965
 0.689082 -0.193736 -0.118452
        0         0         0
jacP:
-0.304366    1.1791   1.24528
 0.495125 -0.184554 -0.350853
        0         0         0
df:
 -1.98313 -0.136619
 0.689082  -1.19374
f:
 0.000623094
-0.000174815
h:
-0.000311883
-3.35904e-05

fixIter: 2**************************
init:
	0.94318  0.0979375
dst: 
	0.94318  0.0979376
jac:
 -0.98538 -0.136217 0.0605269
  0.68968 -0.193492 -0.118652
        0         0         0
jacP:
-0.304157   1.18125   1.24728
  0.49381 -0.184887 -0.350112
        0         0         0
df:
 -1.98538 -0.136217
  0.68968  -1.19349
f:
-3.43631e-07
 9.78827e-08
h:
1.71893e-07
1.73175e-08

fixIter: 1**************************
init:
	0.94318  0.0979375
dst: 
	0.943802  0.0977621
jac:
-0.982142 -0.136579 0.0601825
 0.690884 -0.193709  -0.11873
        0         0         0
jacP:
-0.303893   1.17817   1.24409
  0.49573 -0.186246 -0.352159
        0         0         0
df:
 -1.98214 -0.136579
 0.690884  -1.19371
f:
 0.000622499
-0.000175472
h:
 -0.00031175
-3.34346e-05

fixIter: 2**************************
init:
	0.943492  0.097971
dst: 
	0.943491  0.0979711
jac:
-0.984382 -0.136178 0.0604123
 0.691489 -0.193465 -0.118931
        0         0         0
jacP:
-0.303683   1.18032   1.24609
 0.494417 -0.186586 -0.351429
        0         0         0
df:
 -1.98438 -0.136178
 0.691489  -1.19347
f:
-3.42269e-07
 9.89133e-08
h:
1.71356e-07
1.64039e-08

fixIter: 1**************************
init:
	0.943492  0.097971
dst: 
	0.944114  0.0977948
jac:
-0.981154 -0.136541 0.0600684
 0.692676 -0.193681 -0.119007
        0         0         0
jacP:
 -0.30342   1.17725   1.24291
 0.496332 -0.187928 -0.353457
        0         0         0
df:
 -1.98115 -0.136541
 0.692676  -1.19368
f:
 0.000621905
-0.000176124
h:
-0.000311617
-3.32799e-05

fixIter: 2**************************
init:
	0.943803  0.0980042
dst: 
	0.943803  0.0980043
jac:
-0.983386 -0.136139 0.0602976
 0.693289 -0.193439 -0.119209
        0         0         0
jacP:
 -0.30321   1.17939   1.24489
 0.495021 -0.188275 -0.352736
        0         0         0
df:
 -1.98339 -0.136139
 0.693289  -1.19344
f:
-3.40914e-07
 9.99302e-08
h:
1.70821e-07
1.54997e-08

fixIter: 1**************************
init:
	0.943803  0.0980042
dst: 
	0.944425  0.0978275
jac:
-0.980167 -0.136503 0.0599542
  0.69446 -0.193655 -0.119284
        0         0         0
jacP:
-0.302948   1.17633   1.24173
  0.49693 -0.189602 -0.354745
        0         0         0
df:
 -1.98017 -0.136503
  0.69446  -1.19365
f:
 0.000621314
-0.000176772
h:
-0.000311485
-3.31263e-05

fixIter: 2**************************
init:
	0.944115  0.0980374
dst: 
	0.944114  0.0980375
jac:
-0.982392 -0.136102 0.0601827
 0.695079 -0.193414 -0.119486
        0         0         0
jacP:
-0.302739   1.17846   1.24371
 0.495622 -0.189956 -0.354035
        0         0         0
df:
 -1.98239 -0.136102
 0.695079  -1.19341
f:
-3.39565e-07
 1.00934e-07
h:
1.70288e-07
1.46044e-08

fixIter: 1**************************
init:
	0.944115  0.0980374
dst: 
	0.944735  0.09786
jac:
-0.979183 -0.136465 0.0598398
 0.696234 -0.193629 -0.119559
        0         0         0
jacP:
-0.302478   1.17541   1.24055
 0.497526 -0.191266 -0.356025
        0         0         0
df:
 -1.97918 -0.136465
 0.696234  -1.19363
f:
 0.000620724
-0.000177416
h:
-0.000311353
-3.29738e-05

fixIter: 2**************************
init:
	0.944426  0.0980703
dst: 
	0.944426  0.0980704
jac:
  -0.9814 -0.136064 0.0600677
 0.696861 -0.193389 -0.119762
        0         0         0
jacP:
-0.302268   1.17753   1.24252
  0.49622 -0.191627 -0.355325
        0         0         0
df:
  -1.9814 -0.136064
 0.696861  -1.19339
f:
-3.38222e-07
 1.01926e-07
h:
1.69756e-07
1.37176e-08

fixIter: 1**************************
init:
	0.944426  0.0980703
dst: 
	0.945046  0.0978923
jac:
  -0.9782 -0.136429 0.0597253
 0.697999 -0.193603 -0.119834
        0         0         0
jacP:
-0.302008   1.17449   1.23938
 0.498118 -0.192921 -0.357296
        0         0         0
df:
  -1.9782 -0.136429
 0.697999   -1.1936
f:
 0.000620135
-0.000178055
h:
-0.000311221
-3.28225e-05

fixIter: 2**************************
init:
	0.944737  0.0981032
dst: 
	0.944737  0.0981033
jac:
-0.980409 -0.136028 0.0599526
 0.698633 -0.193364 -0.120037
        0         0         0
jacP:
-0.301798   1.17661   1.24134
 0.496815 -0.193289 -0.356606
        0         0         0
df:
 -1.98041 -0.136028
 0.698633  -1.19336
f:
-3.36886e-07
 1.02905e-07
h:
1.69227e-07
1.28395e-08

fixIter: 1**************************
init:
	0.944737  0.0981032
dst: 
	0.945357  0.0979245
jac:
-0.977219 -0.136393 0.0596106
 0.699755 -0.193578 -0.120108
        0         0         0
jacP:
 -0.30154   1.17358   1.23821
 0.498708 -0.194567 -0.358558
        0         0         0
df:
 -1.97722 -0.136393
 0.699755  -1.19358
f:
0.000619549
-0.00017869
h:
 -0.00031109
-3.26722e-05

fixIter: 2**************************
init:
	0.945048  0.0981358
dst: 
	0.945048  0.0981359
jac:
 -0.97942 -0.135992 0.0598373
 0.700395  -0.19334 -0.120312
        0         0         0
jacP:
 -0.30133   1.17568   1.24016
 0.497406 -0.194942 -0.357878
        0         0         0
df:
 -1.97942 -0.135992
 0.700395  -1.19334
f:
-3.35556e-07
 1.03873e-07
h:
  1.687e-07
1.19698e-08

fixIter: 1**************************
init:
	0.945048  0.0981358
dst: 
	0.945667  0.0979565
jac:
-0.976239 -0.136357 0.0594958
 0.701502 -0.193553  -0.12038
        0         0         0
jacP:
-0.301072   1.17266   1.23704
 0.499294 -0.196205 -0.359812
        0         0         0
df:
 -1.97624 -0.136357
 0.701502  -1.19355
f:
0.000618964
-0.00017932
h:
-0.000310959
-3.25231e-05

fixIter: 2**************************
init:
	0.945359  0.0981684
dst: 
	0.945359  0.0981685
jac:
-0.978432 -0.135957 0.0597218
 0.702149 -0.193317 -0.120585
        0         0         0
jacP:
-0.300862   1.17476   1.23899
 0.497995 -0.196586 -0.359142
        0         0         0
df:
 -1.97843 -0.135957
 0.702149  -1.19332
f:
-3.34232e-07
 1.04827e-07
h:
1.68174e-07
1.11086e-08

fixIter: 1**************************
init:
	0.945359  0.0981684
dst: 
	0.945978  0.0979884
jac:
-0.975261 -0.136323 0.0593809
  0.70324  -0.19353 -0.120653
        0         0         0
jacP:
-0.300606   1.17175   1.23587
 0.499877 -0.197833 -0.361057
        0         0         0
df:
 -1.97526 -0.136323
  0.70324  -1.19353
f:
 0.000618381
-0.000179947
h:
-0.000310828
 -3.2375e-05

fixIter: 2**************************
init:
	0.94567  0.0982007
dst: 
	0.94567  0.0982008
jac:
-0.977447 -0.135922 0.0596063
 0.703894 -0.193294 -0.120858
        0         0         0
jacP:
-0.300396   1.17384   1.23782
  0.49858 -0.198221 -0.360397
        0         0         0
df:
 -1.97745 -0.135922
 0.703894  -1.19329
f:
-3.32915e-07
  1.0577e-07
h:
1.67651e-07
1.02557e-08

fixIter: 1**************************
init:
	0.94567  0.0982007
dst: 
	0.946288  0.0980202
jac:
-0.974285 -0.136289 0.0592659
  0.70497 -0.193506 -0.120924
        0         0         0
jacP:
-0.300141   1.17084   1.23471
 0.500458 -0.199453 -0.362293
        0         0         0
df:
 -1.97429 -0.136289
  0.70497  -1.19351
f:
 0.000617799
-0.000180569
h:
-0.000310698
 -3.2228e-05

fixIter: 2**************************
init:
	0.945981  0.098233
dst: 
	0.945981  0.0982331
jac:
-0.976463 -0.135888 0.0594906
  0.70563 -0.193272  -0.12113
        0         0         0
jacP:
 -0.29993   1.17292   1.23665
 0.499163 -0.199847 -0.361643
        0         0         0
df:
 -1.97646 -0.135888
  0.70563  -1.19327
f:
-3.31604e-07
 1.06701e-07
h:
1.67129e-07
9.41102e-09

fixIter: 1**************************
init:
	0.945981  0.098233
dst: 
	0.946598  0.0980518
jac:
-0.973311 -0.136256 0.0591507
  0.70669 -0.193483 -0.121194
        0         0         0
jacP:
-0.299677   1.16993   1.23356
 0.501035 -0.201063 -0.363522
        0         0         0
df:
 -1.97331 -0.136256
  0.70669  -1.19348
f:
  0.00061722
-0.000181186
h:
-0.000310569
-3.20821e-05

fixIter: 2**************************
init:
	0.946291  0.098265
dst: 
	0.946291  0.0982652
jac:
 -0.97548 -0.135855 0.0593748
 0.707356  -0.19325 -0.121401
        0         0         0
jacP:
-0.299466     1.172   1.23549
 0.499742 -0.201465 -0.362881
        0         0         0
df:
 -1.97548 -0.135855
 0.707356  -1.19325
f:
-3.30299e-07
 1.07621e-07
h:
 1.6661e-07
8.57421e-09

fixIter: 1**************************
init:
	0.946291  0.098265
dst: 
	0.946908  0.0980832
jac:
-0.972338 -0.136223 0.0590353
 0.708401 -0.193461 -0.121464
        0         0         0
jacP:
-0.299213   1.16902    1.2324
 0.501609 -0.202666 -0.364742
        0         0         0
df:
 -1.97234 -0.136223
 0.708401  -1.19346
f:
0.000616642
 -0.0001818
h:
-0.000310439
-3.19372e-05

fixIter: 2**************************
init:
	0.946602  0.098297
dst: 
	0.946602  0.0982971
jac:
  -0.9745 -0.135823 0.0592588
 0.709074 -0.193228 -0.121672
        0         0         0
jacP:
-0.299003   1.17109   1.23433
 0.500318 -0.203073 -0.364111
        0         0         0
df:
  -1.9745 -0.135823
 0.709074  -1.19323
f:
 -3.29e-07
1.0853e-07
h:
1.66092e-07
7.74474e-09

fixIter: 1**************************
init:
	0.946602  0.098297
dst: 
	0.947218  0.0981146
jac:
-0.971366 -0.136191 0.0589199
 0.710104 -0.193439 -0.121733
        0         0         0
jacP:
-0.298751   1.16811   1.23125
  0.50218 -0.204259 -0.365953
        0         0         0
df:
 -1.97137 -0.136191
 0.710104  -1.19344
f:
 0.000616065
-0.000182409
h:
 -0.00031031
-3.17934e-05

fixIter: 2**************************
init:
	0.946912  0.0983288
dst: 
	0.946912  0.0983289
jac:
-0.973521 -0.135791 0.0591427
 0.710783 -0.193208 -0.121941
        0         0         0
jacP:
-0.298541   1.17017   1.23317
 0.500892 -0.204673 -0.365332
        0         0         0
df:
 -1.97352 -0.135791
 0.710783  -1.19321
f:
-3.27708e-07
 1.09427e-07
h:
1.65576e-07
6.92391e-09

fixIter: 1**************************
init:
	0.946912  0.0983288
dst: 
	0.947528  0.0981458
jac:
-0.970397  -0.13616 0.0588043
 0.711798 -0.193417 -0.122001
        0         0         0
jacP:
 -0.29829   1.16721   1.23011
 0.502749 -0.205844 -0.367157
        0         0         0
df:
 -1.9704 -0.13616
0.711798 -1.19342
f:
 0.000615491
-0.000183014
h:
-0.000310182
-3.16506e-05

fixIter: 2**************************
init:
	0.947222  0.0983604
dst: 
	0.947222  0.0983605
jac:
-0.972544  -0.13576 0.0590265
 0.712484 -0.193187  -0.12221
        0         0         0
jacP:
 -0.29808   1.16926   1.23202
 0.501462 -0.206264 -0.366545
        0         0         0
df:
-1.97254 -0.13576
0.712484 -1.19319
f:
-3.26422e-07
 1.10312e-07
h:
1.65062e-07
6.11104e-09

fixIter: 1**************************
init:
	0.947222  0.0983604
dst: 
	0.947837  0.0981768
jac:
-0.969429 -0.136129 0.0586886
 0.713484 -0.193396 -0.122268
        0         0         0
jacP:
-0.297831    1.1663   1.22896
 0.503314  -0.20742 -0.368352
        0         0         0
df:
 -1.96943 -0.136129
 0.713484   -1.1934
f:
 0.000614917
-0.000183616
h:
-0.000310053
-3.15088e-05

fixIter: 2**************************
init:
	0.947532  0.0983919
dst: 
	0.947532  0.098392
jac:
-0.971568 -0.135729 0.0589102
 0.714175 -0.193167 -0.122478
        0         0         0
jacP:
-0.297619   1.16835   1.23087
 0.502029 -0.207847  -0.36775
        0         0         0
df:
 -1.97157 -0.135729
 0.714175  -1.19317
f:
-3.25142e-07
 1.11187e-07
h:
 1.6455e-07
5.30594e-09

fixIter: 1**************************
init:
	0.947532  0.0983919
dst: 
	0.948147  0.0982077
jac:
-0.968462 -0.136099 0.0585728
 0.715161 -0.193376 -0.122534
        0         0         0
jacP:
-0.297372    1.1654   1.22782
 0.503877 -0.208988  -0.36954
        0         0         0
df:
 -1.96846 -0.136099
 0.715161  -1.19338
f:
 0.000614346
-0.000184213
h:
-0.000309926
-3.13681e-05

fixIter: 2**************************
init:
	0.947842  0.0984233
dst: 
	0.947842  0.0984234
jac:
-0.970594 -0.135699 0.0587937
 0.715858 -0.193148 -0.122745
        0         0         0
jacP:
 -0.29716   1.16744   1.22972
 0.502594 -0.209421 -0.368946
        0         0         0
df:
 -1.97059 -0.135699
 0.715858  -1.19315
f:
-3.23868e-07
  1.1205e-07
h:
 1.6404e-07
4.50856e-09

fixIter: 1**************************
init:
	0.947842  0.0984233
dst: 
	0.948456  0.0982385
jac:
-0.967498 -0.136069 0.0584568
 0.716829 -0.193356   -0.1228
        0         0         0
jacP:
-0.296914    1.1645   1.22668
 0.504436 -0.210548 -0.370719
        0         0         0
df:
  -1.9675 -0.136069
 0.716829  -1.19336
f:
 0.000613776
-0.000184806
h:
-0.000309798
-3.12284e-05

fixIter: 2**************************
init:
	0.948152  0.0984545
dst: 
	0.948152  0.0984546
jac:
-0.969622  -0.13567 0.0586772
 0.717533 -0.193129 -0.123011
        0         0         0
jacP:
-0.296703   1.16653   1.22858
 0.503155 -0.210986 -0.370135
        0         0         0
df:
-1.96962 -0.13567
0.717533 -1.19313
f:
 -3.226e-07
1.12902e-07
h:
1.63531e-07
3.71882e-09

fixIter: 1**************************
init:
	0.948152  0.0984545
dst: 
	0.948765  0.0982691
jac:
-0.966535  -0.13604 0.0583407
 0.718489 -0.193336 -0.123064
        0         0         0
jacP:
-0.296457    1.1636   1.22555
 0.504993 -0.212099  -0.37189
        0         0         0
df:
-1.96653 -0.13604
0.718489 -1.19334
f:
 0.000613208
-0.000185395
h:
-0.000309671
-3.10896e-05

fixIter: 2**************************
init:
	0.948462  0.0984856
dst: 
	0.948462  0.0984857
jac:
-0.968652 -0.135641 0.0585605
 0.719199  -0.19311 -0.123276
        0         0         0
jacP:
-0.296246   1.16563   1.22744
 0.503714 -0.212543 -0.371315
        0         0         0
df:
 -1.96865 -0.135641
 0.719199  -1.19311
f:
-3.21338e-07
 1.13744e-07
h:
1.63025e-07
2.93667e-09

fixIter: 1**************************
init:
	0.948462  0.0984856
dst: 
	0.949074  0.0982996
jac:
-0.965573 -0.136012 0.0582245
 0.720141 -0.193317 -0.123328
        0         0         0
jacP:
-0.296001   1.16271   1.22442
 0.505547 -0.213641 -0.373054
        0         0         0
df:
 -1.96557 -0.136012
 0.720141  -1.19332
f:
0.000612642
-0.00018598
h:
-0.000309544
-3.09519e-05

fixIter: 2**************************
init:
	0.948771  0.0985166
dst: 
	0.948771  0.0985167
jac:
-0.967683 -0.135613 0.0584437
 0.720856 -0.193092 -0.123541
        0         0         0
jacP:
 -0.29579   1.16473    1.2263
  0.50427 -0.214092 -0.372488
        0         0         0
df:
 -1.96768 -0.135613
 0.720856  -1.19309
f:
-3.20082e-07
 1.14574e-07
h:
 1.6252e-07
2.16209e-09

fixIter: 1**************************
init:
	0.948771  0.0985166
dst: 
	0.949383  0.09833
jac:
-0.964614 -0.135985 0.0581082
 0.721784 -0.193298 -0.123592
        0         0         0
jacP:
-0.295547   1.16181   1.22329
 0.506098 -0.215176 -0.374209
        0         0         0
df:
 -1.96461 -0.135985
 0.721784   -1.1933
f:
 0.000612077
-0.000186561
h:
-0.000309418
-3.08152e-05

fixIter: 2**************************
init:
	0.949081  0.0985474
dst: 
	0.94908  0.0985475
jac:
-0.966716 -0.135586 0.0583267
 0.722505 -0.193075 -0.123805
        0         0         0
jacP:
-0.295335   1.16382   1.22517
 0.504823 -0.215632 -0.373652
        0         0         0
df:
 -1.96672 -0.135586
 0.722505  -1.19307
f:
-3.18832e-07
 1.15394e-07
h:
1.62018e-07
1.39499e-09

fixIter: 1**************************
init:
	0.949081  0.0985474
dst: 
	0.949692  0.0983602
jac:
-0.963655 -0.135958 0.0579918
 0.723419  -0.19328 -0.123854
        0         0         0
jacP:
-0.295093   1.16092   1.22217
 0.506646 -0.216702 -0.375357
        0         0         0
df:
 -1.96366 -0.135958
 0.723419  -1.19328
f:
 0.000611514
-0.000187138
h:
-0.000309292
-3.06794e-05

fixIter: 2**************************
init:
	0.94939  0.0985781
dst: 
	0.94939  0.0985782
jac:
 -0.96575 -0.135559 0.0582097
 0.724146 -0.193057 -0.124068
        0         0         0
jacP:
-0.294881   1.16292   1.22404
 0.505373 -0.217164 -0.374809
        0         0         0
df:
 -1.96575 -0.135559
 0.724146  -1.19306
f:
-3.17588e-07
 1.16204e-07
h:
1.61517e-07
6.34889e-10

fixIter: 1**************************
init:
	0.94939  0.0985781
dst: 
	0.950001  0.0983904
jac:
-0.962699 -0.135931 0.0578752
 0.725045 -0.193262 -0.124115
        0         0         0
jacP:
 -0.29464   1.16003   1.22105
 0.507191  -0.21822 -0.376497
        0         0         0
df:
  -1.9627 -0.135931
 0.725045  -1.19326
f:
 0.000610952
-0.000187712
h:
-0.000309166
-3.05447e-05

fixIter: 2**************************
init:
	0.949699  0.0986086
dst: 
	0.949699  0.0986087
jac:
-0.964786 -0.135533 0.0580925
 0.725778 -0.193041  -0.12433
        0         0         0
jacP:
-0.294428   1.16202   1.22291
  0.50592 -0.218688 -0.375958
        0         0         0
df:
 -1.96479 -0.135533
 0.725778  -1.19304
f:
-3.1635e-07
1.17005e-07
h:
 1.61018e-07
-1.18489e-10

fixIter: 1**************************
init:
	0.949699  0.0986086
dst: 
	0.95031  0.0984203
jac:
-0.961744 -0.135906 0.0577586
 0.726664 -0.193245 -0.124376
        0         0         0
jacP:
-0.294189   1.15914   1.21993
 0.507734  -0.21973 -0.377629
        0         0         0
df:
 -1.96174 -0.135906
 0.726664  -1.19324
f:
 0.000610393
-0.000188281
h:
-0.000309041
-3.04109e-05

fixIter: 2**************************
init:
	0.950008  0.098639
dst: 
	0.950008  0.0986391
jac:
-0.963824 -0.135507 0.0579753
 0.727402 -0.193024 -0.124591
        0         0         0
jacP:
-0.293977   1.16113   1.22179
 0.506465 -0.220204 -0.377099
        0         0         0
df:
 -1.96382 -0.135507
 0.727402  -1.19302
f:
-3.15118e-07
 1.17794e-07
h:
 1.60521e-07
-8.64068e-10

fixIter: 1**************************
init:
	0.950008  0.098639
dst: 
	0.950618  0.0984502
jac:
-0.960791  -0.13588 0.0576418
 0.728274 -0.193228 -0.124636
        0         0         0
jacP:
-0.293738   1.15825   1.21882
 0.508274 -0.221232 -0.378754
        0         0         0
df:
-1.96079 -0.13588
0.728274 -1.19323
f:
 0.000609834
-0.000188847
h:
-0.000308916
 -3.0278e-05

fixIter: 2**************************
init:
	0.950317  0.0986693
dst: 
	0.950317  0.0986694
jac:
-0.962864 -0.135482 0.0578579
 0.729018 -0.193008 -0.124852
        0         0         0
jacP:
-0.293526   1.16023   1.22066
 0.507007 -0.221712 -0.378232
        0         0         0
df:
 -1.96286 -0.135482
 0.729018  -1.19301
f:
-3.13891e-07
 1.18573e-07
h:
 1.60026e-07
-1.60253e-09

fixIter: 1**************************
init:
	0.950317  0.0986693
dst: 
	0.950927  0.0984799
jac:
 -0.95984 -0.135856 0.0575249
 0.729876 -0.193211 -0.124895
        0         0         0
jacP:
-0.293289   1.15736   1.21771
 0.508811 -0.222726 -0.379872
        0         0         0
df:
 -1.95984 -0.135856
 0.729876  -1.19321
f:
 0.000609278
-0.000189409
h:
-0.000308792
-3.01461e-05

fixIter: 2**************************
init:
	0.950626  0.0986994
dst: 
	0.950626  0.0986996
jac:
-0.961905 -0.135458 0.0577404
 0.730625 -0.192993 -0.125112
        0         0         0
jacP:
-0.293076   1.15934   1.21955
 0.507546 -0.223211 -0.379358
        0         0         0
df:
 -1.96191 -0.135458
 0.730625  -1.19299
f:
-3.12671e-07
 1.19343e-07
h:
 1.59532e-07
-2.33394e-09

fixIter: 1**************************
init:
	0.950626  0.0986994
dst: 
	0.951235  0.0985095
jac:
 -0.95889 -0.135832 0.0574079
  0.73147 -0.193195 -0.125154
        0         0         0
jacP:
 -0.29284   1.15648    1.2166
 0.509346 -0.224212 -0.380981
        0         0         0
df:
 -1.95889 -0.135832
  0.73147  -1.19319
f:
 0.000608723
-0.000189967
h:
-0.000308667
-3.00152e-05

fixIter: 2**************************
init:
	0.950935  0.0987295
dst: 
	0.950934  0.0987296
jac:
-0.960948 -0.135434 0.0576228
 0.732225 -0.192978 -0.125371
        0         0         0
jacP:
-0.292628   1.15845   1.21843
 0.508082 -0.224703 -0.380476
        0         0         0
df:
 -1.96095 -0.135434
 0.732225  -1.19298
f:
-3.11456e-07
 1.20102e-07
h:
  1.5904e-07
-3.05835e-09

fixIter: 1**************************
init:
	0.950935  0.0987295
dst: 
	0.951543  0.0985389
jac:
-0.957942 -0.135809 0.0572908
 0.733056 -0.193179 -0.125412
        0         0         0
jacP:
-0.292393   1.15559   1.21549
 0.509877  -0.22569 -0.382084
        0         0         0
df:
 -1.95794 -0.135809
 0.733056  -1.19318
f:
 0.000608169
-0.000190521
h:
-0.000308544
-2.98852e-05

fixIter: 2**************************
init:
	0.951243  0.0987593
dst: 
	0.951243  0.0987595
jac:
-0.959993 -0.135411 0.0575051
 0.733816 -0.192963 -0.125629
        0         0         0
jacP:
 -0.29218   1.15755   1.21732
 0.508616 -0.226186 -0.381587
        0         0         0
df:
 -1.95999 -0.135411
 0.733816  -1.19296
f:
-3.10247e-07
 1.20851e-07
h:
 1.58551e-07
-3.77583e-09

fixIter: 1**************************
init:
	0.951243  0.0987593
dst: 
	0.951851  0.0985683
jac:
-0.956995 -0.135786 0.0571736
 0.734634 -0.193164 -0.125668
        0         0         0
jacP:
-0.291946   1.15471   1.21439
 0.510407 -0.227161 -0.383179
        0         0         0
df:
   -1.957 -0.135786
 0.734634  -1.19316
f:
 0.000607617
-0.000191072
h:
 -0.00030842
-2.97561e-05

fixIter: 2**************************
init:
	0.951552  0.0987891
dst: 
	0.951551  0.0987892
jac:
-0.959039 -0.135388 0.0573873
   0.7354 -0.192949 -0.125886
        0         0         0
jacP:
-0.291734   1.15667   1.21622
 0.509147 -0.227662  -0.38269
        0         0         0
df:
 -1.95904 -0.135388
   0.7354  -1.19295
f:
-3.09043e-07
 1.21591e-07
h:
 1.58063e-07
-4.48642e-09

fixIter: 1**************************
init:
	0.951552  0.0987891
dst: 
	0.952159  0.0985975
jac:
 -0.95605 -0.135764 0.0570563
 0.736204 -0.193149 -0.125925
        0         0         0
jacP:
-0.291501   1.15383   1.21329
 0.510933 -0.228623 -0.384267
        0         0         0
df:
 -1.95605 -0.135764
 0.736204  -1.19315
f:
 0.000607067
-0.000191619
h:
-0.000308297
 -2.9628e-05

fixIter: 2**************************
init:
	0.95186  0.0988187
dst: 
	0.95186  0.0988189
jac:
-0.958087 -0.135366 0.0572694
 0.736975 -0.192935 -0.126143
        0         0         0
jacP:
-0.291288   1.15578   1.21511
 0.509675  -0.22913 -0.383786
        0         0         0
df:
 -1.95809 -0.135366
 0.736975  -1.19293
f:
-3.07845e-07
 1.22321e-07
h:
 1.57576e-07
-5.19021e-09

fixIter: 1**************************
init:
	0.95186  0.0988187
dst: 
	0.952466  0.0986266
jac:
-0.955107 -0.135742 0.0569389
 0.737767 -0.193134  -0.12618
        0         0         0
jacP:
-0.291057   1.15295    1.2122
 0.511457 -0.230078 -0.385347
        0         0         0
df:
 -1.95511 -0.135742
 0.737767  -1.19313
f:
 0.000606518
-0.000192162
h:
-0.000308174
-2.95007e-05

fixIter: 2**************************
init:
	0.952168  0.0988482
dst: 
	0.952168  0.0988484
jac:
-0.957136 -0.135345 0.0571514
 0.738543 -0.192921 -0.126399
        0         0         0
jacP:
-0.290844   1.15489   1.21401
 0.510201  -0.23059 -0.384875
        0         0         0
df:
 -1.95714 -0.135345
 0.738543  -1.19292
f:
-3.06653e-07
 1.23042e-07
h:
 1.57092e-07
-5.88725e-09

fixIter: 1**************************
init:
	0.952168  0.0988482
dst: 
	0.952774  0.0986555
jac:
-0.954165 -0.135721 0.0568214
 0.739321  -0.19312 -0.126435
        0         0         0
jacP:
-0.290613   1.15208   1.21111
 0.511978 -0.231525  -0.38642
        0         0         0
df:
 -1.95417 -0.135721
 0.739321  -1.19312
f:
 0.000605971
-0.000192702
h:
-0.000308052
-2.93744e-05

fixIter: 2**************************
init:
	0.952476  0.0988776
dst: 
	0.952476  0.0988777
jac:
-0.956188 -0.135324 0.0570333
 0.740102 -0.192908 -0.126654
        0         0         0
jacP:
  -0.2904   1.15401   1.21291
 0.510724 -0.232042 -0.385956
        0         0         0
df:
 -1.95619 -0.135324
 0.740102  -1.19291
f:
-3.05467e-07
 1.23753e-07
h:
 1.56609e-07
-6.57773e-09

