fixIter: 1**************************
init:
	0.98272  0.101307
dst: 
	0.98272  0.101307
jac:
-0.869399  -0.13561  0.044895
 0.863212 -0.192719 -0.148815
        0         0         0
jacP:
-0.250817   1.07352   1.11738
 0.552327 -0.345175 -0.464957
        0         0         0
df:
 -1.8694 -0.13561
0.863212 -1.19272
f:
-8.69194e-13
-1.49616e-13
h:
 4.3312e-13
4.38905e-13

fixIter: 2**************************
init:
	0.98272  0.101307
dst: 
	0.98272  0.101307
jac:
-0.869399  -0.13561  0.044895
 0.863212 -0.192719 -0.148815
        0         0         0
jacP:
-0.250817   1.07352   1.11738
 0.552327 -0.345175 -0.464957
        0         0         0
df:
 -1.8694 -0.13561
0.863212 -1.19272
f:
-1.11022e-16
-1.48492e-15
h:
-2.93822e-17
 1.22373e-15

