bfIter: 1**************************
init:
	0.844194  0.0918614
dst: 
	0.844194  0.0918614
detJac: 
	-3.94851e-09
jac:
-0.827853 -0.114013 0.0652563
-0.820237 -0.456756 0.0321156
        0         0         0
jacP:
-0.447469   1.02585   1.61143
-0.117505   1.41039   1.32647
        0         0         0
df:
 -1.82785 -0.114013   1.61143
-0.820237  -1.45676   1.32647
 -8.86546 -0.838277    7.1352
f:
-7.78334e-11
-2.54677e-10
-3.94851e-09
h:
3.78671e-09
2.04135e-09
4.39141e-09

bfIter: 2**************************
init:
	0.844194  0.0918614
dst: 
	0.844194  0.0918614
detJac: 
	-6.1389e-14
jac:
-0.827853 -0.114013 0.0652563
-0.820237 -0.456756 0.0321156
        0         0         0
jacP:
-0.447469   1.02585   1.61143
-0.117505   1.41039   1.32647
        0         0         0
df:
 -1.82785 -0.114013   1.61143
-0.820237  -1.45676   1.32647
 -8.86546 -0.838277    7.1352
f:
3.33067e-16
5.55112e-17
-6.1389e-14
h:
6.68619e-14
3.37351e-14
7.84353e-14

bfIter: 1**************************
init:
	0.844194  0.0918614
dst: 
	0.84368  0.0911519
detJac: 
	-0.00538054
jac:
-0.832121  -0.11541 0.0654584
-0.835218 -0.457869 0.0331575
        0         0         0
jacP:
-0.446728   1.03029   1.61199
-0.123269    1.4278   1.35185
        0         0         0
df:
 -1.83212  -0.11541   1.61199
-0.835218  -1.45787   1.35185
 -8.97308 -0.836595   7.24244
f:
-0.000514038
 -0.00070952
 -0.00538054
h:
 0.0033197
 0.0019149
0.00359124

bfIter: 2**************************
init:
	0.840875  0.0899466
dst: 
	0.840841  0.0899678
detJac: 
	0.00984351
jac:
-0.808195 -0.111564  0.062832
-0.828858 -0.466571 0.0333078
        0         0         0
jacP:
-0.445061   1.00006   1.60654
-0.124022   1.42009   1.34044
        0         0         0
df:
 -1.80819 -0.111564   1.60654
-0.828858  -1.46657   1.34044
 -916.708  -914.004  -7.05192
f:
-3.33692e-05
 2.12027e-05
  0.00984351
h:
 1.66689e-05
-2.74576e-05
-3.91647e-06

bfIter: 3**************************
init:
	0.840858  0.089974
dst: 
	0.840871  0.0900315
detJac: 
	0.000757887
jac:
-0.816496 -0.111661 0.0627368
-0.868563 -0.467356  0.033252
        0         0         0
jacP:
-0.445088  0.999632   1.60646
-0.124136   1.42009   1.34035
        0         0         0
df:
  -1.8165 -0.111661   1.60646
-0.868563  -1.46736   1.34035
 -3.24517 -0.469148   1.79971
f:
 1.2909e-05
5.74951e-05
0.000757887
h:
 -0.00053327
-0.000285089
-0.000614772

bfIter: 4**************************
init:
	0.841391  0.0902591
dst: 
	0.841391  0.0902616
detJac: 
	2.25889e-05
jac:
-0.818922 -0.112257 0.0631739
-0.861713 -0.465665 0.0332207
        0         0         0
jacP:
 -0.44548   1.00457   1.60733
-0.123935   1.42091   1.34165
        0         0         0
df:
 -1.81892 -0.112257   1.60733
-0.861713  -1.46566   1.34165
   -3.159 -0.466395   1.79833
f:
-4.69049e-07
 2.47213e-06
 2.25889e-05
h:
-1.74063e-05
-1.04171e-05
-2.07171e-05

bfIter: 5**************************
init:
	0.841409  0.0902695
dst: 
	0.841409  0.0902695
detJac: 
	7.98846e-09
jac:
   -0.819 -0.112276 0.0631891
-0.861485 -0.465609 0.0332204
       -0         0         0
jacP:
-0.445495   1.00473   1.60736
-0.123929   1.42093   1.34169
        0         0         0
df:
   -1.819 -0.112276   1.60736
-0.861485  -1.46561   1.34169
 -3.15621 -0.466304   1.79826
f:
-4.81655e-10
 2.69798e-09
 7.98846e-09
h:
-6.04025e-09
-5.15177e-09
-7.49509e-09

bfIter: 1**************************
init:
	0.841409  0.0902695
dst: 
	0.840905  0.0895585
detJac: 
	-0.00379628
jac:
-0.823364 -0.113733 0.0633869
-0.864212 -0.465042 0.0332884
        0         0         0
jacP:
-0.444758    1.0092   1.60783
-0.123036   1.42317   1.34314
        0         0         0
df:
 -1.82336 -0.113733   1.60783
-0.864212  -1.46504   1.34314
 -3.14323 -0.446001   1.82413
f:
-0.000503485
-0.000711023
 -0.00379628
h:
0.00257358
0.00144987
0.00270799

bfIter: 2**************************
init:
	0.838835  0.0888196
dst: 
	0.838822  0.0888769
detJac: 
	0.000557613
jac:
-0.810201 -0.110691 0.0611438
-0.897131 -0.473851 0.0333728
        0         0         0
jacP:
-0.443527  0.984534   1.60344
-0.124648    1.4186   1.33635
        0         0         0
df:
  -1.8102 -0.110691   1.60344
-0.897131  -1.47385   1.33635
 -3.57708 -0.470152   1.82601
f:
-1.26138e-05
 5.72827e-05
 0.000557613
h:
-0.000332805
-0.000196381
-0.000397143

bfIter: 3**************************
init:
	0.839168  0.089016
dst: 
	0.839168  0.0890171
detJac: 
	1.01011e-05
jac:
-0.811992 -0.111079 0.0614518
-0.892558 -0.472608   0.03338
        0         0         0
jacP:
-0.443831  0.987777   1.60401
-0.124522   1.41905   1.33719
        0         0         0
df:
 -1.81199 -0.111079   1.60401
-0.892558  -1.47261   1.33719
 -3.51546 -0.465595   1.82454
f:
-2.25308e-07
 1.05117e-06
 1.01011e-05
h:
-6.25847e-06
-3.70062e-06
-7.46672e-06

bfIter: 4**************************
init:
	0.839174  0.0890197
dst: 
	0.839174  0.0890197
detJac: 
	-2.97663e-09
jac:
-0.812025 -0.111086 0.0614576
-0.892472 -0.472585 0.0333801
       -0         0         0
jacP:
-0.443836  0.987838   1.60402
 -0.12452   1.41906   1.33721
        0         0         0
df:
 -1.81202 -0.111086   1.60402
-0.892472  -1.47258   1.33721
 -3.51431 -0.465515   1.82451
f:
-7.77951e-11
 3.69536e-10
-2.97663e-09
h:
1.86584e-09
5.20999e-10
2.09538e-09

bfIter: 1**************************
init:
	0.839174  0.0890197
dst: 
	0.838679  0.0883096
detJac: 
	-0.00391965
jac:
-0.816508 -0.112594 0.0616533
-0.895248 -0.472022 0.0334461
        0         0         0
jacP:
-0.443113  0.992367   1.60446
-0.123631   1.42137    1.3387
        0         0         0
df:
 -1.81651 -0.112594   1.60446
-0.895248  -1.47202    1.3387
 -3.50024 -0.443506   1.85109
f:
-0.000495051
-0.000710108
 -0.00391965
h:
0.00212263
0.00117111
0.00217679

bfIter: 2**************************
init:
	0.837052  0.0878486
dst: 
	0.837041  0.0878893
detJac: 
	0.000440955
jac:
-0.803905 -0.109909 0.0597173
-0.923279 -0.480264 0.0334594
        0         0         0
jacP:
-0.442161  0.971339   1.60076
-0.125146   1.41736   1.33274
        0         0         0
df:
  -1.8039 -0.109909   1.60076
-0.923279  -1.48026   1.33274
 -3.90593 -0.480784   1.85165
f:
-1.05441e-05
 4.06674e-05
 0.000440955
h:
-0.000224017
-0.000128936
-0.000267886

bfIter: 3**************************
init:
	0.837276  0.0879776
dst: 
	0.837275  0.0879781
detJac: 
	5.19562e-06
jac:
-0.805278 -0.110187 0.0599326
-0.920082 -0.479327 0.0334705
        0         0         0
jacP:
-0.442376  0.973583   1.60115
-0.125057   1.41767   1.33333
        0         0         0
df:
 -1.80528 -0.110187   1.60115
-0.920082  -1.47933   1.33333
 -3.85895 -0.475791   1.85063
f:
-1.20378e-07
 4.98233e-07
 5.19562e-06
h:
-2.70189e-06
  -1.567e-06
-3.22937e-06

bfIter: 4**************************
init:
	0.837278  0.0879791
dst: 
	0.837278  0.0879791
detJac: 
	-2.45475e-09
jac:
-0.805294 -0.110191 0.0599352
-0.920044 -0.479315 0.0334706
        0         0         0
jacP:
-0.442379   0.97361   1.60115
-0.125055   1.41767   1.33334
        0         0         0
df:
 -1.80529 -0.110191   1.60115
-0.920044  -1.47932   1.33334
 -3.85838 -0.475733   1.85062
f:
-1.72796e-11
 7.22844e-11
-2.45475e-09
h:
1.28061e-09
4.75868e-10
1.46584e-09

bfIter: 1**************************
init:
	0.837278  0.0879791
dst: 
	0.83679  0.0872697
detJac: 
	-0.00402781
jac:
-0.809883 -0.111745 0.0601291
-0.922861 -0.478754 0.0335347
        0         0         0
jacP:
-0.441667  0.978191   1.60157
 -0.12417   1.42006   1.33486
        0         0         0
df:
 -1.80988 -0.111745   1.60157
-0.922861  -1.47875   1.33486
 -3.84353 -0.452217   1.87776
f:
 -0.00048795
-0.000709433
 -0.00402781
h:
 0.00182284
0.000988904
 0.00182427

bfIter: 2**************************
init:
	0.835455  0.0869902
dst: 
	0.835446  0.0870214
detJac: 
	0.000376214
jac:
-0.797606 -0.109248 0.0583974
-0.947635 -0.486627 0.0334976
        0         0         0
jacP:
-0.440897   0.95961   1.59833
-0.125617   1.41643   1.32946
        0         0         0
df:
 -1.79761 -0.109248   1.59833
-0.947635  -1.48663   1.32946
 -4.23777 -0.501541   1.87673
f:
-9.19973e-06
 3.11387e-05
 0.000376214
h:
-0.000165667
-9.27855e-05
 -0.00019842

bfIter: 3**************************
init:
	0.835621  0.087083
dst: 
	0.835621  0.0870833
detJac: 
	3.218e-06
jac:
-0.798743 -0.109471 0.0585617
 -0.94519 -0.485864   0.03351
        0         0         0
jacP:
-0.441064  0.961309   1.59862
-0.125547   1.41666   1.32991
        0         0         0
df:
 -1.79874 -0.109471   1.59862
 -0.94519  -1.48586   1.32991
 -4.19848  -0.49618   1.87604
f:
-7.58504e-08
 2.83428e-07
   3.218e-06
h:
-1.44012e-06
-8.17565e-07
-1.72384e-06

bfIter: 4**************************
init:
	0.835623  0.0870838
dst: 
	0.835623  0.0870838
detJac: 
	-1.69511e-09
jac:
-0.798752 -0.109472 0.0585631
-0.945169 -0.485857 0.0335101
        0         0         0
jacP:
-0.441065  0.961324   1.59862
-0.125547   1.41666   1.32992
        0         0         0
df:
 -1.79875 -0.109472   1.59862
-0.945169  -1.48586   1.32992
 -4.19814 -0.496134   1.87603
f:
-5.68667e-12
 2.14171e-11
-1.69511e-09
h:
7.59367e-10
2.81365e-10
8.70142e-10

bfIter: 1**************************
init:
	0.835623  0.0870838
dst: 
	0.835141  0.0863749
detJac: 
	-0.00412426
jac:
-0.803438 -0.111068 0.0587553
-0.948024 -0.485296 0.0335725
        0         0         0
jacP:
-0.440363  0.965951   1.59901
-0.124664    1.4191   1.33147
        0         0         0
df:
 -1.80344 -0.111068   1.59901
-0.948024   -1.4853   1.33147
 -4.18285 -0.471295   1.90364
f:
-0.000481818
-0.000708941
 -0.00412426
h:
 0.00160126
0.000857474
 0.00156421

bfIter: 2**************************
init:
	0.834021  0.0862263
dst: 
	0.834013  0.0862512
detJac: 
	0.000335234
jac:
-0.791394 -0.108674 0.0571762
-0.970359 -0.492881 0.0334964
        0         0         0
jacP:
-0.439727  0.949212   1.59612
-0.126055   1.41577   1.32648
        0         0         0
df:
 -1.79139 -0.108674   1.59612
-0.970359  -1.49288   1.32648
 -4.57465 -0.532462   1.90065
f:
-8.19966e-06
 2.48489e-05
 0.000335234
h:
-0.000129668
-7.05019e-05
-0.000155469

bfIter: 3**************************
init:
	0.834151  0.0862969
dst: 
	0.834151  0.086297
detJac: 
	2.22943e-06
jac:
-0.792377 -0.108864 0.0573083
-0.968388  -0.49223 0.0335093
        0         0         0
jacP:
-0.439863  0.950568   1.59635
-0.125999   1.41595   1.32685
        0         0         0
df:
 -1.79238 -0.108864   1.59635
-0.968388  -1.49223   1.32685
 -4.53989 -0.526728   1.90022
f:
-5.26308e-08
 1.79689e-07
 2.22943e-06
h:
-8.72644e-07
-4.83985e-07
-1.04577e-06

bfIter: 4**************************
init:
	0.834152  0.0862973
dst: 
	0.834152  0.0862973
detJac: 
	-1.22585e-09
jac:
-0.792384 -0.108865 0.0573092
-0.968375 -0.492226 0.0335094
        0         0         0
jacP:
-0.439864  0.950577   1.59636
-0.125999   1.41595   1.32685
        0         0         0
df:
 -1.79238 -0.108865   1.59636
-0.968375  -1.49223   1.32685
 -4.53965  -0.52669   1.90022
f:
-2.37443e-12
 8.15892e-12
-1.22585e-09
h:
4.80025e-10
1.71329e-10
5.49167e-10

bfIter: 1**************************
init:
	0.834152  0.0862973
dst: 
	0.833675  0.0855887
detJac: 
	-0.00421078
jac:
-0.797157 -0.110499 0.0574997
-0.971263 -0.491663   0.03357
        0         0         0
jacP:
 -0.43917  0.955247   1.59673
-0.125119   1.41845   1.32843
        0         0         0
df:
 -1.79716 -0.110499   1.59673
-0.971263  -1.49166   1.32843
 -4.52431 -0.500717   1.92819
f:
-0.000476456
-0.000708602
 -0.00421078
h:
 0.00142622
0.000756883
 0.00135923

bfIter: 2**************************
init:
	0.832726  0.0855405
dst: 
	0.832718  0.0855608
detJac: 
	0.000307093
jac:
-0.785311 -0.108159 0.0560429
-0.991631 -0.498991 0.0334628
        0         0         0
jacP:
 -0.43864  0.939996   1.59412
-0.126462   1.41537   1.32378
        0         0         0
df:
 -1.78531 -0.108159   1.59412
-0.991631  -1.49899   1.32378
 -4.91949 -0.573973   1.92284
f:
-7.39142e-06
 2.03216e-05
 0.000307093
h:
-0.000105351
-5.54782e-05
-0.000126387

bfIter: 3**************************
init:
	0.832831  0.0855959
dst: 
	0.832831  0.0855961
detJac: 
	1.66309e-06
jac:
-0.786186 -0.108327 0.0561527
-0.989988 -0.498422 0.0334757
        0         0         0
jacP:
-0.438755  0.941117   1.59431
-0.126416   1.41551    1.3241
        0         0         0
df:
 -1.78619 -0.108327   1.59431
-0.989988  -1.49842    1.3241
 -4.88755 -0.567838   1.92266
f:
-3.88446e-08
 1.22184e-07
 1.66309e-06
h:
-5.75747e-07
-3.11374e-07
-6.90561e-07

bfIter: 4**************************
init:
	0.832832  0.0855962
dst: 
	0.832832  0.0855962
detJac: 
	-9.3774e-10
jac:
 -0.78619 -0.108328 0.0561533
-0.989979 -0.498419 0.0334757
        0         0         0
jacP:
-0.438756  0.941123   1.59431
-0.126415   1.41552    1.3241
        0         0         0
df:
 -1.78619 -0.108328   1.59431
-0.989979  -1.49842    1.3241
 -4.88738 -0.567805   1.92266
f:
-1.15907e-12
 3.66726e-12
 -9.3774e-10
h:
3.24886e-10
1.10544e-10
3.70772e-10

bfIter: 1**************************
init:
	0.832832  0.0855962
dst: 
	0.83236  0.0848878
detJac: 
	-0.00428831
jac:
-0.791045 -0.109996 0.0563423
-0.992895 -0.497853 0.0335347
        0         0         0
jacP:
 -0.43807  0.945833   1.59467
-0.125537   1.41807   1.32571
        0         0         0
df:
 -1.79104 -0.109996   1.59467
-0.992895  -1.49785   1.32571
 -4.87238  -0.54091   1.95089
f:
-0.000471739
-0.000708396
 -0.00428831
h:
 0.00128155
0.000676873
 0.00119023

bfIter: 2**************************
init:
	0.83155  0.0849194
dst: 
	0.831543  0.0849362
detJac: 
	0.000286631
jac:
-0.779389 -0.107682 0.0549886
 -1.01159 -0.504934 0.0334017
        0         0         0
jacP:
 -0.43763  0.931845   1.59229
-0.126838   1.41519   1.32135
        0         0         0
df:
 -1.77939 -0.107682   1.59229
 -1.01159  -1.50493   1.32135
 -5.27523 -0.626771   1.94274
f:
-6.70209e-06
 1.68694e-05
 0.000286631
h:
-8.78368e-05
-4.47002e-05
 -0.00010539

bfIter: 3**************************
init:
	0.831638  0.0849641
dst: 
	0.831638  0.0849642
detJac: 
	1.30614e-06
jac:
-0.780181 -0.107836  0.055082
 -1.01019 -0.504427 0.0334144
        0         0         0
jacP:
-0.437729  0.932792   1.59245
-0.126798   1.41532   1.32162
        0         0         0
df:
 -1.78018 -0.107836   1.59245
 -1.01019  -1.50443   1.32162
 -5.24507 -0.620195   1.94279
f:
-2.98892e-08
 8.71254e-08
 1.30614e-06
h:
-4.03127e-07
-2.12225e-07
-4.83791e-07

bfIter: 4**************************
init:
	0.831638  0.0849643
dst: 
	0.831638  0.0849643
detJac: 
	-7.51796e-10
jac:
-0.780184 -0.107837 0.0550824
 -1.01019 -0.504425 0.0334145
        0         0         0
jacP:
-0.437729  0.932796   1.59245
-0.126798   1.41532   1.32162
        0         0         0
df:
 -1.78018 -0.107837   1.59245
 -1.01019  -1.50443   1.32162
 -5.24494 -0.620165   1.94279
f:
-6.30607e-13
 1.84873e-12
-7.51796e-10
h:
2.32449e-10
 7.5083e-11
2.64542e-10

bfIter: 1**************************
init:
	0.831638  0.0849643
dst: 
	0.831171  0.084256
detJac: 
	-0.00435736
jac:
-0.785112 -0.109535 0.0552699
 -1.01313 -0.503855 0.0334717
        0         0         0
jacP:
 -0.43705  0.937544   1.59279
-0.125921   1.41792   1.32325
        0         0         0
df:
 -1.78511 -0.109535   1.59279
 -1.01313  -1.50385   1.32325
 -5.23079 -0.592592   1.97118
f:
-0.000467585
 -0.00070831
 -0.00435736
h:
 0.00115806
0.000611545
 0.00104638

bfIter: 2**************************
init:
	0.83048  0.0843527
dst: 
	0.830474  0.0843669
detJac: 
	0.000271069
jac:
-0.773653 -0.107229 0.0540062
 -1.03035 -0.510686 0.0333173
        0         0         0
jacP:
-0.436689  0.924664   1.59063
-0.127183   1.41524   1.31915
        0         0         0
df:
 -1.77365 -0.107229   1.59063
 -1.03035  -1.51069   1.31915
 -5.64471 -0.691756   1.95977
f:
-6.09293e-06
 1.41301e-05
 0.000271069
h:
-7.46034e-05
-3.66115e-05
-8.94863e-05

bfIter: 3**************************
init:
	0.830555  0.0843893
dst: 
	0.830555  0.0843894
detJac: 
	1.06436e-06
jac:
-0.774379 -0.107373 0.0540869
 -1.02914 -0.510229 0.0333297
        0         0         0
jacP:
-0.436776  0.925477   1.59076
-0.127149   1.41534   1.31939
        0         0         0
df:
 -1.77438 -0.107373   1.59076
 -1.02914  -1.51023   1.31939
 -5.61567 -0.684698   1.96006
f:
-2.3674e-08
6.42183e-08
1.06436e-06
h:
-2.94592e-07
-1.50737e-07
-3.53653e-07

bfIter: 4**************************
init:
	0.830555  0.0843895
dst: 
	0.830555  0.0843895
detJac: 
	-6.2534e-10
jac:
-0.774382 -0.107373 0.0540872
 -1.02914 -0.510228 0.0333297
        0         0         0
jacP:
-0.436776  0.925481   1.59076
-0.127149   1.41534   1.31939
        0         0         0
df:
 -1.77438 -0.107373   1.59076
 -1.02914  -1.51023   1.31939
 -5.61556  -0.68467   1.96007
f:
-3.69593e-13
 1.01198e-12
 -6.2534e-10
h:
1.73661e-10
5.31502e-11
1.97062e-10

bfIter: 1**************************
init:
	0.830555  0.0843895
dst: 
	0.830091  0.0836812
detJac: 
	-0.00441817
jac:
-0.779377 -0.109099 0.0542731
  -1.0321 -0.509651 0.0333853
        0         0         0
jacP:
-0.436103  0.930265    1.5911
-0.126273   1.41799   1.32106
        0         0         0
df:
 -1.77938 -0.109099    1.5911
  -1.0321  -1.50965   1.32106
 -5.60282 -0.656698   1.98849
f:
-0.000463936
-0.000708334
 -0.00441817
h:
 0.00105013
0.000557225
0.000921017

bfIter: 2**************************
init:
	0.829505  0.0838323
dst: 
	0.829499  0.0838442
detJac: 
	0.000258759
jac:
-0.768127  -0.10679   0.05309
 -1.04799 -0.516224 0.0332131
        0         0         0
jacP:
-0.435813  0.918381   1.58912
-0.127497   1.41549    1.3172
        0         0         0
df:
 -1.76813  -0.10679   1.58912
 -1.04799  -1.51622    1.3172
 -6.03076 -0.769995   1.97334
f:
-5.54205e-06
  1.1895e-05
 0.000258759
h:
 -6.4224e-05
-3.03337e-05
-7.69847e-05

bfIter: 3**************************
init:
	0.829569  0.0838626
dst: 
	0.829569  0.0838627
detJac: 
	8.90831e-07
jac:
-0.768799 -0.106926 0.0531605
 -1.04693  -0.51581  0.033225
        0         0         0
jacP:
 -0.43589  0.919087   1.58923
-0.127468   1.41558   1.31741
        0         0         0
df:
  -1.7688 -0.106926   1.58923
 -1.04693  -1.51581   1.31741
 -6.00236 -0.762412   1.97388
f:
-1.91372e-08
 4.84491e-08
 8.90831e-07
h:
-2.22088e-07
-1.10316e-07
-2.66646e-07

bfIter: 1**************************
init:
	0.829569  0.0838626
dst: 
	0.829108  0.0831542
detJac: 
	-0.00446995
jac:
-0.773854 -0.108676  0.053345
 -1.04991 -0.515226  0.033279
        0         0         0
jacP:
-0.435222  0.923907   1.58956
-0.126593   1.41827    1.3191
        0         0         0
df:
 -1.77385 -0.108676   1.58956
 -1.04991  -1.51523    1.3191
 -5.99167 -0.734367   2.00223
f:
-0.000460767
-0.000708414
 -0.00446995
h:
0.000953886
0.000511354
0.000809567

bfIter: 2**************************
init:
	0.828615  0.0833513
dst: 
	0.82861  0.0833613
detJac: 
	0.000248529
jac:
-0.762834  -0.10636 0.0522355
 -1.06458 -0.521527 0.0330919
        0         0         0
jacP:
-0.434999  0.912936   1.58775
-0.127782   1.41593   1.31547
        0         0         0
df:
 -1.76283  -0.10636   1.58775
 -1.06458  -1.52153   1.31547
 -6.43615 -0.862691   1.98286
f:
-5.03426e-06
 1.00302e-05
 0.000248529
h:
-5.58095e-05
-2.53233e-05
-6.68307e-05

bfIter: 3**************************
init:
	0.828671  0.0833766
dst: 
	0.828671  0.0833766
detJac: 
	7.59219e-07
jac:
-0.763458  -0.10649 0.0522976
 -1.06364 -0.521151 0.0331033
        0         0         0
jacP:
-0.435067  0.913554   1.58785
-0.127756   1.41601   1.31565
        0         0         0
df:
 -1.76346  -0.10649   1.58785
 -1.06364  -1.52115   1.31565
 -6.40807 -0.854547   1.98365
f:
-1.56764e-08
 3.71147e-08
 7.59219e-07
h:
-1.71065e-07
 -8.2422e-08
-2.05383e-07

bfIter: 1**************************
init:
	0.828671  0.0833766
dst: 
	0.828213  0.0826679
detJac: 
	-0.00451461
jac:
-0.768566  -0.10826 0.0524807
 -1.06663 -0.520558 0.0331557
        0         0         0
jacP:
-0.434403  0.918406   1.58818
-0.126882   1.41874   1.31737
        0         0         0
df:
 -1.76857  -0.10826   1.58818
 -1.06663  -1.52056   1.31737
 -6.40019 -0.826811   2.01177
f:
-0.000458005
-0.000708651
 -0.00451461
h:
0.000867462
0.000472507
0.000709815

bfIter: 2**************************
init:
	0.827804  0.0829041
dst: 
	0.827799  0.0829125
detJac: 
	0.000239944
jac:
-0.757793 -0.105935 0.0514389
 -1.08016 -0.526577 0.0329563
        0         0         0
jacP:
-0.434243  0.908277   1.58652
-0.128038   1.41656   1.31395
        0         0         0
df:
 -1.75779 -0.105935   1.58652
 -1.08016  -1.52658   1.31395
 -6.86377 -0.971187   1.98769
f:
-4.56727e-06
 8.46446e-06
 0.000239944
h:
-4.88748e-05
-2.12716e-05
-5.84501e-05

bfIter: 3**************************
init:
	0.827852  0.0829253
dst: 
	0.827852  0.0829254
detJac: 
	6.56588e-07
jac:
-0.758375  -0.10606 0.0514939
 -1.07933 -0.526233 0.0329672
        0         0         0
jacP:
-0.434304  0.908821   1.58661
-0.128015   1.41663   1.31412
        0         0         0
df:
 -1.75838  -0.10606   1.58661
 -1.07933  -1.52623   1.31412
 -6.83574 -0.962439   1.98874
f:
-1.29824e-08
 2.87813e-08
 6.56588e-07
h:
-1.34057e-07
-6.26263e-08
-1.60939e-07

bfIter: 1**************************
init:
	0.827852  0.0829253
dst: 
	0.827397  0.0822164
detJac: 
	-0.00455103
jac:
 -0.76353 -0.107846 0.0516755
 -1.08233  -0.52563  0.033018
        0         0         0
jacP:
-0.433644  0.913706   1.58694
-0.127141    1.4194   1.31586
        0         0         0
df:
 -1.76353 -0.107846   1.58694
 -1.08233  -1.52563   1.31586
 -6.83152 -0.935456    2.0165
f:
-0.000455644
-0.000708978
 -0.00455103
h:
0.000788851
0.000439281
0.000619366

bfIter: 2**************************
init:
	0.827064  0.0824861
dst: 
	0.827059  0.0824932
detJac: 
	0.000232354
jac:
-0.753021 -0.105513 0.0506968
 -1.09477 -0.531356 0.0328086
        0         0         0
jacP:
-0.433543  0.904362   1.58543
-0.128266   1.41737   1.31265
        0         0         0
df:
 -1.75302 -0.105513   1.58543
 -1.09477  -1.53136   1.31265
 -7.31651  -1.09692   1.98721
f:
-4.13344e-06
 7.13329e-06
 0.000232354
h:
-4.30207e-05
-1.79351e-05
 -5.1369e-05

bfIter: 3**************************
init:
	0.827107  0.082504
dst: 
	0.827107  0.082504
detJac: 
	5.72738e-07
jac:
-0.753566 -0.105633 0.0507458
 -1.09404 -0.531043  0.032819
        0         0         0
jacP:
-0.433598  0.904841   1.58551
-0.128246   1.41742    1.3128
        0         0         0
df:
 -1.75357 -0.105633   1.58551
 -1.09404  -1.53104    1.3128
 -7.28832  -1.08754   1.98854
f:
-1.08198e-08
 2.24771e-08
 5.72738e-07
h:
-1.06183e-07
-4.81032e-08
-1.27467e-07

bfIter: 1**************************
init:
	0.827107  0.082504
dst: 
	0.826653  0.0817946
detJac: 
	-0.00457915
jac:
-0.758761 -0.107433  0.050926
 -1.09704 -0.530428 0.0328683
        0         0         0
jacP:
-0.432942  0.909758   1.58583
-0.127371   1.42023   1.31457
        0         0         0
df:
 -1.75876 -0.107433   1.58583
 -1.09704  -1.53043   1.31457
 -7.28877  -1.06182   2.01575
f:
 -0.00045366
-0.000709391
 -0.00457915
h:
0.000716863
 0.00041074
 0.00053679

bfIter: 2**************************
init:
	0.82639  0.0820933
dst: 
	0.826386  0.0820993
detJac: 
	0.000225401
jac:
-0.748534 -0.105093 0.0500063
 -1.10847  -0.53585 0.0326509
        0         0         0
jacP:
-0.432897  0.901148   1.58447
-0.128466   1.41834   1.31156
        0         0         0
df:
 -1.74853 -0.105093   1.58447
 -1.10847  -1.53585   1.31156
 -7.79737  -1.24145   1.98078
f:
-3.73007e-06
  5.9961e-06
 0.000225401
h:
-3.80003e-05
-1.51583e-05
-4.52947e-05

bfIter: 3**************************
init:
	0.826428  0.0821084
dst: 
	0.826428  0.0821084
detJac: 
	5.01918e-07
jac:
-0.749044 -0.105209   0.05005
 -1.10781 -0.535565 0.0326608
        0         0         0
jacP:
-0.432946  0.901572   1.58453
-0.128449   1.41839    1.3117
        0         0         0
df:
 -1.74904 -0.105209   1.58453
 -1.10781  -1.53557    1.3117
 -7.76887  -1.23139   1.98239
f:
-9.0512e-09
1.76239e-08
5.01918e-07
h:
-8.46349e-08
-3.72103e-08
-1.01605e-07

bfIter: 1**************************
init:
	0.826428  0.0821084
dst: 
	0.825976  0.0813985
detJac: 
	-0.00459887
jac:
-0.754271 -0.107018 0.0502288
 -1.11082 -0.534937 0.0327085
        0         0         0
jacP:
-0.432293  0.906519   1.58486
-0.127573   1.42123   1.31349
        0         0         0
df:
 -1.75427 -0.107018   1.58486
 -1.11082  -1.53494   1.31349
 -7.77513  -1.20754   2.00887
f:
-0.000452031
-0.000709887
 -0.00459887
h:
0.000650631
0.000386151
0.000461036

bfIter: 2**************************
init:
	0.825777  0.0817223
dst: 
	0.825774  0.0817273
detJac: 
	0.000218823
jac:
-0.744342 -0.104676 0.0493647
 -1.12128 -0.540049 0.0324852
       -0         0         0
jacP:
-0.432303    0.8986   1.58362
 -0.12864   1.41947   1.31068
        0         0         0
df:
 -1.74434 -0.104676   1.58362
 -1.12128  -1.54005   1.31068
 -8.30943   -1.4064   1.96776
f:
-3.35548e-06
 5.02258e-06
 0.000218823
h:
-3.36404e-05
-1.28291e-05
-4.00213e-05

bfIter: 3**************************
init:
	0.825811  0.0817351
dst: 
	0.825811  0.0817351
detJac: 
	4.40365e-07
jac:
-0.744819 -0.104789 0.0494037
  -1.1207  -0.53979 0.0324945
        0         0         0
jacP:
-0.432347  0.898974   1.58368
-0.128625   1.41951    1.3108
        0         0         0
df:
 -1.74482 -0.104789   1.58368
  -1.1207  -1.53979    1.3108
 -8.28051  -1.39566   1.96965
f:
-7.5848e-09
1.38399e-08
4.40365e-07
h:
-6.76268e-08
-2.88998e-08
-8.12093e-08

bfIter: 1**************************
init:
	0.825811  0.0817351
dst: 
	0.82536  0.0810246
detJac: 
	-0.00461008
jac:
-0.750073 -0.106603 0.0495812
  -1.1237 -0.539147 0.0325407
        0         0         0
jacP:
-0.431696  0.903951   1.58401
-0.127749   1.42239   1.31261
        0         0         0
df:
 -1.75007 -0.106603   1.58401
  -1.1237  -1.53915   1.31261
 -8.29389  -1.37437   1.99519
f:
-0.000450738
-0.000710461
 -0.00461008
h:
0.000589503
0.000364924
0.000391307

bfIter: 2**************************
init:
	0.825221  0.0813702
dst: 
	0.825218  0.0813744
detJac: 
	0.000212423
jac:
-0.740454 -0.104263 0.0487694
 -1.13324 -0.543943  0.032313
        0         0         0
jacP:
-0.431759   0.89668    1.5829
-0.128789   1.42075   1.30999
        0         0         0
df:
 -1.74045 -0.104263    1.5829
 -1.13324  -1.54394   1.30999
 -8.85591  -1.59352    1.9475
f:
-3.00854e-06
 4.18918e-06
 0.000212423
h:
-2.98165e-05
-1.08646e-05
-3.54005e-05

bfIter: 3**************************
init:
	0.825251  0.081381
dst: 
	0.825251  0.081381
detJac: 
	3.85572e-07
jac:
-0.740901 -0.104372 0.0488043
 -1.13272 -0.543708 0.0323218
        0         0         0
jacP:
-0.431799  0.897011   1.58295
-0.128776   1.42079    1.3101
        0         0         0
df:
  -1.7409 -0.104372   1.58295
 -1.13272  -1.54371    1.3101
 -8.82649  -1.58207   1.94968
f:
-6.35664e-09
 1.08642e-08
 3.85572e-07
h:
-5.39831e-08
-2.24776e-08
-6.48673e-08

bfIter: 1**************************
init:
	0.825251  0.081381
dst: 
	0.824801  0.0806699
detJac: 
	-0.00461266
jac:
-0.746173 -0.106188 0.0489804
 -1.13571 -0.543049 0.0323665
        0         0         0
jacP:
 -0.43115  0.902016   1.58329
-0.127899   1.42369   1.31193
        0         0         0
df:
 -1.74617 -0.106188   1.58329
 -1.13571  -1.54305   1.31193
 -8.84849  -1.56413   1.97402
f:
-0.000449763
-0.000711109
 -0.00461266
h:
0.000532978
0.000346573
0.000326984

bfIter: 2**************************
init:
	0.824718  0.0810345
dst: 
	0.824715  0.0810379
detJac: 
	0.000206058
jac:
-0.736876 -0.103856  0.048218
 -1.14438 -0.547528  0.032136
        0         0         0
jacP:
-0.431264  0.895354    1.5823
-0.128914   1.42218   1.30949
        0         0         0
df:
 -1.73688 -0.103856    1.5823
 -1.14438  -1.54753   1.30949
 -9.44016  -1.80462   1.91934
f:
-2.68833e-06
 3.47681e-06
 0.000206058
h:
-2.64372e-05
-9.20158e-06
-3.13228e-05

bfIter: 3**************************
init:
	0.824745  0.0810437
dst: 
	0.824745  0.0810437
detJac: 
	3.35864e-07
jac:
-0.737293  -0.10396 0.0482492
 -1.14392 -0.547316 0.0321442
        0         0         0
jacP:
-0.431299  0.895646   1.58234
-0.128902   1.42221   1.30959
        0         0         0
df:
-1.73729 -0.10396  1.58234
-1.14392 -1.54732  1.30959
-9.41018 -1.79246  1.92181
f:
-5.32136e-09
 8.51141e-09
 3.35864e-07
h:
-4.29061e-08
-1.74683e-08
-5.16183e-08

bfIter: 1**************************
init:
	0.824745  0.0810437
dst: 
	0.824295  0.0803318
detJac: 
	-0.00460653
jac:
-0.742578 -0.105773 0.0484239
  -1.1469 -0.546638 0.0321874
        0         0         0
jacP:
-0.430651   0.90068   1.58269
-0.128024   1.42514   1.31145
        0         0         0
df:
 -1.74258 -0.105773   1.58269
  -1.1469  -1.54664   1.31145
 -9.44253   -1.7788   1.94469
f:
-0.000449086
-0.000711827
 -0.00460653
h:
0.000480658
0.000330691
0.000267568

bfIter: 2**************************
init:
	0.824264  0.080713
dst: 
	0.824262  0.0807158
detJac: 
	0.000199623
jac:
 -0.73361 -0.103454 0.0477081
 -1.15474   -0.5508 0.0319554
       -0         0         0
jacP:
-0.430814  0.894588   1.58181
-0.129016   1.42373   1.30918
        0         0         0
df:
 -1.73361 -0.103454   1.58181
 -1.15474   -1.5508   1.30918
 -10.0657  -2.04163   1.88262
f:
-2.39397e-06
 2.86958e-06
 0.000199623
h:
-2.34338e-05
-7.79046e-06
-2.77056e-05

bfIter: 3**************************
init:
	0.824287  0.0807208
dst: 
	0.824287  0.0807208
detJac: 
	2.90122e-07
jac:
   -0.734 -0.103555 0.0477359
 -1.15434  -0.55061 0.0319631
        0         0         0
jacP:
-0.430846  0.894845   1.58184
-0.129006   1.42376   1.30927
        0         0         0
df:
   -1.734 -0.103555   1.58184
 -1.15434  -1.55061   1.30927
 -10.0351  -2.02875   1.88539
f:
-4.44512e-09
 6.64626e-09
 2.90122e-07
h:
-3.38375e-08
-1.35363e-08
-4.07886e-08

bfIter: 1**************************
init:
	0.824287  0.0807208
dst: 
	0.823839  0.0800082
detJac: 
	-0.00459156
jac:
-0.739288 -0.105361 0.0479094
  -1.1573 -0.549913 0.0320048
        0         0         0
jacP:
-0.430199  0.899907    1.5822
-0.128127   1.42671   1.31115
        0         0         0
df:
 -1.73929 -0.105361    1.5822
  -1.1573  -1.54991   1.31115
 -10.0798  -2.02043   1.90648
f:
-0.000448692
-0.000712611
 -0.00459156
h:
0.000432215
0.000316932
0.000212645

bfIter: 2**************************
init:
	0.823855  0.0804038
dst: 
	0.823853  0.0804062
detJac: 
	0.000193046
jac:
-0.730656  -0.10306 0.0472374
 -1.16435 -0.553761 0.0317725
        0         0         0
jacP:
-0.430409  0.894349   1.58142
-0.129096   1.42541   1.30905
        0         0         0
df:
-1.73066 -0.10306  1.58142
-1.16435 -1.55376  1.30905
-10.7362 -2.30656  1.83668
f:
-2.12453e-06
 2.35383e-06
 0.000193046
h:
-2.07536e-05
-6.59146e-06
-2.44851e-05

bfIter: 3**************************
init:
	0.823876  0.0804104
dst: 
	0.823876  0.0804104
detJac: 
	2.47611e-07
jac:
-0.731019 -0.103158 0.0472622
   -1.164  -0.55359 0.0317797
       -0         0         0
jacP:
-0.430437  0.894575   1.58145
-0.129087   1.42543   1.30913
        0         0         0
df:
 -1.73102 -0.103158   1.58145
   -1.164  -1.55359   1.30913
 -10.7049  -2.29297   1.83974
f:
-3.70218e-09
 5.16707e-09
 2.47611e-07
h:
-2.63757e-08
-1.04381e-08
-3.18921e-08

bfIter: 1**************************
init:
	0.823876  0.0804104
dst: 
	0.823427  0.079697
detJac: 
	-0.00456766
jac:
-0.736305 -0.104952 0.0474344
 -1.16694 -0.552872 0.0318201
        0         0         0
jacP:
-0.429791  0.899664   1.58182
-0.128207   1.42841   1.31103
        0         0         0
df:
  -1.7363 -0.104952   1.58182
 -1.16694  -1.55287   1.31103
 -10.7642  -2.29121   1.85869
f:
-0.000448563
-0.000713456
 -0.00456766
h:
0.000387367
0.000304999
0.000161861

bfIter: 2**************************
init:
	0.823489  0.0801054
dst: 
	0.823487  0.0801073
detJac: 
	0.00018628
jac:
-0.728011 -0.102676 0.0468037
 -1.17325 -0.556412 0.0315885
        0         0         0
jacP:
-0.430046  0.894605   1.58114
-0.129157    1.4272   1.30909
        0         0         0
df:
 -1.72801 -0.102676   1.58114
 -1.17325  -1.55641   1.30909
 -11.4554  -2.60153   1.78085
f:
-1.87895e-06
 1.91767e-06
  0.00018628
h:
-1.83554e-05
-5.57206e-06
-2.16106e-05

bfIter: 3**************************
init:
	0.823507  0.080111
dst: 
	0.823507  0.080111
detJac: 
	2.07862e-07
jac:
-0.728349 -0.102769 0.0468258
 -1.17294 -0.556261 0.0315951
        0         0         0
jacP:
-0.430072  0.894803   1.58117
-0.129148   1.42722   1.30916
        0         0         0
df:
 -1.72835 -0.102769   1.58117
 -1.17294  -1.55626   1.30916
 -11.4236  -2.58725   1.78419
f:
-3.07223e-09
 3.99559e-09
 2.07862e-07
h:
-2.02229e-08
-7.99254e-09
-2.45678e-08

bfIter: 1**************************
init:
	0.823507  0.080111
dst: 
	0.823058  0.0793966
detJac: 
	-0.00453473
jac:
-0.733624 -0.104548 0.0469967
 -1.17586  -0.55552 0.0316341
        0         0         0
jacP:
-0.429425   0.89992   1.58155
-0.128266   1.43023   1.31108
        0         0         0
df:
 -1.73362 -0.104548   1.58155
 -1.17586  -1.55552   1.31108
    -11.5  -2.59345   1.80059
f:
-0.000448683
-0.000714358
 -0.00453473
h:
0.000345869
0.000294636
0.000114904

bfIter: 2**************************
init:
	0.823161  0.0798164
dst: 
	0.823159  0.0798179
detJac: 
	0.000179295
jac:
 -0.72567 -0.102301 0.0464048
 -1.18148  -0.55876 0.0314042
        0         0         0
jacP:
-0.429724  0.895324   1.58096
-0.129198    1.4291    1.3093
        0         0         0
df:
 -1.72567 -0.102301   1.58096
 -1.18148  -1.55876    1.3093
 -12.2276  -2.92877   1.71443
f:
-1.65605e-06
 1.55061e-06
 0.000179295
h:
-1.62059e-05
-4.70525e-06
-1.90413e-05

bfIter: 3**************************
init:
	0.823177  0.0798211
dst: 
	0.823177  0.0798211
detJac: 
	1.70581e-07
jac:
-0.725984  -0.10239 0.0464245
 -1.18121 -0.558626 0.0314103
        0         0         0
jacP:
-0.429747  0.895496   1.58098
-0.129191   1.42912   1.30936
        0         0         0
df:
-1.72598 -0.10239  1.58098
-1.18121 -1.55863  1.30936
-12.1951 -2.91382  1.71804
f:
-2.53878e-09
 3.07033e-09
 1.70581e-07
h:
-1.51511e-08
-6.06178e-09
-1.85391e-08

bfIter: 1**************************
init:
	0.823177  0.0798211
dst: 
	0.822728  0.0791058
detJac: 
	-0.00449264
jac:
-0.731241 -0.104148 0.0465942
 -1.18409 -0.557861 0.0314479
        0         0         0
jacP:
  -0.4291   0.90064   1.58138
-0.128307   1.43214   1.31129
        0         0         0
df:
 -1.73124 -0.104148   1.58138
 -1.18409  -1.55786   1.31129
 -12.2917  -2.92962   1.73143
f:
-0.000449036
-0.000715312
 -0.00449264
h:
0.000307497
0.000285622
7.14954e-05

bfIter: 2**************************
init:
	0.82287  0.0795354
dst: 
	0.822868  0.0795367
detJac: 
	0.000172077
jac:
-0.723627 -0.101936 0.0460388
 -1.18906 -0.560811 0.0312204
        0         0         0
jacP:
 -0.42944  0.896476   1.58087
-0.129221    1.4311   1.30966
        0         0         0
df:
 -1.72363 -0.101936   1.58087
 -1.18906  -1.56081   1.30966
 -13.0569  -3.29066   1.63672
f:
-1.45454e-06
 1.24332e-06
 0.000172077
h:
-1.42776e-05
-3.96831e-06
-1.67429e-05

bfIter: 3**************************
init:
	0.822884  0.0795394
dst: 
	0.822884  0.0795394
detJac: 
	1.35607e-07
jac:
-0.723917 -0.102021 0.0460562
 -1.18882 -0.560693  0.031226
        0         0         0
jacP:
 -0.42946  0.896625   1.58089
-0.129215   1.43111   1.30971
        0         0         0
df:
 -1.72392 -0.102021   1.58089
 -1.18882  -1.56069   1.30971
 -13.0239  -3.27507   1.64059
f:
-2.08795e-09
 2.34262e-09
 1.35607e-07
h:
-1.09825e-08
-4.53968e-09
-1.35898e-08

bfIter: 1**************************
init:
	0.822884  0.0795394
dst: 
	0.822434  0.0788231
detJac: 
	-0.00444127
jac:
-0.729149 -0.103755 0.0462247
 -1.19168 -0.559902 0.0312624
        0         0         0
jacP:
-0.428813  0.901796   1.58131
-0.128329   1.43415   1.31167
        0         0         0
df:
 -1.72915 -0.103755   1.58131
 -1.19168   -1.5599   1.31167
 -13.1442  -3.30235   1.65043
f:
-0.000449607
-0.000716314
 -0.00444127
h:
0.000272044
0.000277762
3.13768e-05

bfIter: 2**************************
init:
	0.822612  0.0792616
dst: 
	0.822611  0.0792626
detJac: 
	0.000164625
jac:
-0.721872 -0.101583 0.0457035
 -1.19603 -0.562573  0.031038
        0         0         0
jacP:
-0.429193   0.89803   1.58088
-0.129228   1.43318   1.31016
        0         0         0
df:
 -1.72187 -0.101583   1.58088
 -1.19603  -1.56257   1.31016
 -13.9482  -3.68973   1.54698
f:
-1.27306e-06
 9.87526e-07
 0.000164625
h:
-1.25474e-05
-3.34201e-06
-1.46864e-05

bfIter: 3**************************
init:
	0.822624  0.079265
dst: 
	0.822624  0.079265
detJac: 
	1.02857e-07
jac:
-0.722139 -0.101664 0.0457189
 -1.19583  -0.56247 0.0310431
        0         0         0
jacP:
-0.429211  0.898159    1.5809
-0.129222   1.43319   1.31021
        0         0         0
df:
 -1.72214 -0.101664    1.5809
 -1.19583  -1.56247   1.31021
 -13.9146  -3.67354    1.5511
f:
-1.70807e-09
 1.77315e-09
 1.02857e-07
h:
-7.57353e-09
-3.34294e-09
-9.54561e-09

bfIter: 1**************************
init:
	0.822624  0.079265
dst: 
	0.822174  0.0785476
detJac: 
	-0.00438047
jac:
-0.727339 -0.103368 0.0458863
 -1.19864 -0.561651 0.0310782
        0         0         0
jacP:
-0.428562  0.903357   1.58134
-0.128334   1.43625   1.31218
        0         0         0
df:
 -1.72734 -0.103368   1.58134
 -1.19864  -1.56165   1.31218
 -14.0625  -3.71448   1.55676
f:
 -0.00045038
-0.000717359
 -0.00438047
h:
 0.000239317
 0.000270892
-5.68965e-06

bfIter: 2**************************
init:
	0.822385  0.0789941
dst: 
	0.822384  0.0789949
detJac: 
	0.000156942
jac:
-0.720395 -0.101241  0.045397
 -1.20243 -0.564057 0.0308574
        0         0         0
jacP:
-0.428981  0.899959   1.58097
-0.129219   1.43534   1.31081
        0         0         0
df:
  -1.7204 -0.101241   1.58097
 -1.20243  -1.56406   1.31081
 -14.9063  -4.12869   1.44444
f:
-1.11019e-06
 7.75892e-07
 0.000156942
h:
-1.09952e-05
-2.80993e-06
-1.28469e-05

bfIter: 3**************************
init:
	0.822396  0.0789969
dst: 
	0.822396  0.0789969
detJac: 
	7.22998e-08
jac:
-0.720642 -0.101318 0.0454107
 -1.20225 -0.563968  0.030862
        0         0         0
jacP:
-0.428996   0.90007   1.58099
-0.129214   1.43535   1.31084
        0         0         0
df:
 -1.72064 -0.101318   1.58099
 -1.20225  -1.56397   1.31084
 -14.8722  -4.11195   1.44878
f:
-1.3891e-09
1.33015e-09
7.22998e-08
h:
-4.80644e-09
-2.40574e-09
-6.26382e-09

bfIter: 1**************************
init:
	0.822396  0.0789969
dst: 
	0.821945  0.0782785
detJac: 
	-0.00431005
jac:
-0.725801 -0.102988 0.0455768
 -1.20502 -0.563119 0.0308959
        0         0         0
jacP:
-0.428347  0.905295   1.58145
-0.128324   1.43843   1.31284
        0         0         0
df:
  -1.7258 -0.102988   1.58145
 -1.20502  -1.56312   1.31284
 -15.0523  -4.16907   1.44954
f:
-0.000451342
-0.000718444
 -0.00431005
h:
 0.000209133
 0.000264865
-3.99268e-05

bfIter: 2**************************
init:
	0.822187  0.078732
dst: 
	0.822186  0.0787326
detJac: 
	0.000149039
jac:
-0.719187  -0.10091 0.0451175
 -1.20828 -0.565274 0.0306791
        0         0         0
jacP:
-0.428801  0.902234   1.58115
-0.129196   1.43758   1.31158
        0         0         0
df:
-1.71919 -0.10091  1.58115
-1.20828 -1.56527  1.31158
-15.9366 -4.61046  1.32828
f:
-9.64485e-07
 6.01924e-07
 0.000149039
h:
-9.60346e-06
-2.35806e-06
-1.12023e-05

bfIter: 3**************************
init:
	0.822197  0.0787344
dst: 
	0.822197  0.0787344
detJac: 
	4.39413e-08
jac:
-0.719413 -0.100982 0.0451295
 -1.20813 -0.565196 0.0306833
        0         0         0
jacP:
-0.428814  0.902329   1.58116
-0.129192   1.43758   1.31161
        0         0         0
df:
 -1.71941 -0.100982   1.58116
 -1.20813   -1.5652   1.31161
 -15.9022  -4.59323   1.33283
f:
-1.12233e-09
 9.87854e-10
 4.39413e-08
h:
-2.58312e-09
-1.67568e-09
-3.62581e-09

bfIter: 1**************************
init:
	0.822197  0.0787344
dst: 
	0.821744  0.0780148
detJac: 
	-0.0042298
jac:
-0.724523 -0.102614 0.0452946
 -1.21086 -0.564316  0.030716
        0         0         0
jacP:
-0.428164  0.907581   1.58165
  -0.1283   1.44067   1.31363
        0         0         0
df:
 -1.72452 -0.102614   1.58165
 -1.21086  -1.56432   1.31363
 -16.1198  -4.66947   1.32784
f:
-0.000452478
-0.000719563
  -0.0042298
h:
 0.000181318
 0.000259558
-7.15436e-05

bfIter: 2**************************
init:
	0.822015  0.0784748
dst: 
	0.822014  0.0784753
detJac: 
	0.000140928
jac:
-0.718235  -0.10059 0.0448632
 -1.21363 -0.566234 0.0305037
        0         0         0
jacP:
-0.428652   0.90483   1.58141
 -0.12916   1.43987   1.31248
        0         0         0
df:
-1.71823 -0.10059  1.58141
-1.21363 -1.56623  1.31248
-17.0451 -5.13822  1.19761
f:
-8.34535e-07
 4.59916e-07
 0.000140928
h:
-8.35665e-06
 -1.9744e-06
-9.73299e-06

bfIter: 3**************************
init:
	0.822024  0.0784768
dst: 
	0.822024  0.0784768
detJac: 
	1.78096e-08
jac:
-0.718442 -0.100658 0.0448738
  -1.2135 -0.566168 0.0305075
        0         0         0
jacP:
-0.428664  0.904911   1.58142
-0.129157   1.43987    1.3125
        0         0         0
df:
 -1.71844 -0.100658   1.58142
  -1.2135  -1.56617    1.3125
 -17.0103  -5.12057   1.20234
f:
-9.00181e-10
 7.25394e-10
 1.78096e-08
h:
-8.20846e-10
-1.11095e-09
-1.53191e-09

bfIter: 1**************************
init:
	0.822024  0.0784768
dst: 
	0.82157  0.0777561
detJac: 
	-0.00413946
jac:
-0.723495 -0.102246 0.0450377
 -1.21617 -0.565254  0.030539
        0         0         0
jacP:
-0.428011   0.91019   1.58193
-0.128262   1.44298   1.31454
        0         0         0
df:
 -1.72349 -0.102246   1.58193
 -1.21617  -1.56525   1.31454
 -17.2716  -5.21937   1.19065
f:
-0.000453776
-0.000720714
 -0.00413946
h:
 0.000155706
 0.000254863
-0.000100737

bfIter: 2**************************
init:
	0.821868  0.078222
dst: 
	0.821867  0.0782223
detJac: 
	0.000132625
jac:
-0.717527 -0.100281 0.0446325
  -1.2185  -0.56695 0.0303314
        0         0         0
jacP:
-0.428532  0.907723   1.58174
-0.129112   1.44222   1.31349
        0         0         0
df:
 -1.71753 -0.100281   1.58174
  -1.2185  -1.56695   1.31349
  -18.238  -5.71543    1.0515
f:
-7.1896e-07
3.44875e-07
0.000132625
h:
-7.24075e-06
-1.64871e-06
 -8.4214e-06

bfIter: 3**************************
init:
	0.821875  0.0782236
dst: 
	0.821875  0.0782236
detJac: 
	-6.05066e-09
jac:
-0.717715 -0.100345 0.0446417
 -1.21839 -0.566894 0.0303348
        0         0         0
jacP:
-0.428542  0.907791   1.58175
-0.129109   1.44222   1.31351
        0         0         0
df:
 -1.71772 -0.100345   1.58175
 -1.21839  -1.56689   1.31351
  -18.203  -5.69744   1.05639
f:
-7.16056e-10
 5.25873e-10
-6.05066e-09
h:
 5.50561e-10
-6.78072e-10
 1.02172e-10

bfIter: 1**************************
init:
	0.821875  0.0782236
dst: 
	0.82142  0.0775017
detJac: 
	-0.00403873
jac:
-0.722703 -0.101884 0.0448045
 -1.22101 -0.565945 0.0303651
        0         0         0
jacP:
-0.427888  0.913097   1.58229
-0.128212   1.44535   1.31556
        0         0         0
df:
  -1.7227 -0.101884   1.58229
 -1.22101  -1.56595   1.31556
 -18.5154  -5.82281   1.03683
f:
-0.000455222
-0.000721892
 -0.00403873
h:
 0.00013214
0.000250688
-0.00012769

bfIter: 2**************************
init:
	0.821743  0.0779729
dst: 
	0.821742  0.0779732
detJac: 
	0.000124142
jac:
 -0.717051 -0.0999823  0.0444237
  -1.22292  -0.567435  0.0301625
         0          0          0
jacP:
 -0.42844  0.910887   1.58215
-0.129053   1.44462    1.3146
        0         0         0
df:
  -1.71705 -0.0999823    1.58215
  -1.22292   -1.56743     1.3146
  -19.5224   -6.34589   0.888905
f:
-6.16448e-07
  2.5246e-07
 0.000124142
h:
-6.24311e-06
-1.37222e-06
-7.25178e-06

bfIter: 3**************************
init:
	0.821749  0.0779743
dst: 
	0.821749  0.0779743
detJac: 
	-2.75801e-08
jac:
-0.717222 -0.100041 0.0444317
 -1.22283 -0.567388 0.0301655
        0         0         0
jacP:
-0.428449  0.910945   1.58215
 -0.12905   1.44462   1.31462
        0         0         0
df:
 -1.71722 -0.100041   1.58215
 -1.22283  -1.56739   1.31462
 -19.4874  -6.32765  0.893912
f:
-5.64235e-10
  3.7566e-10
-2.75801e-08
h:
 1.59085e-09
-3.50285e-10
 1.34789e-09

bfIter: 1**************************
init:
	0.821749  0.0779743
dst: 
	0.821293  0.0772512
detJac: 
	-0.0039272
jac:
-0.722135 -0.101527 0.0445934
 -1.22538 -0.566402 0.0301947
        0         0         0
jacP:
-0.427793  0.916279   1.58273
 -0.12815   1.44775   1.31669
        0         0         0
df:
 -1.72214 -0.101527   1.58273
 -1.22538   -1.5664   1.31669
 -19.8593  -6.48432  0.865157
f:
-0.000456806
-0.000723094
  -0.0039272
h:
 0.000110471
 0.000246953
-0.000152577

bfIter: 2**************************
init:
	0.821639  0.0777273
dst: 
	0.821638  0.0777275
detJac: 
	0.000115495
jac:
 -0.716794 -0.0996925  0.0442354
  -1.22692    -0.5677  0.0299971
         0          0          0
jacP:
-0.428373  0.914302   1.58262
-0.128984   1.44706   1.31581
        0         0         0
df:
  -1.71679 -0.0996925    1.58262
  -1.22692    -1.5677    1.31581
  -20.9061   -7.03381   0.708686
f:
-5.2576e-07
 1.7892e-07
0.000115495
h:
-5.35228e-06
-1.13746e-06
 -6.2099e-06

bfIter: 3**************************
init:
	0.821644  0.0777285
dst: 
	0.821644  0.0777285
detJac: 
	-4.67033e-08
jac:
 -0.716948 -0.0997471  0.0442423
  -1.22685  -0.567661  0.0299998
         0          0          0
jacP:
-0.428381   0.91435   1.58262
-0.128981   1.44706   1.31583
        0         0         0
df:
  -1.71695 -0.0997471    1.58262
  -1.22685   -1.56766    1.31583
  -20.8712   -7.01543    0.71378
f:
-4.39768e-10
 2.63813e-10
-4.67033e-08
h:
 2.35089e-09
-1.06216e-10
 2.26585e-09

bfIter: 1**************************
init:
	0.821644  0.0777285
dst: 
	0.821186  0.0770042
detJac: 
	-0.00380444
jac:
-0.721778 -0.101173  0.044403
 -1.22933 -0.566636  0.030028
        0         0         0
jacP:
-0.427723  0.919712   1.58323
-0.128079   1.45021   1.31792
        0         0         0
df:
 -1.72178 -0.101173   1.58323
 -1.22933  -1.56664   1.31792
 -21.3127  -7.20896  0.674237
f:
-0.000458515
-0.000724316
 -0.00380444
h:
  9.0558e-05
 0.000243591
-0.000175559

bfIter: 2**************************
init:
	0.821554  0.0774849
dst: 
	0.821553  0.077485
detJac: 
	0.000106696
jac:
 -0.716745 -0.0994112  0.0440662
  -1.23053  -0.567758  0.0298356
         0          0          0
jacP:
 -0.42833  0.917947   1.58316
-0.128905   1.44953   1.31711
        0         0         0
df:
  -1.71674 -0.0994112    1.58316
  -1.23053   -1.56776    1.31711
  -22.3977   -7.78385   0.509579
f:
-4.45748e-07
 1.21028e-07
 0.000106696
h:
-4.55789e-06
-9.38071e-07
-5.28294e-06

bfIter: 3**************************
init:
	0.821558  0.0774858
dst: 
	0.821558  0.0774858
detJac: 
	-6.33254e-08
jac:
 -0.716883 -0.0994613  0.0440721
  -1.23047  -0.567727  0.0298379
         0          0          0
jacP:
-0.428337  0.917986   1.58316
-0.128903   1.44953   1.31713
        0         0         0
df:
  -1.71688 -0.0994613    1.58316
  -1.23047   -1.56773    1.31713
  -22.3631   -7.76546    0.51472
f:
-3.38379e-10
 1.81589e-10
-6.33254e-08
h:
 2.8739e-09
7.11633e-11
2.90738e-09

bfIter: 1**************************
init:
	0.821558  0.0774858
dst: 
	0.821098  0.0767603
detJac: 
	-0.00366989
jac:
 -0.72162 -0.100823 0.0442316
 -1.23289  -0.56666  0.029865
        0         0         0
jacP:
-0.427677  0.923377    1.5838
-0.127998   1.45269   1.31923
        0         0         0
df:
 -1.72162 -0.100823    1.5838
 -1.23289  -1.56666   1.31923
  -22.886  -8.00246  0.462509
f:
 -0.00046034
-0.000725556
 -0.00366989
h:
 7.22681e-05
 0.000240544
-0.000196786

bfIter: 2**************************
init:
	0.821486  0.0772453
dst: 
	0.821486  0.0772453
detJac: 
	9.77574e-05
jac:
  -0.71689 -0.0991376  0.0439147
  -1.23377  -0.567622  0.0296779
         0          0          0
jacP:
 -0.42831  0.921802   1.58376
-0.128817   1.45204    1.3185
        0         0         0
df:
  -1.71689 -0.0991376    1.58376
  -1.23377   -1.56762     1.3185
  -24.0069   -8.60124   0.290174
f:
-3.75353e-07
 7.60238e-08
 9.77574e-05
h:
-3.85056e-06
-7.68669e-07
-4.45936e-06

bfIter: 3**************************
init:
	0.82149  0.077246
dst: 
	0.82149  0.077246
detJac: 
	-7.73268e-08
jac:
 -0.717013 -0.0991832  0.0439198
  -1.23372  -0.567597  0.0296799
         0          0          0
jacP:
-0.428316  0.921834   1.58376
-0.128816   1.45204   1.31851
        0         0         0
df:
  -1.71701 -0.0991832    1.58376
  -1.23372    -1.5676    1.31851
  -23.9728   -8.58296   0.295316
f:
-2.56408e-10
 1.22046e-10
-7.73268e-08
h:
3.19651e-09
1.95368e-10
 3.3158e-09

bfIter: 1**************************
init:
	0.82149  0.077246
dst: 
	0.821028  0.0765192
detJac: 
	-0.0035229
jac:
-0.721647 -0.100475 0.0440782
 -1.23606 -0.566486  0.029706
        0         0         0
jacP:
-0.427653  0.927254   1.58443
-0.127908    1.4552   1.32063
        0         0         0
df:
 -1.72165 -0.100475   1.58443
 -1.23606  -1.56649   1.32063
 -24.5913   -8.8713  0.228198
f:
-0.000462271
 -0.00072681
  -0.0035229
h:
  5.5477e-05
 0.000237763
-0.000216399

bfIter: 2**************************
init:
	0.821434  0.0770083
dst: 
	0.821434  0.0770083
detJac: 
	8.86914e-05
jac:
 -0.717218 -0.0988705  0.0437797
  -1.23667  -0.567303  0.0295241
         0          0          0
jacP:
-0.428312  0.925848   1.58442
-0.128722   1.45457   1.31996
        0         0         0
df:
  -1.71722 -0.0988705    1.58442
  -1.23667    -1.5673    1.31996
  -25.7443   -9.49182  0.0488832
f:
-3.13614e-07
 4.15589e-08
 8.86914e-05
h:
-3.22185e-06
-6.24689e-07
-3.72882e-06

bfIter: 3**************************
init:
	0.821438  0.0770089
dst: 
	0.821438  0.0770089
detJac: 
	-8.85579e-08
jac:
 -0.717326 -0.0989117   0.043784
  -1.23664  -0.567283  0.0295259
         0          0          0
jacP:
-0.428316  0.925874   1.58441
-0.128721   1.45456   1.31997
        0         0         0
df:
  -1.71733 -0.0989117    1.58441
  -1.23664   -1.56728    1.31997
   -25.711   -9.47383  0.0539748
f:
 -1.9072e-10
  7.9698e-11
-8.85579e-08
h:
3.34966e-09
2.77095e-10
3.52758e-09

bfIter: 1**************************
init:
	0.821438  0.0770089
dst: 
	0.820973  0.0762808
detJac: 
	-0.00336269
jac:
-0.721847 -0.100127 0.0439413
 -1.23889 -0.566125 0.0295509
        0         0         0
jacP:
-0.427651  0.931324   1.58513
 -0.12781   1.45774   1.32211
        0         0         0
df:
  -1.72185  -0.100127    1.58513
  -1.23889   -1.56613    1.32211
  -26.4419   -9.82291 -0.0307278
f:
-0.000464299
-0.000728076
 -0.00336269
h:
 4.00683e-05
 0.000235207
-0.000234528

bfIter: 2**************************
init:
	0.821397  0.0767737
dst: 
	0.821397  0.0767737
detJac: 
	7.9511e-05
jac:
 -0.717717 -0.0986091  0.0436601
  -1.23925  -0.566813  0.0293743
         0          0          0
jacP:
-0.428333  0.930071   1.58513
 -0.12862   1.45711   1.32149
        0         0         0
df:
  -1.71772 -0.0986091    1.58513
  -1.23925   -1.56681    1.32149
  -27.6222   -10.4622  -0.216085
f:
-2.59662e-07
 1.56436e-08
  7.9511e-05
h:
-2.66417e-06
-5.02281e-07
-3.08207e-06

bfIter: 3**************************
init:
	0.8214  0.0767742
dst: 
	0.8214  0.0767742
detJac: 
	-9.68321e-08
jac:
 -0.717812 -0.0986458  0.0436637
  -1.23923  -0.566798  0.0293759
         0          0          0
jacP:
-0.428336  0.930091   1.58513
-0.128619   1.45711    1.3215
        0         0         0
df:
  -1.71781 -0.0986458    1.58513
  -1.23923    -1.5668     1.3215
    -27.59   -10.4447  -0.211103
f:
-1.38658e-10
  5.0221e-11
-9.68321e-08
h:
3.35939e-09
3.24783e-10
3.57333e-09

bfIter: 1**************************
init:
	0.8214  0.0767742
dst: 
	0.820934  0.0760448
detJac: 
	-0.00318835
jac:
 -0.722207 -0.0997778  0.0438199
   -1.2414  -0.565591  0.0293999
         0          0          0
jacP:
-0.427669  0.935572   1.58588
-0.127705    1.4603   1.32366
        0         0         0
df:
  -1.72221 -0.0997778    1.58588
   -1.2414   -1.56559    1.32366
  -28.4536   -10.8658  -0.316614
f:
-0.000466415
-0.000729352
 -0.00318835
h:
 2.59337e-05
  0.00023284
-0.000251292

bfIter: 2**************************
init:
	0.821374  0.0765414
dst: 
	0.821374  0.0765414
detJac: 
	7.02315e-05
jac:
 -0.718376 -0.0983523  0.0435548
  -1.24154  -0.566163  0.0292285
         0          0          0
jacP:
-0.428372  0.934452   1.58589
-0.128511   1.45967   1.32308
        0         0         0
df:
  -1.71838 -0.0983523    1.58589
  -1.24154   -1.56616    1.32308
  -29.6543   -11.5199  -0.506769
f:
-2.12718e-07
-3.40204e-09
 7.02315e-05
h:
-2.17074e-06
-3.98212e-07
 -2.5109e-06

bfIter: 3**************************
init:
	0.821376  0.0765418
dst: 
	0.821376  0.0765418
detJac: 
	-1.01921e-07
jac:
 -0.718458 -0.0983846  0.0435577
  -1.24152  -0.566152  0.0292298
        -0          0          0
jacP:
-0.428375  0.934468   1.58589
 -0.12851   1.45967   1.32309
        0         0         0
df:
  -1.71846 -0.0983846    1.58589
  -1.24152   -1.56615    1.32309
  -29.6236   -11.5031  -0.501965
f:
-9.79511e-11
 3.02579e-11
-1.01921e-07
h:
3.24761e-09
3.45058e-10
3.47872e-09

bfIter: 1**************************
init:
	0.821376  0.0765418
dst: 
	0.820908  0.0758111
detJac: 
	-0.00299876
jac:
 -0.722716 -0.0994267  0.0437128
   -1.2436  -0.564892  0.0292528
         0          0          0
jacP:
-0.427705  0.939981   1.58669
-0.127594   1.46287   1.32527
        0         0         0
df:
  -1.72272 -0.0994267    1.58669
   -1.2436   -1.56489    1.32527
  -30.6443   -12.0099  -0.632183
f:
-0.000468611
-0.000730634
 -0.00299876
h:
 1.29726e-05
 0.000230634
-0.000266803

bfIter: 2**************************
init:
	0.821363  0.0763111
dst: 
	0.821363  0.0763111
detJac: 
	6.08728e-05
jac:
 -0.719185 -0.0980992  0.0434627
  -1.24355  -0.565364  0.0290867
         0          0          0
jacP:
-0.428429  0.938979   1.58671
-0.128396   1.46224   1.32473
        0         0         0
df:
  -1.71919 -0.0980992    1.58671
  -1.24355   -1.56536    1.32473
  -31.8564   -12.6735  -0.825498
f:
-1.72091e-07
-1.69901e-08
 6.08728e-05
h:
-1.73558e-06
-3.09774e-07
-2.00809e-06

bfIter: 3**************************
init:
	0.821365  0.0763114
dst: 
	0.821365  0.0763114
detJac: 
	-1.03552e-07
jac:
-0.719254 -0.098127 0.0434651
 -1.24354 -0.565355 0.0290878
        0         0         0
jacP:
-0.428431   0.93899   1.58671
-0.128395   1.46224   1.32473
        0         0         0
df:
 -1.71925 -0.098127   1.58671
 -1.24354  -1.56536   1.32473
 -31.8275  -12.6576 -0.820948
f:
 -6.6682e-11
 1.72016e-11
-1.03552e-07
h:
3.03284e-09
3.43126e-10
3.26539e-09

bfIter: 1**************************
init:
	0.821365  0.0763114
dst: 
	0.820894  0.0755795
detJac: 
	-0.00279264
jac:
 -0.723362 -0.0990719  0.0436191
  -1.24552   -0.56404  0.0291098
         0          0          0
jacP:
-0.427759  0.944538   1.58754
-0.127476   1.46545   1.32693
        0         0         0
df:
  -1.72336 -0.0990719    1.58754
  -1.24552   -1.56404    1.32693
  -33.0351   -13.2668   -0.98062
f:
-0.000470881
-0.000731921
 -0.00279264
h:
 1.09171e-06
 0.000228562
-0.000281161

bfIter: 2**************************
init:
	0.821364  0.0760829
dst: 
	0.821364  0.0760828
detJac: 
	5.14627e-05
jac:
 -0.720133 -0.0978487  0.0433831
  -1.24531  -0.564425  0.0289488
         0          0          0
jacP:
-0.428502  0.943637   1.58757
-0.128276   1.46482   1.32643
        0         0         0
df:
  -1.72013 -0.0978487    1.58757
  -1.24531   -1.56443    1.32643
  -34.2463   -13.9326   -1.17495
f:
-1.37173e-07
-2.63045e-08
 5.14627e-05
h:
-1.35346e-06
-2.34717e-07
-1.56734e-06

bfIter: 3**************************
init:
	0.821365  0.0760831
dst: 
	0.821365  0.0760831
detJac: 
	-1.01404e-07
jac:
  -0.72019 -0.0978721   0.043385
   -1.2453   -0.56442  0.0289496
         0          0          0
jacP:
-0.428503  0.943645   1.58757
-0.128275   1.46481   1.32644
        0         0         0
df:
  -1.72019 -0.0978721    1.58757
   -1.2453   -1.56442    1.32644
  -34.2198    -13.918   -1.17074
f:
-4.32124e-11
 9.05204e-12
-1.01404e-07
h:
2.73093e-09
 3.2309e-10
2.95176e-09

bfIter: 1**************************
init:
	0.821365  0.0760831
dst: 
	0.820892  0.0753499
detJac: 
	-0.00256842
jac:
 -0.724133 -0.0987116  0.0435377
  -1.24717  -0.563045  0.0289707
         0          0          0
jacP:
-0.427828  0.949227   1.58845
-0.127353   1.46803   1.32865
        0         0         0
df:
  -1.72413 -0.0987116    1.58845
  -1.24717   -1.56305    1.32865
  -35.6507     -14.65   -1.36568
f:
-0.000473217
-0.000733212
 -0.00256842
h:
-9.79471e-06
 0.000226604
 -0.00029446

bfIter: 2**************************
init:
	0.821375  0.0758565
dst: 
	0.821375  0.0758565
detJac: 
	4.20412e-05
jac:
  -0.72121 -0.0975998   0.043315
  -1.24682  -0.563357  0.0288148
         0          0          0
jacP:
-0.42859 0.948413  1.58848
-0.12815  1.46739  1.32818
       0        0        0
df:
  -1.72121 -0.0975998    1.58848
  -1.24682   -1.56336    1.32818
  -36.8447   -15.3088    -1.5582
f:
-1.07431e-07
-3.23368e-08
 4.20412e-05
h:
-1.01987e-06
-1.71184e-07
-1.18324e-06

bfIter: 3**************************
init:
	0.821376  0.0758567
dst: 
	0.821376  0.0758567
detJac: 
	-9.51258e-08
jac:
 -0.721256 -0.0976188  0.0433164
  -1.24682  -0.563354  0.0288154
         0          0          0
jacP:
-0.428591  0.948419   1.58848
 -0.12815   1.46739   1.32818
        0         0         0
df:
  -1.72126 -0.0976188    1.58848
  -1.24682   -1.56335    1.32818
  -36.8211   -15.2957   -1.55444
f:
-2.61691e-11
 4.26244e-12
-9.51258e-08
h:
 2.3559e-09
2.88246e-10
2.55406e-09

bfIter: 1**************************
init:
	0.821376  0.0758567
dst: 
	0.820901  0.0751222
detJac: 
	-0.00232426
jac:
 -0.725017 -0.0983441  0.0434679
  -1.24857  -0.561916  0.0288355
         0          0          0
jacP:
-0.427913  0.954038   1.58941
-0.127225   1.47062   1.33042
        0         0         0
df:
  -1.72502 -0.0983441    1.58941
  -1.24857   -1.56192    1.33042
  -38.5202   -16.1757   -1.79183
f:
-0.000475613
-0.000734503
 -0.00232426
h:
-1.97658e-05
 0.000224742
-0.000306786

bfIter: 2**************************
init:
	0.821396  0.0756319
dst: 
	0.821396  0.0756319
detJac: 
	3.26671e-05
jac:
 -0.722408 -0.0973516  0.0432575
  -1.24811  -0.562169  0.0286846
         0          0          0
jacP:
-0.428691  0.953298   1.58943
 -0.12802   1.46997   1.32997
        0         0         0
df:
  -1.72241 -0.0973516    1.58943
  -1.24811   -1.56217    1.32997
  -39.6754   -16.8149   -1.97885
f:
-8.24072e-08
-3.59149e-08
 3.26671e-05
h:
-7.31035e-07
-1.17663e-07
-8.51251e-07

bfIter: 3**************************
init:
	0.821397  0.075632
dst: 
	0.821397  0.075632
detJac: 
	-8.43488e-08
jac:
 -0.722442 -0.0973663  0.0432586
  -1.24811  -0.562167  0.0286851
         0          0          0
jacP:
-0.428693  0.953301   1.58943
 -0.12802   1.46997   1.32997
        0         0         0
df:
  -1.72244 -0.0973663    1.58943
  -1.24811   -1.56217    1.32997
  -39.6554   -16.8038   -1.97564
f:
 -1.4343e-11
 1.69882e-12
-8.43488e-08
h:
1.92079e-09
2.41324e-10
 2.0873e-09

bfIter: 1**************************
init:
	0.821397  0.075632
dst: 
	0.820919  0.0748963
detJac: 
	-0.00205795
jac:
 -0.726005 -0.0979676  0.0434088
  -1.24974  -0.560662  0.0287041
         0          0          0
jacP:
-0.428012  0.958959   1.59041
-0.127092   1.47321   1.33223
        0         0         0
df:
  -1.72601 -0.0979676    1.59041
  -1.24974   -1.56066    1.33223
  -41.6785    -17.863    -2.2644
f:
-0.000478064
-0.000735794
 -0.00205795
h:
-2.88941e-05
 0.000222962
-0.000318215

bfIter: 2**************************
init:
	0.821426  0.0754091
dst: 
	0.821426  0.075409
detJac: 
	2.3427e-05
jac:
 -0.723716 -0.0971031  0.0432101
   -1.2492   -0.56087  0.0285582
         0          0          0
jacP:
-0.428807  0.958278   1.59042
-0.127886   1.47254    1.3318
        0         0         0
df:
  -1.72372 -0.0971031    1.59042
   -1.2492   -1.56087     1.3318
  -42.7663   -18.4663   -2.44107
f:
-6.17092e-08
-3.77312e-08
  2.3427e-05
h:
-4.83891e-07
-7.29449e-08
-5.67702e-07

bfIter: 3**************************
init:
	0.821426  0.0754092
dst: 
	0.821426  0.0754092
detJac: 
	-6.87409e-08
jac:
 -0.723741 -0.0971137  0.0432108
   -1.2492  -0.560869  0.0285585
         0          0          0
jacP:
-0.428807  0.958281   1.59042
-0.127886   1.47254    1.3318
        0         0         0
df:
  -1.72374 -0.0971137    1.59042
   -1.2492   -1.56087     1.3318
  -42.7506   -18.4575   -2.43855
f:
-6.69009e-12
 5.19279e-13
-6.87409e-08
h:
1.43883e-09
1.84763e-10
1.56652e-09

bfIter: 1**************************
init:
	0.821426  0.0754092
dst: 
	0.820946  0.0746721
detJac: 
	-0.00176681
jac:
 -0.727085 -0.0975799  0.0433596
   -1.2507  -0.559291  0.0285765
         0          0          0
jacP:
-0.428125   0.96398   1.59145
-0.126956    1.4758   1.33408
        0         0         0
df:
  -1.72709 -0.0975799    1.59145
   -1.2507   -1.55929    1.33408
  -45.1676   -19.7354   -2.78989
f:
-0.000480564
-0.000737084
 -0.00176681
h:
-3.72458e-05
 0.000221252
 -0.00032882

bfIter: 2**************************
init:
	0.821463  0.0751879
dst: 
	0.821463  0.0751879
detJac: 
	1.44486e-05
jac:
 -0.725128 -0.0968535  0.0431719
  -1.25009  -0.559467  0.0284354
         0          0          0
jacP:
-0.428934  0.963346   1.59144
-0.127748   1.47511   1.33366
        0         0         0
df:
  -1.72513 -0.0968535    1.59144
  -1.25009   -1.55947    1.33366
  -46.1497   -20.2808    -2.9498
f:
-4.50087e-08
-3.83641e-08
 1.44486e-05
h:
-2.76137e-07
-3.60992e-08
-3.29811e-07

bfIter: 3**************************
init:
	0.821464  0.0751879
dst: 
	0.821464  0.0751879
detJac: 
	-4.80957e-08
jac:
-0.725142  -0.09686 0.0431723
 -1.25009 -0.559467 0.0284356
        0         0         0
jacP:
-0.428934  0.963347   1.59144
-0.127748   1.47511   1.33366
        0         0         0
df:
-1.72514 -0.09686  1.59144
-1.25009 -1.55947  1.33366
-46.1391 -20.2749 -2.94808
f:
-2.31137e-12
 8.55843e-14
-4.80957e-08
h:
9.24802e-10
1.21003e-10
1.00841e-09

bfIter: 1**************************
init:
	0.821464  0.0751879
dst: 
	0.82098  0.0744496
detJac: 
	-0.0014476
jac:
-0.728246 -0.097179 0.0433197
 -1.25144 -0.557811 0.0284525
        0         0         0
jacP:
 -0.42825  0.969091   1.59254
-0.126815   1.47838   1.33596
        0         0         0
df:
 -1.72825 -0.097179   1.59254
 -1.25144  -1.55781   1.33596
 -49.0387  -21.8212   -3.3762
f:
-0.000483108
-0.000738371
  -0.0014476
h:
-4.48816e-05
   0.0002196
-0.000338663

bfIter: 2**************************
init:
	0.821508  0.0749683
dst: 
	0.821508  0.0749683
detJac: 
	5.91987e-06
jac:
 -0.726634 -0.0966019  0.0431423
  -1.25081  -0.557969  0.0283162
         0          0          0
jacP:
-0.429073  0.968491   1.59251
-0.127606   1.47767   1.33555
        0         0         0
df:
  -1.72663 -0.0966019    1.59251
  -1.25081   -1.55797    1.33555
  -49.8641   -22.2796   -3.51084
f:
-3.20402e-08
-3.83023e-08
 5.91987e-06
h:
 -1.0628e-07
-6.45215e-09
-1.35742e-07

bfIter: 3**************************
init:
	0.821509  0.0749683
dst: 
	0.821509  0.0749683
detJac: 
	-2.25004e-08
jac:
  -0.72664 -0.0966045  0.0431425
  -1.25081  -0.557969  0.0283163
         0          0          0
jacP:
-0.429073  0.968492   1.59251
-0.127606   1.47767   1.33555
        0         0         0
df:
  -1.72664 -0.0966045    1.59251
  -1.25081   -1.55797    1.33555
  -49.8593    -22.277   -3.51006
f:
-3.51941e-13
-4.16334e-17
-2.25004e-08
h:
3.97147e-10
5.28358e-11
4.33581e-10

bfIter: 1**************************
init:
	0.821509  0.0749683
dst: 
	0.821023  0.0742287
detJac: 
	-0.00109639
jac:
 -0.729478 -0.0967623  0.0432883
    -1.252  -0.556228  0.0283321
         0          0          0
jacP:
-0.428386  0.974283   1.59366
-0.126671   1.48095   1.33788
        0         0         0
df:
  -1.72948 -0.0967623    1.59366
    -1.252   -1.55623    1.33788
  -53.3549   -24.1555   -4.03313
f:
-0.000485692
-0.000739653
 -0.00109639
h:
 -5.1856e-05
    0.000218
-0.000347804

bfIter: 2**************************
init:
	0.82156  0.0747503
dst: 
	0.82156  0.0747503
detJac: 
	-1.88223e-06
jac:
 -0.728228 -0.0963473  0.0431208
  -1.25135  -0.556383  0.0282005
         0          0          0
jacP:
-0.429222  0.973706    1.5936
-0.127461   1.48021   1.33747
        0         0         0
df:
  -1.72823 -0.0963473     1.5936
  -1.25135   -1.55638    1.33747
   -53.955   -24.4879   -4.13112
f:
-2.25963e-08
-3.79598e-08
-1.88223e-06
h:
2.62629e-08
1.64174e-08
1.52947e-08

bfIter: 3**************************
init:
	0.82156  0.0747503
dst: 
	0.82156  0.0747503
detJac: 
	7.36777e-09
jac:
 -0.728226 -0.0963465  0.0431208
  -1.25135  -0.556383  0.0282005
         0          0          0
jacP:
-0.429222  0.973706   1.59361
-0.127461   1.48021   1.33747
        0         0         0
df:
  -1.72823 -0.0963465    1.59361
  -1.25135   -1.55638    1.33747
  -53.9567   -24.4888   -4.13139
f:
-3.40838e-14
-2.30371e-15
 7.36777e-09
h:
-1.19259e-10
-1.61098e-11
-1.30329e-10

bfIter: 1**************************
init:
	0.82156  0.0747503
dst: 
	0.821072  0.0740094
detJac: 
	-0.000708289
jac:
-0.730768 -0.096327 0.0432649
 -1.25238 -0.554549 0.0282151
        0         0         0
jacP:
-0.428533  0.979549   1.59482
-0.126524   1.48351   1.33982
        0         0         0
df:
 -1.73077 -0.096327   1.59482
 -1.25238  -1.55455   1.33982
 -58.1952  -26.7825  -4.77298
f:
-0.000488311
 -0.00074093
-0.000708289
h:
-5.82185e-05
 0.000216444
-0.000356293

bfIter: 2**************************
init:
	0.821619  0.0745339
dst: 
	0.821619  0.0745339
detJac: 
	-8.54828e-06
jac:
-0.729902 -0.096089 0.0431068
 -1.25174 -0.554716 0.0280882
        0         0         0
jacP:
-0.429381  0.978983   1.59473
-0.127313   1.48275    1.3394
        0         0         0
df:
  -1.7299 -0.096089   1.59473
 -1.25174  -1.55472    1.3394
  -58.477  -26.9357  -4.81898
f:
-1.65284e-08
 -3.7693e-08
-8.54828e-06
h:
1.21008e-07
3.26701e-08
1.22869e-07

bfIter: 3**************************
init:
	0.821619  0.0745339
dst: 
	0.821619  0.0745339
detJac: 
	3.97164e-08
jac:
 -0.729894 -0.0960852  0.0431066
  -1.25174  -0.554715  0.0280881
         0          0          0
jacP:
-0.429381  0.978982   1.59474
-0.127314   1.48275    1.3394
        0         0         0
df:
  -1.72989 -0.0960852    1.59474
  -1.25174   -1.55472     1.3394
  -58.4855   -26.9405   -4.82036
f:
-6.07181e-13
-4.70318e-14
 3.97164e-08
h:
-5.88839e-10
-8.06813e-11
-6.43987e-10

bfIter: 1**************************
init:
	0.821619  0.0745339
dst: 
	0.821128  0.0737917
detJac: 
	-0.00027723
jac:
 -0.732107 -0.0958697  0.0432489
  -1.25258   -0.55278  0.0281016
         0          0          0
jacP:
 -0.42869  0.984881   1.59602
-0.126374   1.48606   1.34179
        0         0         0
df:
  -1.73211 -0.0958697    1.59602
  -1.25258   -1.55278    1.34179
  -63.6599   -29.7582   -5.61143
f:
-0.000490963
-0.000742201
 -0.00027723
h:
-6.40129e-05
 0.000214927
-0.000364177

bfIter: 2**************************
init:
	0.821683  0.0743189
dst: 
	0.821683  0.0743189
detJac: 
	-1.347e-05
jac:
  -0.73165 -0.0958259  0.0430998
  -1.25199  -0.552973  0.0279792
         0          0          0
jacP:
 -0.42955  0.984313    1.5959
-0.127163   1.48526   1.34136
        0         0         0
df:
  -1.73165 -0.0958259     1.5959
  -1.25199   -1.55297    1.34136
   -63.496   -29.6598   -5.58453
f:
-1.37486e-08
-3.78164e-08
  -1.347e-05
h:
1.76161e-07
4.21783e-08
1.85063e-07

bfIter: 3**************************
init:
	0.821682  0.0743189
dst: 
	0.821682  0.0743189
detJac: 
	7.07184e-08
jac:
 -0.731637 -0.0958199  0.0430995
  -1.25199  -0.552973  0.0279791
         0          0          0
jacP:
 -0.42955  0.984313    1.5959
-0.127163   1.48527   1.34136
        0         0         0
df:
  -1.73164 -0.0958199     1.5959
  -1.25199   -1.55297    1.34136
  -63.5109   -29.6682   -5.58696
f:
-1.36224e-12
-1.46494e-13
 7.07184e-08
h:
-9.58955e-10
-1.33188e-10
-1.04937e-09

bfIter: 1**************************
init:
	0.821682  0.0743189
dst: 
	0.821189  0.0735754
detJac: 
	0.000204465
jac:
  -0.73348 -0.0953866  0.0432397
  -1.25262  -0.550925  0.0279912
         0          0          0
jacP:
-0.428857  0.990275   1.59726
-0.126222    1.4886   1.34378
        0         0         0
df:
  -1.73348 -0.0953866    1.59726
  -1.25262   -1.55092    1.34378
  -69.8787   -33.1554    -6.5688
f:
-0.000493644
-0.000743466
 0.000204465
h:
-6.92778e-05
 0.000213445
-0.000371495

bfIter: 2**************************
init:
	0.821752  0.0741054
dst: 
	0.821752  0.0741054
detJac: 
	-1.57358e-05
jac:
 -0.733464 -0.0955571  0.0430992
   -1.2521  -0.551162  0.0278734
         0          0          0
jacP:
-0.429727  0.989692   1.59708
 -0.12701   1.48777   1.34334
        0         0         0
df:
  -1.73346 -0.0955571    1.59708
   -1.2521   -1.55116    1.34334
  -69.0928   -32.7051   -6.44016
f:
-1.42321e-08
-3.86159e-08
-1.57358e-05
h:
1.88236e-07
4.44734e-08
 1.9806e-07

bfIter: 3**************************
init:
	0.821751  0.0741054
dst: 
	0.821751  0.0741054
detJac: 
	9.2903e-08
jac:
 -0.733449 -0.0955501  0.0430989
   -1.2521  -0.551161  0.0278732
         0          0          0
jacP:
-0.429727  0.989692   1.59709
 -0.12701   1.48777   1.34334
        0         0         0
df:
  -1.73345 -0.0955501    1.59709
   -1.2521   -1.55116    1.34334
  -69.1123   -32.7161   -6.44335
f:
-1.68532e-12
-2.37671e-13
  9.2903e-08
h:
-1.15022e-09
 -1.6185e-10
-1.25917e-09

bfIter: 1**************************
init:
	0.821751  0.0741054
dst: 
	0.821255  0.0733607
detJac: 
	0.000746654
jac:
 -0.734875 -0.0948727  0.0432369
   -1.2525  -0.548988   0.027884
         0          0          0
jacP:
-0.429033  0.995723   1.59854
-0.126067   1.49113   1.34579
        0         0         0
df:
  -1.73488 -0.0948727    1.59854
   -1.2525   -1.54899    1.34579
  -77.0229   -37.0706   -7.67207
f:
 -0.00049635
-0.000744722
 0.000746654
h:
-7.40458e-05
 0.000211995
-0.000378282

bfIter: 2**************************
init:
	0.821825  0.0738934
dst: 
	0.821825  0.0738934
detJac: 
	-1.39634e-05
jac:
 -0.735337 -0.0952814  0.0431047
  -1.25209  -0.549286  0.0277707
         0          0          0
jacP:
-0.429912  0.995113    1.5983
-0.126855   1.49025   1.34533
        0         0         0
df:
  -1.73534 -0.0952814     1.5983
  -1.25209   -1.54929    1.34533
  -75.3673   -36.1273   -7.40128
f:
-1.80245e-08
-4.03631e-08
-1.39634e-05
h:
1.51473e-07
3.86537e-08
1.55487e-07

bfIter: 3**************************
init:
	0.821825  0.0738934
dst: 
	0.821825  0.0738934
detJac: 
	9.23376e-08
jac:
 -0.735324 -0.0952752  0.0431044
  -1.25209  -0.549285  0.0277705
         0          0          0
jacP:
-0.429912  0.995113    1.5983
-0.126855   1.49025   1.34533
        0         0         0
df:
  -1.73532 -0.0952752     1.5983
  -1.25209   -1.54929    1.34533
  -75.3869   -36.1384   -7.40447
f:
-1.19771e-12
-2.02963e-13
 9.23376e-08
h:
-1.04167e-09
-1.48436e-10
-1.14057e-09

bfIter: 1**************************
init:
	0.821825  0.0738934
dst: 
	0.821326  0.0731474
detJac: 
	0.00136223
jac:
-0.736276 -0.094322 0.0432399
 -1.25223 -0.546972 0.0277797
        0         0         0
jacP:
-0.429217   1.00122   1.59985
 -0.12591   1.49364   1.34781
        0         0         0
df:
 -1.73628 -0.094322   1.59985
 -1.25223  -1.54697   1.34781
 -85.3248  -41.6349   -8.9579
f:
-0.000499079
-0.000745971
  0.00136223
h:
-7.83435e-05
 0.000210576
-0.000384564

bfIter: 2**************************
init:
	0.821904  0.0736828
dst: 
	0.821904  0.0736827
detJac: 
	-6.0234e-06
jac:
 -0.737264 -0.0949973  0.0431158
  -1.25196  -0.547352  0.0276709
         0          0          0
jacP:
-0.430105   1.00057   1.59955
-0.126698   1.49272   1.34733
        0         0         0
df:
  -1.73726 -0.0949973    1.59955
  -1.25196   -1.54735    1.34733
  -82.4454    -39.997   -8.48732
f:
-2.52504e-08
-4.33295e-08
 -6.0234e-06
h:
5.69088e-08
2.32321e-08
4.74023e-08

bfIter: 3**************************
init:
	0.821904  0.0736828
dst: 
	0.821904  0.0736828
detJac: 
	4.37037e-08
jac:
 -0.737258 -0.0949947  0.0431156
  -1.25196  -0.547351  0.0276709
         0          0          0
jacP:
-0.430105   1.00057   1.59955
-0.126698   1.49272   1.34733
        0         0         0
df:
  -1.73726 -0.0949947    1.59955
  -1.25196   -1.54735    1.34733
   -82.455   -40.0024   -8.48887
f:
-2.02061e-13
-4.03566e-14
 4.37037e-08
h:
-4.48152e-10
-6.46423e-11
-4.90701e-10

bfIter: 1**************************
init:
	0.821904  0.0736828
dst: 
	0.821402  0.0729356
detJac: 
	0.00206846
jac:
 -0.737663 -0.0937265  0.0432482
   -1.2518  -0.544878  0.0276783
         0          0          0
jacP:
-0.429409   1.00677   1.60119
-0.125751   1.49614   1.34986
        0         0         0
df:
  -1.73766 -0.0937265    1.60119
   -1.2518   -1.54488    1.34986
  -95.1084   -47.0323   -10.4777
f:
-0.000501829
-0.000747212
  0.00206846
h:
-8.21897e-05
 0.000209187
-0.000390359

bfIter: 2**************************
init:
	0.821986  0.0734736
dst: 
	0.821986  0.0734735
detJac: 
	1.14304e-05
jac:
 -0.739235 -0.0947031   0.043132
  -1.25172  -0.545363  0.0275741
         0          0          0
jacP:
-0.430304   1.00606   1.60082
-0.126539   1.49516   1.34934
        0         0         0
df:
  -1.73923 -0.0947031    1.60082
  -1.25172   -1.54536    1.34934
  -90.4883   -44.4048   -9.72329
f:
-3.61291e-08
-4.78035e-08
 1.14304e-05
h:
 -1.0911e-07
 -4.1151e-09
-1.41357e-07

bfIter: 3**************************
init:
	0.821986  0.0734736
dst: 
	0.821986  0.0734736
detJac: 
	-9.82339e-08
jac:
 -0.739245 -0.0947081  0.0431322
  -1.25172  -0.545365  0.0275741
         0          0          0
jacP:
-0.430304   1.00606   1.60082
-0.126539   1.49516   1.34934
        0         0         0
df:
  -1.73925 -0.0947081    1.60082
  -1.25172   -1.54536    1.34934
  -90.4674    -44.393   -9.71989
f:
-6.51812e-13
-1.46869e-13
-9.82339e-08
h:
9.13079e-10
1.33238e-10
9.99513e-10

bfIter: 1**************************
init:
	0.821986  0.0734736
dst: 
	0.821481  0.0727251
detJac: 
	0.00288913
jac:
 -0.739013 -0.0930756  0.0432614
  -1.25122  -0.542707  0.0275796
         0          0          0
jacP:
-0.429609   1.01236   1.60258
-0.125591   1.49862   1.35192
        0         0         0
df:
  -1.73901 -0.0930756    1.60258
  -1.25122   -1.54271    1.35192
  -106.844   -53.5308   -12.3062
f:
-0.000504597
-0.000748443
  0.00288913
h:
-8.55933e-05
 0.000207829
-0.000395675

bfIter: 2**************************
init:
	0.822072  0.0732658
dst: 
	0.822071  0.0732657
detJac: 
	4.3792e-05
jac:
 -0.741242 -0.0943959  0.0431531
  -1.25138  -0.543324  0.0274799
         0          0          0
jacP:
 -0.43051   1.01158   1.60211
-0.126378   1.49759   1.35135
        0         0         0
df:
  -1.74124 -0.0943959    1.60211
  -1.25138   -1.54332    1.35135
  -99.7077   -49.4703   -11.1422
f:
-5.09971e-08
-5.41105e-08
  4.3792e-05
h:
-3.67409e-07
-4.69725e-08
-4.33914e-07

bfIter: 3**************************
init:
	0.822072  0.0732658
dst: 
	0.822072  0.0732658
detJac: 
	-4.13001e-07
jac:
 -0.741281 -0.0944151  0.0431538
  -1.25139  -0.543329  0.0274802
         0          0          0
jacP:
-0.430511   1.01158   1.60211
-0.126378   1.49759   1.35135
        0         0         0
df:
  -1.74128 -0.0944151    1.60211
  -1.25139   -1.54333    1.35135
  -99.6156   -49.4181   -11.1272
f:
 -8.5848e-12
 -2.1539e-12
-4.13001e-07
h:
3.46832e-09
5.11566e-10
 3.7944e-09

bfIter: 1**************************
init:
	0.822072  0.0732658
dst: 
	0.821564  0.0725161
detJac: 
	0.00385816
jac:
 -0.740296 -0.0923541  0.0432789
  -1.25049  -0.540456  0.0274835
         0          0          0
jacP:
-0.429817   1.01799   1.60401
 -0.12543    1.5011   1.35399
        0         0         0
df:
   -1.7403 -0.0923541    1.60401
  -1.25049   -1.54046    1.35399
  -121.244   -61.5399   -14.5578
f:
-0.000507382
-0.000749667
  0.00385816
h:
-8.85495e-05
 0.000206507
-0.000400506

bfIter: 2**************************
init:
	0.82216  0.0730593
dst: 
	0.82216  0.0730592
detJac: 
	0.000100042
jac:
 -0.743273 -0.0940714  0.0431786
  -1.25093  -0.541237  0.0273884
         0          0          0
jacP:
-0.430722   1.01712   1.60343
-0.126216       1.5   1.35338
        0         0         0
df:
  -1.74327 -0.0940714    1.60343
  -1.25093   -1.54124    1.35338
  -110.391   -55.3566   -12.7889
f:
-7.03364e-08
 -6.2637e-08
 0.000100042
h:
 -7.5029e-07
-1.10924e-07
  -8.661e-07

bfIter: 3**************************
init:
	0.822161  0.0730594
dst: 
	0.822161  0.0730594
detJac: 
	-1.03675e-06
jac:
 -0.743361 -0.0941154    0.04318
  -1.25096  -0.541249  0.0273891
         0          0          0
jacP:
-0.430723   1.01711   1.60342
-0.126216   1.49999   1.35338
        0         0         0
df:
  -1.74336 -0.0941154    1.60342
  -1.25096   -1.54125    1.35338
  -110.146   -55.2176   -12.7492
f:
-4.00245e-11
-1.10136e-11
-1.03675e-06
h:
7.83644e-09
1.16666e-09
8.56389e-09

bfIter: 4**************************
init:
	0.822161  0.0730594
dst: 
	0.822161  0.0730594
detJac: 
	1.19575e-08
jac:
  -0.74336 -0.0941149    0.04318
  -1.25096  -0.541249  0.0273891
         0          0          0
jacP:
-0.430723   1.01711   1.60342
-0.126216   1.49999   1.35338
        0         0         0
df:
  -1.74336 -0.0941149    1.60342
  -1.25096   -1.54125    1.35338
  -110.148    -55.219   -12.7496
f:
-5.55112e-15
-2.19269e-15
 1.19575e-08
h:
-9.02756e-11
 -1.3621e-11
-9.89574e-11

bfIter: 1**************************
init:
	0.822161  0.0730594
dst: 
	0.821651  0.0723085
detJac: 
	0.00502762
jac:
 -0.741465 -0.0915392  0.0433003
  -1.24958  -0.538117  0.0273897
         0          0          0
jacP:
-0.430031   1.02368   1.60548
-0.125267   1.50356   1.35609
        0         0         0
df:
  -1.74146 -0.0915392    1.60548
  -1.24958   -1.53812    1.35609
  -139.466   -71.7285   -17.4184
f:
-0.000510184
-0.000750881
  0.00502762
h:
-9.10388e-05
 0.000205227
-0.000404825

bfIter: 2**************************
init:
	0.822252  0.0728542
dst: 
	0.822252  0.0728541
detJac: 
	0.00019591
jac:
 -0.745311 -0.0937225   0.043208
  -1.25039  -0.539103  0.0272993
        -0          0          0
jacP:
 -0.43094   1.02268   1.60478
-0.126053   1.50238   1.35541
        0         0         0
df:
  -1.74531 -0.0937225    1.60478
  -1.25039    -1.5391    1.35541
  -122.945   -62.2965   -14.7276
f:
-9.48615e-08
-7.38835e-08
  0.00019591
h:
-1.31035e-06
-2.05064e-07
-1.49619e-06

bfIter: 3**************************
init:
	0.822254  0.0728544
dst: 
	0.822254  0.0728544
detJac: 
	-2.18939e-06
jac:
 -0.745482 -0.0938086  0.0432106
  -1.25044  -0.539129  0.0273006
         0          0          0
jacP:
-0.430941   1.02267   1.60476
-0.126052   1.50237    1.3554
        0         0         0
df:
  -1.74548 -0.0938086    1.60476
  -1.25044   -1.53913     1.3554
   -122.38   -61.9755    -14.636
f:
-1.36437e-10
-4.07236e-11
-2.18939e-06
h:
  1.483e-08
2.22259e-09
1.61754e-08

bfIter: 4**************************
init:
	0.822253  0.0728544
dst: 
	0.822253  0.0728544
detJac: 
	2.97971e-08
jac:
  -0.74548 -0.0938076  0.0432105
  -1.25044  -0.539129  0.0273006
         0          0          0
jacP:
-0.430941   1.02267   1.60476
-0.126052   1.50237    1.3554
        0         0         0
df:
  -1.74548 -0.0938076    1.60476
  -1.25044   -1.53913     1.3554
  -122.386    -61.979   -14.6371
f:
-1.56541e-14
-4.27436e-15
 2.97971e-08
h:
-2.01409e-10
-3.08845e-11
-2.20887e-10

bfIter: 1**************************
init:
	0.822253  0.0728544
dst: 
	0.82174  0.0721023
detJac: 
	0.00647722
jac:
 -0.742455 -0.0905962  0.0433248
  -1.24847  -0.535678  0.0272979
         0          0          0
jacP:
-0.430253   1.02941   1.60701
-0.125104   1.50602    1.3582
        0         0         0
df:
  -1.74245 -0.0905962    1.60701
  -1.24847   -1.53568     1.3582
  -163.526   -85.2751   -21.2152
f:
-0.000513001
-0.000752088
  0.00647722
h:
-9.29893e-05
 0.000204004
-0.000408554

bfIter: 2**************************
init:
	0.822346  0.0726504
dst: 
	0.822346  0.0726503
detJac: 
	0.000359967
jac:
 -0.747328 -0.0933367  0.0432408
  -1.24974  -0.536921  0.0272125
         0          0          0
jacP:
-0.431163   1.02826   1.60615
-0.125888   1.50475   1.35744
        0         0         0
df:
  -1.74733 -0.0933367    1.60615
  -1.24974   -1.53692    1.35744
  -137.984   -70.6436   -17.0557
f:
-1.25482e-07
-8.84794e-08
 0.000359967
h:
 -2.1335e-06
-3.44238e-07
-2.41916e-06

bfIter: 3**************************
init:
	0.822349  0.0726507
dst: 
	0.822349  0.0726507
detJac: 
	-4.15442e-06
jac:
 -0.747641 -0.0934946  0.0432452
  -1.24984  -0.536973  0.0272147
         0          0          0
jacP:
-0.431164   1.02824   1.60611
-0.125887   1.50472   1.35743
        0         0         0
df:
  -1.74764 -0.0934946    1.60611
  -1.24984   -1.53697    1.35743
  -136.747   -69.9387   -16.8552
f:
-4.06414e-10
-1.30338e-10
-4.15442e-06
h:
2.50937e-08
3.76432e-09
2.72711e-08

bfIter: 4**************************
init:
	0.822349  0.0726507
dst: 
	0.822349  0.0726507
detJac: 
	6.76303e-08
jac:
 -0.747637 -0.0934927  0.0432452
  -1.24984  -0.536972  0.0272147
         0          0          0
jacP:
-0.431164   1.02824   1.60611
-0.125887   1.50472   1.35743
        0         0         0
df:
  -1.74764 -0.0934927    1.60611
  -1.24984   -1.53697    1.35743
  -136.761   -69.9468   -16.8575
f:
-5.50671e-14
-1.80689e-14
 6.76303e-08
h:
-4.07014e-10
-6.34465e-11
-4.46606e-10

bfIter: 1**************************
init:
	0.822349  0.0726507
dst: 
	0.821833  0.0718974
detJac: 
	0.00834875
jac:
  -0.74315 -0.0894635  0.0433516
  -1.24712   -0.53311  0.0272078
         0          0          0
jacP:
-0.430483   1.03521   1.60861
-0.124941   1.50848   1.36034
        0         0         0
df:
  -1.74315 -0.0894635    1.60861
  -1.24712   -1.53311    1.36034
  -197.404   -104.542   -26.6008
f:
-0.000515835
-0.000753287
  0.00834875
h:
-9.42696e-05
 0.000202864
-0.000411544

bfIter: 2**************************
init:
	0.822443  0.0724479
dst: 
	0.822443  0.0724477
detJac: 
	0.000649027
jac:
-0.749276 -0.092889 0.0432763
 -1.24898 -0.534685 0.0271275
        0         0         0
jacP:
-0.431391   1.03387   1.60755
-0.125723    1.5071   1.35948
        0         0         0
df:
 -1.74928 -0.092889   1.60755
 -1.24898  -1.53468   1.35948
  -156.53  -80.9915  -19.9365
f:
 -1.6353e-07
-1.07319e-07
 0.000649027
h:
-3.37441e-06
-5.55087e-07
-3.80569e-06

bfIter: 3**************************
init:
	0.822446  0.0724484
dst: 
	0.822446  0.0724484
detJac: 
	-6.9442e-06
jac:
 -0.749833 -0.0931731  0.0432837
  -1.24917  -0.534784  0.0271313
         0          0          0
jacP:
-0.431393   1.03382   1.60749
-0.125721   1.50706   1.35946
        0         0         0
df:
  -1.74983 -0.0931731    1.60749
  -1.24917   -1.53478    1.35946
  -153.829   -79.4471   -19.4987
f:
-1.15321e-09
-3.94606e-10
 -6.9442e-06
h:
 3.7218e-08
5.49762e-09
 4.0115e-08

bfIter: 4**************************
init:
	0.822446  0.0724484
dst: 
	0.822446  0.0724484
detJac: 
	1.37394e-07
jac:
-0.749827  -0.09317 0.0432836
 -1.24917 -0.534783 0.0271312
        0         0         0
jacP:
-0.431393   1.03382   1.60749
-0.125721   1.50706   1.35946
        0         0         0
df:
-1.74983 -0.09317  1.60749
-1.24917 -1.53478  1.35946
-153.858 -79.4635 -19.5034
f:
-1.33671e-13
-4.37705e-14
 1.37394e-07
h:
-7.31346e-10
-1.15912e-10
-8.02906e-10

bfIter: 1**************************
init:
	0.822446  0.0724484
dst: 
	0.821928  0.0716939
detJac: 
	0.0109255
jac:
 -0.743327 -0.0880183  0.0433792
  -1.24541  -0.530357  0.0271186
         0          0          0
jacP:
-0.430721   1.04111   1.61031
-0.124779   1.51096   1.36252
        0         0         0
df:
  -1.74333 -0.0880183    1.61031
  -1.24541   -1.53036    1.36252
  -250.522   -135.251   -35.1432
f:
 -0.00051869
-0.000754482
   0.0109255
h:
-9.45881e-05
 0.000201859
-0.000413473

bfIter: 2**************************
init:
	0.822541  0.0722465
dst: 
	0.822541  0.0722464
detJac: 
	0.00118835
jac:
 -0.751048 -0.0923253  0.0433134
  -1.24807  -0.532373  0.0270439
         0          0          0
jacP:
-0.431624    1.0395   1.60901
-0.125558   1.50944   1.36154
        0         0         0
df:
  -1.75105 -0.0923253    1.60901
  -1.24807   -1.53237    1.36154
  -180.565    -94.499   -23.6891
f:
-2.10961e-07
-1.31747e-07
  0.00118835
h:
-5.33113e-06
-8.88744e-07
-5.98387e-06

bfIter: 3**************************
init:
	0.822546  0.0722474
dst: 
	0.822546  0.0722474
detJac: 
	-7.99025e-06
jac:
 -0.752053 -0.0928428  0.0433257
  -1.24842  -0.532565  0.0270502
         0          0          0
jacP:
-0.431626   1.03941   1.60888
-0.125553   1.50936   1.36148
        0         0         0
df:
  -1.75205 -0.0928428    1.60888
  -1.24842   -1.53256    1.36148
  -174.452   -90.9871   -22.6981
f:
-3.31338e-09
-1.20338e-09
-7.99025e-06
h:
3.80242e-08
5.02436e-09
3.96385e-08

bfIter: 4**************************
init:
	0.822546  0.0722474
dst: 
	0.822546  0.0722474
detJac: 
	1.95855e-07
jac:
 -0.752046 -0.0928393  0.0433256
  -1.24842  -0.532563  0.0270502
         0          0          0
jacP:
-0.431626   1.03941   1.60888
-0.125553   1.50936   1.36148
        0         0         0
df:
  -1.75205 -0.0928393    1.60888
  -1.24842   -1.53256    1.36148
  -174.492   -91.0104   -22.7047
f:
-1.57208e-13
-5.58859e-14
 1.95855e-07
h:
-9.14796e-10
-1.47411e-10
 -1.0048e-09

bfIter: 1**************************
init:
	0.822546  0.0722474
dst: 
	0.822025  0.0714917
detJac: 
	0.014946
jac:
 -0.742404 -0.0859406   0.043404
  -1.24307  -0.527259  0.0270287
         0          0          0
jacP:
-0.430973    1.0472   1.61221
 -0.12462   1.51351   1.36479
        0         0         0
df:
   -1.7424 -0.0859406    1.61221
  -1.24307   -1.52726    1.36479
  -354.169   -197.264   -52.2027
f:
-0.000521573
-0.000755678
    0.014946
h:
-9.32547e-05
 0.000201111
 -0.00041358

bfIter: 2**************************
init:
	0.822639  0.0720463
dst: 
	0.822639  0.0720461
detJac: 
	0.00230252
jac:
 -0.752377 -0.0915054  0.0433493
  -1.24689   -0.52993  0.0269603
         0          0          0
jacP:
-0.431862   1.04521   1.61054
-0.125393   1.51179   1.36362
        0         0         0
df:
  -1.75238 -0.0915054    1.61054
  -1.24689   -1.52993    1.36362
  -214.986   -114.064   -29.1113
f:
-2.72247e-07
-1.64694e-07
  0.00230252
h:
-8.6332e-06
-1.4529e-06
-9.6451e-06

bfIter: 3**************************
init:
	0.822648  0.0720478
dst: 
	0.822648  0.0720478
detJac: 
	1.35842e-05
jac:
 -0.754281 -0.0924945  0.0433708
  -1.24761  -0.530315  0.0269714
         0          0          0
jacP:
-0.431863     1.045   1.61029
-0.125385   1.51165   1.36351
        0         0         0
df:
  -1.75428 -0.0924945    1.61029
  -1.24761   -1.53031    1.36351
  -199.911   -105.335   -26.6624
f:
-1.02734e-08
-3.95164e-09
 1.35842e-05
h:
-5.30092e-08
-1.19519e-08
-6.48156e-08

bfIter: 4**************************
init:
	0.822648  0.0720478
dst: 
	0.822648  0.0720478
detJac: 
	-4.08976e-07
jac:
 -0.754293 -0.0925006  0.0433709
  -1.24761  -0.530317  0.0269714
        -0          0          0
jacP:
-0.431863     1.045   1.61029
-0.125385   1.51165   1.36351
        0         0         0
df:
  -1.75429 -0.0925006    1.61029
  -1.24761   -1.53032    1.36351
  -199.823   -105.285   -26.6483
f:
-3.94129e-13
-1.50394e-13
-4.08976e-07
h:
1.66022e-09
 2.7181e-10
1.82405e-09

bfIter: 1**************************
init:
	0.822648  0.0720478
dst: 
	-0.87235  0.222351
detJac: 
	0.315289
jac:
 -0.523872  -0.392116 -0.0089725
  0.130705  -0.445449 -0.0624873
         0          0          0
jacP:
  1.95636   4.57162  -1.93519
-0.186405 -0.392116  0.776615
        0         0         0
df:
 -1.52387 -0.392116  -1.93519
 0.130705  -1.44545  0.776615
 -73751.9  -73565.2    201687
f:
  -1.695
0.150303
0.315289
h:
0.700259
0.120542
0.300036

bfIter: 2**************************
init:
	0.122389  -0.0484942
dst: 
	0.122389  -0.0484942
detJac: 
	0.315289
jac:
 -0.523872  -0.392116 -0.0887892
  0.130705  -0.445449 -0.0656671
         0          0          0
jacP:
-0.282767   4.57162  -1.93519
-0.275157 -0.392116  0.776615
        0         0         0
df:
 -1.52387 -0.392116  -1.93519
 0.130705  -1.44545  0.776615
        0         0         0
f:
-1.47917e-11
 7.12719e-12
    0.315289
h:
           0
-7.43141e-13
 7.79411e-12

bfIter: 3**************************
init:
	0.122389  -0.0484942
dst: 
	0.122389  -0.0484942
detJac: 
	0.315289
jac:
 -0.523872  -0.392116 -0.0887892
  0.130705  -0.445449 -0.0656671
         0          0          0
jacP:
-0.282767   4.57162  -1.93519
-0.275157 -0.392116  0.776615
        0         0         0
df:
 -1.52387 -0.392116  -1.93519
 0.130705  -1.44545  0.776615
        0         0         0
f:
 6.93889e-17
-6.93889e-18
    0.315289
h:
           0
-1.30444e-17
-3.32133e-17

bfIter: 4**************************
init:
	0.122389  -0.0484942
dst: 
	0.122389  -0.0484942
detJac: 
	0.315289
jac:
 -0.523872  -0.392116 -0.0887892
  0.130705  -0.445449 -0.0656671
         0          0          0
jacP:
-0.282767   4.57162  -1.93519
-0.275157 -0.392116  0.776615
        0         0         0
df:
 -1.52387 -0.392116  -1.93519
 0.130705  -1.44545  0.776615
        0         0         0
f:
 6.93889e-17
-2.77556e-17
    0.315289
h:
           0
-5.68029e-20
-3.58449e-17

bfIter: 5**************************
init:
	0.122389  -0.0484942
dst: 
	0.122389  -0.0484942
detJac: 
	0.315289
jac:
 -0.523872  -0.392116 -0.0887892
  0.130705  -0.445449 -0.0656671
         0          0          0
jacP:
-0.282767   4.57162  -1.93519
-0.275157 -0.392116  0.776615
        0         0         0
df:
 -1.52387 -0.392116  -1.93519
 0.130705  -1.44545  0.776615
        0         0         0
f:
-6.93889e-17
-2.08167e-17
    0.315289
h:
          0
3.03613e-17
2.97045e-17

bfIter: 6**************************
init:
	0.122389  -0.0484942
dst: 
	0.122389  -0.0484942
detJac: 
	0.315289
jac:
 -0.523872  -0.392116 -0.0887892
  0.130705  -0.445449 -0.0656671
         0          0          0
jacP:
-0.282767   4.57162  -1.93519
-0.275157 -0.392116  0.776615
        0         0         0
df:
 -1.52387 -0.392116  -1.93519
 0.130705  -1.44545  0.776615
        0         0         0
f:
6.93889e-17
6.93889e-18
   0.315289
h:
           0
-2.17028e-17
-3.14589e-17

bfIter: 7**************************
init:
	0.122389  -0.0484942
dst: 
	0.122389  -0.0484942
detJac: 
	0.315289
jac:
 -0.523872  -0.392116 -0.0887892
  0.130705  -0.445449 -0.0656671
         0          0          0
jacP:
-0.282767   4.57162  -1.93519
-0.275157 -0.392116  0.776615
        0         0         0
df:
 -1.52387 -0.392116  -1.93519
 0.130705  -1.44545  0.776615
        0         0         0
f:
-6.93889e-17
-1.38778e-17
    0.315289
h:
          0
 2.6032e-17
3.05817e-17

bfIter: 8**************************
init:
	0.122389  -0.0484942
dst: 
	0.122389  -0.0484942
detJac: 
	0.315289
jac:
 -0.523872  -0.392116 -0.0887892
  0.130705  -0.445449 -0.0656671
         0          0          0
jacP:
-0.282767   4.57162  -1.93519
-0.275157 -0.392116  0.776615
        0         0         0
df:
 -1.52387 -0.392116  -1.93519
 0.130705  -1.44545  0.776615
        0         0         0
f:
9.71445e-17
4.16334e-17
   0.315289
h:
           0
-5.02983e-17
-4.00073e-17

bfIter: 9**************************
init:
	0.122389  -0.0484942
dst: 
	0.122389  -0.0484942
detJac: 
	0.315289
jac:
 -0.523872  -0.392116 -0.0887892
  0.130705  -0.445449 -0.0656671
         0          0          0
jacP:
-0.282767   4.57162  -1.93519
-0.275157 -0.392116  0.776615
        0         0         0
df:
 -1.52387 -0.392116  -1.93519
 0.130705  -1.44545  0.776615
        0         0         0
f:
-4.16334e-17
 6.93889e-18
    0.315289
h:
          0
6.09497e-18
2.02789e-17

bfIter: 10**************************
init:
	0.122389  -0.0484942
dst: 
	0.122389  -0.0484942
detJac: 
	0.315289
jac:
 -0.523872  -0.392116 -0.0887892
  0.130705  -0.445449 -0.0656671
         0          0          0
jacP:
-0.282767   4.57162  -1.93519
-0.275157 -0.392116  0.776615
        0         0         0
df:
 -1.52387 -0.392116  -1.93519
 0.130705  -1.44545  0.776615
        0         0         0
f:
  -1.249e-16
-2.08167e-17
    0.315289
h:
          0
4.42602e-17
5.55734e-17

